[2026-04-12T15:06:07.644+0000] {local_task_job_runner.py:120} INFO - ::group::Pre task execution logs
[2026-04-12T15:06:07.672+0000] {taskinstance.py:2076} INFO - Dependencies all met for dep_context=non-requeueable deps ti=<TaskInstance: mls_ingest_pipeline.run_ingest_pipeline manual__2026-04-12T15:06:04+00:00 [queued]>
[2026-04-12T15:06:07.677+0000] {taskinstance.py:2076} INFO - Dependencies all met for dep_context=requeueable deps ti=<TaskInstance: mls_ingest_pipeline.run_ingest_pipeline manual__2026-04-12T15:06:04+00:00 [queued]>
[2026-04-12T15:06:07.677+0000] {taskinstance.py:2306} INFO - Starting attempt 1 of 2
[2026-04-12T15:06:07.687+0000] {taskinstance.py:2330} INFO - Executing <Task(BashOperator): run_ingest_pipeline> on 2026-04-12 15:06:04+00:00
[2026-04-12T15:06:07.693+0000] {standard_task_runner.py:64} INFO - Started process 85 to run task
[2026-04-12T15:06:07.695+0000] {standard_task_runner.py:90} INFO - Running: ['airflow', 'tasks', 'run', 'mls_ingest_pipeline', 'run_ingest_pipeline', 'manual__2026-04-12T15:06:04+00:00', '--job-id', '5', '--raw', '--subdir', 'DAGS_FOLDER/mls_ingest_dag.py', '--cfg-path', '/tmp/tmpqg81_xmk']
[2026-04-12T15:06:07.696+0000] {standard_task_runner.py:91} INFO - Job 5: Subtask run_ingest_pipeline
[2026-04-12T15:06:07.748+0000] {task_command.py:426} INFO - Running <TaskInstance: mls_ingest_pipeline.run_ingest_pipeline manual__2026-04-12T15:06:04+00:00 [running]> on host 2c7e95bde14d
[2026-04-12T15:06:07.819+0000] {taskinstance.py:2648} INFO - Exporting env vars: AIRFLOW_CTX_DAG_OWNER='rohan' AIRFLOW_CTX_DAG_ID='mls_ingest_pipeline' AIRFLOW_CTX_TASK_ID='run_ingest_pipeline' AIRFLOW_CTX_EXECUTION_DATE='2026-04-12T15:06:04+00:00' AIRFLOW_CTX_TRY_NUMBER='1' AIRFLOW_CTX_DAG_RUN_ID='manual__2026-04-12T15:06:04+00:00'
[2026-04-12T15:06:07.820+0000] {taskinstance.py:430} INFO - ::endgroup::
[2026-04-12T15:06:07.834+0000] {subprocess.py:63} INFO - Tmp dir root location: /tmp
[2026-04-12T15:06:07.835+0000] {subprocess.py:75} INFO - Running command: ['/usr/bin/bash', '-c', 'cd /opt/sportsapp && python3 ingest/ingest_pipeline.py']
[2026-04-12T15:06:07.844+0000] {subprocess.py:86} INFO - Output:
[2026-04-12T15:06:23.520+0000] {subprocess.py:93} INFO - Schema creation sql: CREATE SCHEMA IF NOT EXISTS mls_analysis;
[2026-04-12T15:06:23.520+0000] {subprocess.py:93} INFO -                 team  ...                                           logo_url
[2026-04-12T15:06:23.521+0000] {subprocess.py:93} INFO - 0  Atlanta United FC  ...  https://upload.wikimedia.org/wikipedia/en/thum...
[2026-04-12T15:06:23.521+0000] {subprocess.py:93} INFO - 1          Austin FC  ...  https://upload.wikimedia.org/wikipedia/en/thum...
[2026-04-12T15:06:23.521+0000] {subprocess.py:93} INFO - 2        CF Montréal  ...  https://upload.wikimedia.org/wikipedia/en/thum...
[2026-04-12T15:06:23.521+0000] {subprocess.py:93} INFO - 3       Charlotte FC  ...  https://upload.wikimedia.org/wikipedia/en/thum...
[2026-04-12T15:06:23.522+0000] {subprocess.py:93} INFO - 4    Chicago Fire FC  ...  https://upload.wikimedia.org/wikipedia/commons...
[2026-04-12T15:06:23.522+0000] {subprocess.py:93} INFO - 
[2026-04-12T15:06:23.522+0000] {subprocess.py:93} INFO - [5 rows x 12 columns]
[2026-04-12T15:06:23.522+0000] {subprocess.py:93} INFO - Total census rows pulled: 32330
[2026-04-12T15:06:23.523+0000] {subprocess.py:93} INFO -          city    state state_code  ...  education  median_age  unemployment
[2026-04-12T15:06:23.523+0000] {subprocess.py:93} INFO - 0      Abanda  Alabama         01  ...         41        24.5             0
[2026-04-12T15:06:23.523+0000] {subprocess.py:93} INFO - 1   Abbeville  Alabama         01  ...        175        51.2            58
[2026-04-12T15:06:23.523+0000] {subprocess.py:93} INFO - 2  Adamsville  Alabama         01  ...        333        41.1            42
[2026-04-12T15:06:23.523+0000] {subprocess.py:93} INFO - 3     Addison  Alabama         01  ...         16        41.5             0
[2026-04-12T15:06:23.524+0000] {subprocess.py:93} INFO - 4       Akron  Alabama         01  ...          4        39.8            14
[2026-04-12T15:06:23.524+0000] {subprocess.py:93} INFO - 
[2026-04-12T15:06:23.524+0000] {subprocess.py:93} INFO - [5 rows x 8 columns]
[2026-04-12T15:06:23.524+0000] {subprocess.py:93} INFO - Cleaned census rows: 32213
[2026-04-12T15:06:23.524+0000] {subprocess.py:93} INFO - Total games pulled: 103
[2026-04-12T15:06:23.600+0000] {subprocess.py:97} INFO - Command exited with return code 0
[2026-04-12T15:06:23.601+0000] {taskinstance.py:441} INFO - ::group::Post task execution logs
[2026-04-12T15:06:23.624+0000] {taskinstance.py:1206} INFO - Marking task as SUCCESS. dag_id=mls_ingest_pipeline, task_id=run_ingest_pipeline, run_id=manual__2026-04-12T15:06:04+00:00, execution_date=20260412T150604, start_date=20260412T150607, end_date=20260412T150623
[2026-04-12T15:06:23.765+0000] {local_task_job_runner.py:243} INFO - Task exited with return code 0
[2026-04-12T15:06:23.777+0000] {taskinstance.py:3503} INFO - 0 downstream tasks scheduled from follow-on schedule check
[2026-04-12T15:06:23.780+0000] {local_task_job_runner.py:222} INFO - ::endgroup::
