[2026-04-05T05:16:43.361+0000] {local_task_job_runner.py:120} INFO - ::group::Pre task execution logs
[2026-04-05T05:16:43.369+0000] {taskinstance.py:2076} INFO - Dependencies all met for dep_context=non-requeueable deps ti=<TaskInstance: mls_ingest_pipeline.run_ingest_pipeline manual__2026-04-05T05:16:41.412049+00:00 [queued]>
[2026-04-05T05:16:43.371+0000] {taskinstance.py:2076} INFO - Dependencies all met for dep_context=requeueable deps ti=<TaskInstance: mls_ingest_pipeline.run_ingest_pipeline manual__2026-04-05T05:16:41.412049+00:00 [queued]>
[2026-04-05T05:16:43.371+0000] {taskinstance.py:2306} INFO - Starting attempt 1 of 2
[2026-04-05T05:16:43.374+0000] {taskinstance.py:2330} INFO - Executing <Task(BashOperator): run_ingest_pipeline> on 2026-04-05 05:16:41.412049+00:00
[2026-04-05T05:16:43.375+0000] {standard_task_runner.py:64} INFO - Started process 163 to run task
[2026-04-05T05:16:43.376+0000] {standard_task_runner.py:90} INFO - Running: ['airflow', 'tasks', 'run', 'mls_ingest_pipeline', 'run_ingest_pipeline', 'manual__2026-04-05T05:16:41.412049+00:00', '--job-id', '6', '--raw', '--subdir', 'DAGS_FOLDER/mls_ingest_dag.py', '--cfg-path', '/tmp/tmpx7386sa9']
[2026-04-05T05:16:43.377+0000] {standard_task_runner.py:91} INFO - Job 6: Subtask run_ingest_pipeline
[2026-04-05T05:16:43.392+0000] {task_command.py:426} INFO - Running <TaskInstance: mls_ingest_pipeline.run_ingest_pipeline manual__2026-04-05T05:16:41.412049+00:00 [running]> on host a8955310113e
[2026-04-05T05:16:43.415+0000] {taskinstance.py:2648} INFO - Exporting env vars: AIRFLOW_CTX_DAG_OWNER='rohan' AIRFLOW_CTX_DAG_ID='mls_ingest_pipeline' AIRFLOW_CTX_TASK_ID='run_ingest_pipeline' AIRFLOW_CTX_EXECUTION_DATE='2026-04-05T05:16:41.412049+00:00' AIRFLOW_CTX_TRY_NUMBER='1' AIRFLOW_CTX_DAG_RUN_ID='manual__2026-04-05T05:16:41.412049+00:00'
[2026-04-05T05:16:43.415+0000] {taskinstance.py:430} INFO - ::endgroup::
[2026-04-05T05:16:43.419+0000] {subprocess.py:63} INFO - Tmp dir root location: /tmp
[2026-04-05T05:16:43.420+0000] {subprocess.py:75} INFO - Running command: ['/usr/bin/bash', '-c', 'cd /opt/sportsapp && python3 ingest/ingest_pipeline.py']
[2026-04-05T05:16:43.422+0000] {subprocess.py:86} INFO - Output:
[2026-04-05T05:16:49.382+0000] {subprocess.py:93} INFO - Schema creation sql: CREATE SCHEMA IF NOT EXISTS mls_analysis;
[2026-04-05T05:16:49.383+0000] {subprocess.py:93} INFO -                 team  ...                                           logo_url
[2026-04-05T05:16:49.383+0000] {subprocess.py:93} INFO - 0  Atlanta United FC  ...  https://upload.wikimedia.org/wikipedia/en/thum...
[2026-04-05T05:16:49.386+0000] {subprocess.py:93} INFO - 1          Austin FC  ...  https://upload.wikimedia.org/wikipedia/en/thum...
[2026-04-05T05:16:49.386+0000] {subprocess.py:93} INFO - 2        CF Montréal  ...  https://upload.wikimedia.org/wikipedia/en/thum...
[2026-04-05T05:16:49.386+0000] {subprocess.py:93} INFO - 3       Charlotte FC  ...  https://upload.wikimedia.org/wikipedia/en/thum...
[2026-04-05T05:16:49.386+0000] {subprocess.py:93} INFO - 4    Chicago Fire FC  ...  https://upload.wikimedia.org/wikipedia/commons...
[2026-04-05T05:16:49.386+0000] {subprocess.py:93} INFO - 
[2026-04-05T05:16:49.386+0000] {subprocess.py:93} INFO - [5 rows x 12 columns]
[2026-04-05T05:16:49.386+0000] {subprocess.py:93} INFO - Total census rows pulled: 32330
[2026-04-05T05:16:49.386+0000] {subprocess.py:93} INFO -          city    state  population  ...  education   age  unemployment
[2026-04-05T05:16:49.386+0000] {subprocess.py:93} INFO - 0      Abanda  Alabama         257  ...         41  24.5             0
[2026-04-05T05:16:49.387+0000] {subprocess.py:93} INFO - 1   Abbeville  Alabama        2748  ...        175  51.2            58
[2026-04-05T05:16:49.387+0000] {subprocess.py:93} INFO - 2  Adamsville  Alabama        4266  ...        333  41.1            42
[2026-04-05T05:16:49.387+0000] {subprocess.py:93} INFO - 3     Addison  Alabama         649  ...         16  41.5             0
[2026-04-05T05:16:49.387+0000] {subprocess.py:93} INFO - 4       Akron  Alabama         243  ...          4  39.8            14
[2026-04-05T05:16:49.387+0000] {subprocess.py:93} INFO - 
[2026-04-05T05:16:49.387+0000] {subprocess.py:93} INFO - [5 rows x 7 columns]
[2026-04-05T05:16:49.387+0000] {subprocess.py:93} INFO - Cleaned census rows: 32213
[2026-04-05T05:16:49.387+0000] {subprocess.py:93} INFO - Traceback (most recent call last):
[2026-04-05T05:16:49.387+0000] {subprocess.py:93} INFO -   File "/opt/sportsapp/ingest/ingest_pipeline.py", line 48, in <module>
[2026-04-05T05:16:49.387+0000] {subprocess.py:93} INFO -     main()
[2026-04-05T05:16:49.387+0000] {subprocess.py:93} INFO -   File "/opt/sportsapp/ingest/ingest_pipeline.py", line 45, in main
[2026-04-05T05:16:49.387+0000] {subprocess.py:93} INFO -     IngestPipeline().ingest_all()
[2026-04-05T05:16:49.388+0000] {subprocess.py:93} INFO -   File "/opt/sportsapp/ingest/ingest_pipeline.py", line 33, in ingest_all
[2026-04-05T05:16:49.388+0000] {subprocess.py:93} INFO -     ingester.ingest()
[2026-04-05T05:16:49.388+0000] {subprocess.py:93} INFO -   File "/opt/sportsapp/ingest/CensusIngester.py", line 28, in ingest
[2026-04-05T05:16:49.388+0000] {subprocess.py:93} INFO -     self.load_into_pg(payload)
[2026-04-05T05:16:49.388+0000] {subprocess.py:93} INFO -   File "/opt/sportsapp/ingest/CensusIngester.py", line 100, in load_into_pg
[2026-04-05T05:16:49.388+0000] {subprocess.py:93} INFO -     with open(CENSUS_CREATE, "r") as f:
[2026-04-05T05:16:49.388+0000] {subprocess.py:93} INFO -          ^^^^^^^^^^^^^^^^^^^^^^^^
[2026-04-05T05:16:49.388+0000] {subprocess.py:93} INFO - FileNotFoundError: [Errno 2] No such file or directory: '/opt/sportsapp/ingest/ingest/sql/census_create.sql'
[2026-04-05T05:16:49.422+0000] {subprocess.py:97} INFO - Command exited with return code 1
[2026-04-05T05:16:49.425+0000] {taskinstance.py:441} INFO - ::group::Post task execution logs
[2026-04-05T05:16:49.431+0000] {taskinstance.py:2905} ERROR - Task failed with exception
Traceback (most recent call last):
  File "/home/airflow/.local/lib/python3.12/site-packages/airflow/models/taskinstance.py", line 465, in _execute_task
    result = _execute_callable(context=context, **execute_callable_kwargs)
             ^^^^^^^^^^^^^^^^^^^^^^^^^^^^^^^^^^^^^^^^^^^^^^^^^^^^^^^^^^^^^
  File "/home/airflow/.local/lib/python3.12/site-packages/airflow/models/taskinstance.py", line 432, in _execute_callable
    return execute_callable(context=context, **execute_callable_kwargs)
           ^^^^^^^^^^^^^^^^^^^^^^^^^^^^^^^^^^^^^^^^^^^^^^^^^^^^^^^^^^^^
  File "/home/airflow/.local/lib/python3.12/site-packages/airflow/models/baseoperator.py", line 401, in wrapper
    return func(self, *args, **kwargs)
           ^^^^^^^^^^^^^^^^^^^^^^^^^^^
  File "/home/airflow/.local/lib/python3.12/site-packages/airflow/operators/bash.py", line 243, in execute
    raise AirflowException(
airflow.exceptions.AirflowException: Bash command failed. The command returned a non-zero exit code 1.
[2026-04-05T05:16:49.433+0000] {taskinstance.py:1206} INFO - Marking task as UP_FOR_RETRY. dag_id=mls_ingest_pipeline, task_id=run_ingest_pipeline, run_id=manual__2026-04-05T05:16:41.412049+00:00, execution_date=20260405T051641, start_date=20260405T051643, end_date=20260405T051649
[2026-04-05T05:16:49.437+0000] {standard_task_runner.py:110} ERROR - Failed to execute job 6 for task run_ingest_pipeline (Bash command failed. The command returned a non-zero exit code 1.; 163)
[2026-04-05T05:16:49.466+0000] {local_task_job_runner.py:243} INFO - Task exited with return code 1
[2026-04-05T05:16:49.473+0000] {taskinstance.py:3503} INFO - 0 downstream tasks scheduled from follow-on schedule check
[2026-04-05T05:16:49.473+0000] {local_task_job_runner.py:222} INFO - ::endgroup::
