[2026-04-05T05:21:51.167+0000] {local_task_job_runner.py:120} INFO - ::group::Pre task execution logs
[2026-04-05T05:21:51.175+0000] {taskinstance.py:2076} INFO - Dependencies all met for dep_context=non-requeueable deps ti=<TaskInstance: mls_ingest_pipeline.run_ingest_pipeline manual__2026-04-05T05:16:41.412049+00:00 [queued]>
[2026-04-05T05:21:51.177+0000] {taskinstance.py:2076} INFO - Dependencies all met for dep_context=requeueable deps ti=<TaskInstance: mls_ingest_pipeline.run_ingest_pipeline manual__2026-04-05T05:16:41.412049+00:00 [queued]>
[2026-04-05T05:21:51.177+0000] {taskinstance.py:2306} INFO - Starting attempt 2 of 2
[2026-04-05T05:21:51.180+0000] {taskinstance.py:2330} INFO - Executing <Task(BashOperator): run_ingest_pipeline> on 2026-04-05 05:16:41.412049+00:00
[2026-04-05T05:21:51.181+0000] {standard_task_runner.py:64} INFO - Started process 195 to run task
[2026-04-05T05:21:51.183+0000] {standard_task_runner.py:90} INFO - Running: ['airflow', 'tasks', 'run', 'mls_ingest_pipeline', 'run_ingest_pipeline', 'manual__2026-04-05T05:16:41.412049+00:00', '--job-id', '7', '--raw', '--subdir', 'DAGS_FOLDER/mls_ingest_dag.py', '--cfg-path', '/tmp/tmpja6damux']
[2026-04-05T05:21:51.183+0000] {standard_task_runner.py:91} INFO - Job 7: Subtask run_ingest_pipeline
[2026-04-05T05:21:51.199+0000] {task_command.py:426} INFO - Running <TaskInstance: mls_ingest_pipeline.run_ingest_pipeline manual__2026-04-05T05:16:41.412049+00:00 [running]> on host a8955310113e
[2026-04-05T05:21:51.223+0000] {taskinstance.py:2648} INFO - Exporting env vars: AIRFLOW_CTX_DAG_OWNER='rohan' AIRFLOW_CTX_DAG_ID='mls_ingest_pipeline' AIRFLOW_CTX_TASK_ID='run_ingest_pipeline' AIRFLOW_CTX_EXECUTION_DATE='2026-04-05T05:16:41.412049+00:00' AIRFLOW_CTX_TRY_NUMBER='2' AIRFLOW_CTX_DAG_RUN_ID='manual__2026-04-05T05:16:41.412049+00:00'
[2026-04-05T05:21:51.224+0000] {taskinstance.py:430} INFO - ::endgroup::
[2026-04-05T05:21:51.228+0000] {subprocess.py:63} INFO - Tmp dir root location: /tmp
[2026-04-05T05:21:51.229+0000] {subprocess.py:75} INFO - Running command: ['/usr/bin/bash', '-c', 'cd /opt/sportsapp && python3 ingest/ingest_pipeline.py']
[2026-04-05T05:21:51.230+0000] {subprocess.py:86} INFO - Output:
[2026-04-05T05:21:57.193+0000] {subprocess.py:93} INFO - Schema creation sql: CREATE SCHEMA IF NOT EXISTS mls_analysis;
[2026-04-05T05:21:57.193+0000] {subprocess.py:93} INFO -                 team  ...                                           logo_url
[2026-04-05T05:21:57.193+0000] {subprocess.py:93} INFO - 0  Atlanta United FC  ...  https://upload.wikimedia.org/wikipedia/en/thum...
[2026-04-05T05:21:57.196+0000] {subprocess.py:93} INFO - 1          Austin FC  ...  https://upload.wikimedia.org/wikipedia/en/thum...
[2026-04-05T05:21:57.197+0000] {subprocess.py:93} INFO - 2        CF Montréal  ...  https://upload.wikimedia.org/wikipedia/en/thum...
[2026-04-05T05:21:57.197+0000] {subprocess.py:93} INFO - 3       Charlotte FC  ...  https://upload.wikimedia.org/wikipedia/en/thum...
[2026-04-05T05:21:57.197+0000] {subprocess.py:93} INFO - 4    Chicago Fire FC  ...  https://upload.wikimedia.org/wikipedia/commons...
[2026-04-05T05:21:57.197+0000] {subprocess.py:93} INFO - 
[2026-04-05T05:21:57.197+0000] {subprocess.py:93} INFO - [5 rows x 12 columns]
[2026-04-05T05:21:57.197+0000] {subprocess.py:93} INFO - Total census rows pulled: 32330
[2026-04-05T05:21:57.197+0000] {subprocess.py:93} INFO -          city    state  population  ...  education   age  unemployment
[2026-04-05T05:21:57.197+0000] {subprocess.py:93} INFO - 0      Abanda  Alabama         257  ...         41  24.5             0
[2026-04-05T05:21:57.197+0000] {subprocess.py:93} INFO - 1   Abbeville  Alabama        2748  ...        175  51.2            58
[2026-04-05T05:21:57.197+0000] {subprocess.py:93} INFO - 2  Adamsville  Alabama        4266  ...        333  41.1            42
[2026-04-05T05:21:57.197+0000] {subprocess.py:93} INFO - 3     Addison  Alabama         649  ...         16  41.5             0
[2026-04-05T05:21:57.197+0000] {subprocess.py:93} INFO - 4       Akron  Alabama         243  ...          4  39.8            14
[2026-04-05T05:21:57.197+0000] {subprocess.py:93} INFO - 
[2026-04-05T05:21:57.197+0000] {subprocess.py:93} INFO - [5 rows x 7 columns]
[2026-04-05T05:21:57.197+0000] {subprocess.py:93} INFO - Cleaned census rows: 32213
[2026-04-05T05:21:57.197+0000] {subprocess.py:93} INFO - Traceback (most recent call last):
[2026-04-05T05:21:57.198+0000] {subprocess.py:93} INFO -   File "/opt/sportsapp/ingest/ingest_pipeline.py", line 48, in <module>
[2026-04-05T05:21:57.198+0000] {subprocess.py:93} INFO -     main()
[2026-04-05T05:21:57.198+0000] {subprocess.py:93} INFO -   File "/opt/sportsapp/ingest/ingest_pipeline.py", line 45, in main
[2026-04-05T05:21:57.198+0000] {subprocess.py:93} INFO -     IngestPipeline().ingest_all()
[2026-04-05T05:21:57.198+0000] {subprocess.py:93} INFO -   File "/opt/sportsapp/ingest/ingest_pipeline.py", line 33, in ingest_all
[2026-04-05T05:21:57.198+0000] {subprocess.py:93} INFO -     ingester.ingest()
[2026-04-05T05:21:57.198+0000] {subprocess.py:93} INFO -   File "/opt/sportsapp/ingest/CensusIngester.py", line 28, in ingest
[2026-04-05T05:21:57.198+0000] {subprocess.py:93} INFO -     self.load_into_pg(payload)
[2026-04-05T05:21:57.199+0000] {subprocess.py:93} INFO -   File "/opt/sportsapp/ingest/CensusIngester.py", line 108, in load_into_pg
[2026-04-05T05:21:57.201+0000] {subprocess.py:93} INFO -     self.cur.copy_expert(f.read(), buffer)
[2026-04-05T05:21:57.201+0000] {subprocess.py:93} INFO - psycopg2.errors.BadCopyFileFormat: missing data for column "unemployment"
[2026-04-05T05:21:57.201+0000] {subprocess.py:93} INFO - CONTEXT:  COPY staging_census, line 2: "Abanda,Alabama,257,115388,41,24.5,0"
[2026-04-05T05:21:57.201+0000] {subprocess.py:93} INFO - 
[2026-04-05T05:21:57.229+0000] {subprocess.py:97} INFO - Command exited with return code 1
[2026-04-05T05:21:57.229+0000] {taskinstance.py:441} INFO - ::group::Post task execution logs
[2026-04-05T05:21:57.233+0000] {taskinstance.py:2905} ERROR - Task failed with exception
Traceback (most recent call last):
  File "/home/airflow/.local/lib/python3.12/site-packages/airflow/models/taskinstance.py", line 465, in _execute_task
    result = _execute_callable(context=context, **execute_callable_kwargs)
             ^^^^^^^^^^^^^^^^^^^^^^^^^^^^^^^^^^^^^^^^^^^^^^^^^^^^^^^^^^^^^
  File "/home/airflow/.local/lib/python3.12/site-packages/airflow/models/taskinstance.py", line 432, in _execute_callable
    return execute_callable(context=context, **execute_callable_kwargs)
           ^^^^^^^^^^^^^^^^^^^^^^^^^^^^^^^^^^^^^^^^^^^^^^^^^^^^^^^^^^^^
  File "/home/airflow/.local/lib/python3.12/site-packages/airflow/models/baseoperator.py", line 401, in wrapper
    return func(self, *args, **kwargs)
           ^^^^^^^^^^^^^^^^^^^^^^^^^^^
  File "/home/airflow/.local/lib/python3.12/site-packages/airflow/operators/bash.py", line 243, in execute
    raise AirflowException(
airflow.exceptions.AirflowException: Bash command failed. The command returned a non-zero exit code 1.
[2026-04-05T05:21:57.234+0000] {taskinstance.py:1206} INFO - Marking task as FAILED. dag_id=mls_ingest_pipeline, task_id=run_ingest_pipeline, run_id=manual__2026-04-05T05:16:41.412049+00:00, execution_date=20260405T051641, start_date=20260405T052151, end_date=20260405T052157
[2026-04-05T05:21:57.238+0000] {standard_task_runner.py:110} ERROR - Failed to execute job 7 for task run_ingest_pipeline (Bash command failed. The command returned a non-zero exit code 1.; 195)
[2026-04-05T05:21:57.259+0000] {local_task_job_runner.py:243} INFO - Task exited with return code 1
[2026-04-05T05:21:57.264+0000] {taskinstance.py:3503} INFO - 0 downstream tasks scheduled from follow-on schedule check
[2026-04-05T05:21:57.265+0000] {local_task_job_runner.py:222} INFO - ::endgroup::
