[2026-04-09T01:03:51.995+0000] {manager.py:470} INFO - Processing files using up to 2 processes at a time 
[2026-04-09T01:03:51.996+0000] {manager.py:471} INFO - Process each file at most once every 30 seconds
[2026-04-09T01:03:51.997+0000] {manager.py:472} INFO - Checking for new files in /opt/airflow/dags every 300 seconds
[2026-04-09T01:03:51.998+0000] {manager.py:737} INFO - Searching for files in /opt/airflow/dags
[2026-04-09T01:03:52.016+0000] {manager.py:740} INFO - There are 1 files in /opt/airflow/dags
[2026-04-09T01:03:52.107+0000] {manager.py:878} INFO - 
================================================================================
DAG File Processing Stats

File Path                              PID  Runtime      # DAGs    # Errors  Last Runtime    Last Run
-----------------------------------  -----  ---------  --------  ----------  --------------  ----------
/opt/airflow/dags/mls_ingest_dag.py     49  0.05s             0           0
================================================================================
[2026-04-09T01:04:22.235+0000] {manager.py:878} INFO - 
================================================================================
DAG File Processing Stats

File Path                            PID    Runtime      # DAGs    # Errors  Last Runtime    Last Run
-----------------------------------  -----  ---------  --------  ----------  --------------  -------------------
/opt/airflow/dags/mls_ingest_dag.py                           1           0  0.45s           2026-04-09T01:03:52
================================================================================
[2026-04-09T01:04:52.778+0000] {manager.py:878} INFO - 
================================================================================
DAG File Processing Stats

File Path                            PID    Runtime      # DAGs    # Errors  Last Runtime    Last Run
-----------------------------------  -----  ---------  --------  ----------  --------------  -------------------
/opt/airflow/dags/mls_ingest_dag.py                           1           0  0.14s           2026-04-09T01:04:22
================================================================================
[2026-04-09T01:05:23.044+0000] {manager.py:878} INFO - 
================================================================================
DAG File Processing Stats

File Path                            PID    Runtime      # DAGs    # Errors  Last Runtime    Last Run
-----------------------------------  -----  ---------  --------  ----------  --------------  -------------------
/opt/airflow/dags/mls_ingest_dag.py                           1           0  0.14s           2026-04-09T01:04:53
================================================================================
[2026-04-09T01:05:53.307+0000] {manager.py:878} INFO - 
================================================================================
DAG File Processing Stats

File Path                              PID  Runtime      # DAGs    # Errors  Last Runtime    Last Run
-----------------------------------  -----  ---------  --------  ----------  --------------  -------------------
/opt/airflow/dags/mls_ingest_dag.py     53  0.01s             1           0  0.12s           2026-04-09T01:05:23
================================================================================
[2026-04-09T01:06:23.551+0000] {manager.py:878} INFO - 
================================================================================
DAG File Processing Stats

File Path                              PID  Runtime      # DAGs    # Errors  Last Runtime    Last Run
-----------------------------------  -----  ---------  --------  ----------  --------------  -------------------
/opt/airflow/dags/mls_ingest_dag.py     54  0.01s             1           0  0.12s           2026-04-09T01:05:53
================================================================================
[2026-04-09T01:06:53.737+0000] {manager.py:878} INFO - 
================================================================================
DAG File Processing Stats

File Path                              PID  Runtime      # DAGs    # Errors  Last Runtime    Last Run
-----------------------------------  -----  ---------  --------  ----------  --------------  -------------------
/opt/airflow/dags/mls_ingest_dag.py     55  0.00s             1           0  0.13s           2026-04-09T01:06:23
================================================================================
[2026-04-09T01:07:23.926+0000] {manager.py:878} INFO - 
================================================================================
DAG File Processing Stats

File Path                              PID  Runtime      # DAGs    # Errors  Last Runtime    Last Run
-----------------------------------  -----  ---------  --------  ----------  --------------  -------------------
/opt/airflow/dags/mls_ingest_dag.py     56  0.00s             1           0  0.14s           2026-04-09T01:06:53
================================================================================
[2026-04-09T01:07:24.794+0000] {manager.py:452} INFO - Exiting gracefully upon receiving signal 15
[2026-04-09T01:19:58.967+0000] {manager.py:470} INFO - Processing files using up to 2 processes at a time 
[2026-04-09T01:19:58.968+0000] {manager.py:471} INFO - Process each file at most once every 30 seconds
[2026-04-09T01:19:58.969+0000] {manager.py:472} INFO - Checking for new files in /opt/airflow/dags every 300 seconds
[2026-04-09T01:19:58.970+0000] {manager.py:737} INFO - Searching for files in /opt/airflow/dags
[2026-04-09T01:19:58.985+0000] {manager.py:740} INFO - There are 1 files in /opt/airflow/dags
[2026-04-09T01:19:59.075+0000] {manager.py:878} INFO - 
================================================================================
DAG File Processing Stats

File Path                              PID  Runtime      # DAGs    # Errors  Last Runtime    Last Run
-----------------------------------  -----  ---------  --------  ----------  --------------  ----------
/opt/airflow/dags/mls_ingest_dag.py     49  0.04s             0           0
================================================================================
[2026-04-09T01:20:29.216+0000] {manager.py:878} INFO - 
================================================================================
DAG File Processing Stats

File Path                              PID  Runtime      # DAGs    # Errors  Last Runtime    Last Run
-----------------------------------  -----  ---------  --------  ----------  --------------  -------------------
/opt/airflow/dags/mls_ingest_dag.py     50  0.01s             1           0  0.15s           2026-04-09T01:19:59
================================================================================
[2026-04-09T01:20:59.417+0000] {manager.py:878} INFO - 
================================================================================
DAG File Processing Stats

File Path                            PID    Runtime      # DAGs    # Errors  Last Runtime    Last Run
-----------------------------------  -----  ---------  --------  ----------  --------------  -------------------
/opt/airflow/dags/mls_ingest_dag.py                           1           0  0.31s           2026-04-09T01:20:29
================================================================================
[2026-04-09T01:21:29.780+0000] {manager.py:878} INFO - 
================================================================================
DAG File Processing Stats

File Path                              PID  Runtime      # DAGs    # Errors  Last Runtime    Last Run
-----------------------------------  -----  ---------  --------  ----------  --------------  -------------------
/opt/airflow/dags/mls_ingest_dag.py     52  0.01s             1           0  0.14s           2026-04-09T01:20:59
================================================================================
[2026-04-09T01:22:00.013+0000] {manager.py:878} INFO - 
================================================================================
DAG File Processing Stats

File Path                              PID  Runtime      # DAGs    # Errors  Last Runtime    Last Run
-----------------------------------  -----  ---------  --------  ----------  --------------  -------------------
/opt/airflow/dags/mls_ingest_dag.py     53  0.00s             1           0  0.12s           2026-04-09T01:21:29
================================================================================
[2026-04-09T01:22:30.158+0000] {manager.py:878} INFO - 
================================================================================
DAG File Processing Stats

File Path                              PID  Runtime      # DAGs    # Errors  Last Runtime    Last Run
-----------------------------------  -----  ---------  --------  ----------  --------------  -------------------
/opt/airflow/dags/mls_ingest_dag.py     54  0.00s             1           0  0.12s           2026-04-09T01:22:00
================================================================================
[2026-04-09T01:23:00.366+0000] {manager.py:878} INFO - 
================================================================================
DAG File Processing Stats

File Path                              PID  Runtime      # DAGs    # Errors  Last Runtime    Last Run
-----------------------------------  -----  ---------  --------  ----------  --------------  -------------------
/opt/airflow/dags/mls_ingest_dag.py     55  0.00s             1           0  0.11s           2026-04-09T01:22:30
================================================================================
[2026-04-09T01:23:30.515+0000] {manager.py:878} INFO - 
================================================================================
DAG File Processing Stats

File Path                              PID  Runtime      # DAGs    # Errors  Last Runtime    Last Run
-----------------------------------  -----  ---------  --------  ----------  --------------  -------------------
/opt/airflow/dags/mls_ingest_dag.py     56  0.00s             1           0  0.14s           2026-04-09T01:23:00
================================================================================
[2026-04-09T01:24:00.761+0000] {manager.py:878} INFO - 
================================================================================
DAG File Processing Stats

File Path                              PID  Runtime      # DAGs    # Errors  Last Runtime    Last Run
-----------------------------------  -----  ---------  --------  ----------  --------------  -------------------
/opt/airflow/dags/mls_ingest_dag.py     57  0.01s             1           0  0.13s           2026-04-09T01:23:30
================================================================================
[2026-04-09T01:24:30.907+0000] {manager.py:878} INFO - 
================================================================================
DAG File Processing Stats

File Path                              PID  Runtime      # DAGs    # Errors  Last Runtime    Last Run
-----------------------------------  -----  ---------  --------  ----------  --------------  -------------------
/opt/airflow/dags/mls_ingest_dag.py     58  0.00s             1           0  0.12s           2026-04-09T01:24:00
================================================================================
[2026-04-09T01:24:59.111+0000] {manager.py:737} INFO - Searching for files in /opt/airflow/dags
[2026-04-09T01:24:59.125+0000] {manager.py:740} INFO - There are 1 files in /opt/airflow/dags
[2026-04-09T01:25:01.155+0000] {manager.py:878} INFO - 
================================================================================
DAG File Processing Stats

File Path                              PID  Runtime      # DAGs    # Errors  Last Runtime    Last Run
-----------------------------------  -----  ---------  --------  ----------  --------------  -------------------
/opt/airflow/dags/mls_ingest_dag.py     59  0.01s             1           0  0.12s           2026-04-09T01:24:31
================================================================================
[2026-04-09T01:25:31.303+0000] {manager.py:878} INFO - 
================================================================================
DAG File Processing Stats

File Path                              PID  Runtime      # DAGs    # Errors  Last Runtime    Last Run
-----------------------------------  -----  ---------  --------  ----------  --------------  -------------------
/opt/airflow/dags/mls_ingest_dag.py     60  0.01s             1           0  0.12s           2026-04-09T01:25:01
================================================================================
[2026-04-09T01:26:01.516+0000] {manager.py:878} INFO - 
================================================================================
DAG File Processing Stats

File Path                              PID  Runtime      # DAGs    # Errors  Last Runtime    Last Run
-----------------------------------  -----  ---------  --------  ----------  --------------  -------------------
/opt/airflow/dags/mls_ingest_dag.py     61  0.01s             1           0  0.13s           2026-04-09T01:25:31
================================================================================
[2026-04-09T01:26:31.686+0000] {manager.py:878} INFO - 
================================================================================
DAG File Processing Stats

File Path                              PID  Runtime      # DAGs    # Errors  Last Runtime    Last Run
-----------------------------------  -----  ---------  --------  ----------  --------------  -------------------
/opt/airflow/dags/mls_ingest_dag.py     62  0.00s             1           0  0.12s           2026-04-09T01:26:01
================================================================================
[2026-04-09T01:27:01.871+0000] {manager.py:878} INFO - 
================================================================================
DAG File Processing Stats

File Path                              PID  Runtime      # DAGs    # Errors  Last Runtime    Last Run
-----------------------------------  -----  ---------  --------  ----------  --------------  -------------------
/opt/airflow/dags/mls_ingest_dag.py     63  0.01s             1           0  0.11s           2026-04-09T01:26:31
================================================================================
[2026-04-09T01:27:32.024+0000] {manager.py:878} INFO - 
================================================================================
DAG File Processing Stats

File Path                              PID  Runtime      # DAGs    # Errors  Last Runtime    Last Run
-----------------------------------  -----  ---------  --------  ----------  --------------  -------------------
/opt/airflow/dags/mls_ingest_dag.py     64  0.01s             1           0  0.10s           2026-04-09T01:27:01
================================================================================
[2026-04-09T01:28:02.207+0000] {manager.py:878} INFO - 
================================================================================
DAG File Processing Stats

File Path                              PID  Runtime      # DAGs    # Errors  Last Runtime    Last Run
-----------------------------------  -----  ---------  --------  ----------  --------------  -------------------
/opt/airflow/dags/mls_ingest_dag.py     65  0.01s             1           0  0.10s           2026-04-09T01:27:32
================================================================================
[2026-04-09T01:28:32.377+0000] {manager.py:878} INFO - 
================================================================================
DAG File Processing Stats

File Path                              PID  Runtime      # DAGs    # Errors  Last Runtime    Last Run
-----------------------------------  -----  ---------  --------  ----------  --------------  -------------------
/opt/airflow/dags/mls_ingest_dag.py     66  0.00s             1           0  0.12s           2026-04-09T01:28:02
================================================================================
[2026-04-09T01:29:02.566+0000] {manager.py:878} INFO - 
================================================================================
DAG File Processing Stats

File Path                              PID  Runtime      # DAGs    # Errors  Last Runtime    Last Run
-----------------------------------  -----  ---------  --------  ----------  --------------  -------------------
/opt/airflow/dags/mls_ingest_dag.py     67  0.00s             1           0  0.11s           2026-04-09T01:28:32
================================================================================
[2026-04-09T01:29:32.717+0000] {manager.py:878} INFO - 
================================================================================
DAG File Processing Stats

File Path                              PID  Runtime      # DAGs    # Errors  Last Runtime    Last Run
-----------------------------------  -----  ---------  --------  ----------  --------------  -------------------
/opt/airflow/dags/mls_ingest_dag.py     68  0.00s             1           0  0.11s           2026-04-09T01:29:02
================================================================================
[2026-04-09T01:29:59.870+0000] {manager.py:737} INFO - Searching for files in /opt/airflow/dags
[2026-04-09T01:29:59.884+0000] {manager.py:740} INFO - There are 1 files in /opt/airflow/dags
[2026-04-09T01:30:02.916+0000] {manager.py:878} INFO - 
================================================================================
DAG File Processing Stats

File Path                              PID  Runtime      # DAGs    # Errors  Last Runtime    Last Run
-----------------------------------  -----  ---------  --------  ----------  --------------  -------------------
/opt/airflow/dags/mls_ingest_dag.py     69  0.00s             1           0  0.10s           2026-04-09T01:29:32
================================================================================
[2026-04-09T01:30:33.054+0000] {manager.py:878} INFO - 
================================================================================
DAG File Processing Stats

File Path                              PID  Runtime      # DAGs    # Errors  Last Runtime    Last Run
-----------------------------------  -----  ---------  --------  ----------  --------------  -------------------
/opt/airflow/dags/mls_ingest_dag.py     70  0.00s             1           0  0.10s           2026-04-09T01:30:03
================================================================================
[2026-04-09T01:31:03.236+0000] {manager.py:878} INFO - 
================================================================================
DAG File Processing Stats

File Path                              PID  Runtime      # DAGs    # Errors  Last Runtime    Last Run
-----------------------------------  -----  ---------  --------  ----------  --------------  -------------------
/opt/airflow/dags/mls_ingest_dag.py     71  0.01s             1           0  0.11s           2026-04-09T01:30:33
================================================================================
[2026-04-09T01:31:33.374+0000] {manager.py:878} INFO - 
================================================================================
DAG File Processing Stats

File Path                              PID  Runtime      # DAGs    # Errors  Last Runtime    Last Run
-----------------------------------  -----  ---------  --------  ----------  --------------  -------------------
/opt/airflow/dags/mls_ingest_dag.py     72  0.01s             1           0  0.11s           2026-04-09T01:31:03
================================================================================
[2026-04-09T01:32:03.569+0000] {manager.py:878} INFO - 
================================================================================
DAG File Processing Stats

File Path                              PID  Runtime      # DAGs    # Errors  Last Runtime    Last Run
-----------------------------------  -----  ---------  --------  ----------  --------------  -------------------
/opt/airflow/dags/mls_ingest_dag.py     73  0.01s             1           0  0.11s           2026-04-09T01:31:33
================================================================================
[2026-04-09T01:32:09.697+0000] {manager.py:452} INFO - Exiting gracefully upon receiving signal 15
[2026-04-09T01:34:39.962+0000] {manager.py:470} INFO - Processing files using up to 2 processes at a time 
[2026-04-09T01:34:39.963+0000] {manager.py:471} INFO - Process each file at most once every 30 seconds
[2026-04-09T01:34:39.964+0000] {manager.py:472} INFO - Checking for new files in /opt/airflow/dags every 300 seconds
[2026-04-09T01:34:39.965+0000] {manager.py:737} INFO - Searching for files in /opt/airflow/dags
[2026-04-09T01:34:39.977+0000] {manager.py:740} INFO - There are 1 files in /opt/airflow/dags
[2026-04-09T01:34:40.054+0000] {manager.py:878} INFO - 
================================================================================
DAG File Processing Stats

File Path                              PID  Runtime      # DAGs    # Errors  Last Runtime    Last Run
-----------------------------------  -----  ---------  --------  ----------  --------------  ----------
/opt/airflow/dags/mls_ingest_dag.py     49  0.04s             0           0
================================================================================
[2026-04-09T01:35:10.180+0000] {manager.py:878} INFO - 
================================================================================
DAG File Processing Stats

File Path                              PID  Runtime      # DAGs    # Errors  Last Runtime    Last Run
-----------------------------------  -----  ---------  --------  ----------  --------------  -------------------
/opt/airflow/dags/mls_ingest_dag.py     50  0.00s             1           0  0.12s           2026-04-09T01:34:40
================================================================================
[2026-04-09T01:35:40.338+0000] {manager.py:878} INFO - 
================================================================================
DAG File Processing Stats

File Path                            PID    Runtime      # DAGs    # Errors  Last Runtime    Last Run
-----------------------------------  -----  ---------  --------  ----------  --------------  -------------------
/opt/airflow/dags/mls_ingest_dag.py                           1           0  0.25s           2026-04-09T01:35:10
================================================================================
[2026-04-09T01:36:10.657+0000] {manager.py:878} INFO - 
================================================================================
DAG File Processing Stats

File Path                              PID  Runtime      # DAGs    # Errors  Last Runtime    Last Run
-----------------------------------  -----  ---------  --------  ----------  --------------  -------------------
/opt/airflow/dags/mls_ingest_dag.py     52  0.00s             1           0  0.11s           2026-04-09T01:35:40
================================================================================
[2026-04-09T01:36:40.851+0000] {manager.py:878} INFO - 
================================================================================
DAG File Processing Stats

File Path                              PID  Runtime      # DAGs    # Errors  Last Runtime    Last Run
-----------------------------------  -----  ---------  --------  ----------  --------------  -------------------
/opt/airflow/dags/mls_ingest_dag.py     53  0.00s             1           0  0.11s           2026-04-09T01:36:10
================================================================================
[2026-04-09T01:37:10.979+0000] {manager.py:878} INFO - 
================================================================================
DAG File Processing Stats

File Path                              PID  Runtime      # DAGs    # Errors  Last Runtime    Last Run
-----------------------------------  -----  ---------  --------  ----------  --------------  -------------------
/opt/airflow/dags/mls_ingest_dag.py     54  0.00s             1           0  0.10s           2026-04-09T01:36:40
================================================================================
[2026-04-09T01:37:26.161+0000] {manager.py:452} INFO - Exiting gracefully upon receiving signal 15
[2026-04-09T01:38:20.079+0000] {manager.py:470} INFO - Processing files using up to 2 processes at a time 
[2026-04-09T01:38:20.080+0000] {manager.py:471} INFO - Process each file at most once every 30 seconds
[2026-04-09T01:38:20.081+0000] {manager.py:472} INFO - Checking for new files in /opt/airflow/dags every 300 seconds
[2026-04-09T01:38:20.081+0000] {manager.py:737} INFO - Searching for files in /opt/airflow/dags
[2026-04-09T01:38:20.093+0000] {manager.py:740} INFO - There are 1 files in /opt/airflow/dags
[2026-04-09T01:38:20.169+0000] {manager.py:878} INFO - 
================================================================================
DAG File Processing Stats

File Path                              PID  Runtime      # DAGs    # Errors  Last Runtime    Last Run
-----------------------------------  -----  ---------  --------  ----------  --------------  ----------
/opt/airflow/dags/mls_ingest_dag.py     49  0.04s             0           0
================================================================================
[2026-04-09T01:38:50.286+0000] {manager.py:878} INFO - 
================================================================================
DAG File Processing Stats

File Path                            PID    Runtime      # DAGs    # Errors  Last Runtime    Last Run
-----------------------------------  -----  ---------  --------  ----------  --------------  -------------------
/opt/airflow/dags/mls_ingest_dag.py                           1           0  0.37s           2026-04-09T01:38:20
================================================================================
[2026-04-09T01:39:20.737+0000] {manager.py:878} INFO - 
================================================================================
DAG File Processing Stats

File Path                              PID  Runtime      # DAGs    # Errors  Last Runtime    Last Run
-----------------------------------  -----  ---------  --------  ----------  --------------  -------------------
/opt/airflow/dags/mls_ingest_dag.py     51  0.00s             1           0  0.12s           2026-04-09T01:38:50
================================================================================
[2026-04-09T01:39:50.941+0000] {manager.py:878} INFO - 
================================================================================
DAG File Processing Stats

File Path                              PID  Runtime      # DAGs    # Errors  Last Runtime    Last Run
-----------------------------------  -----  ---------  --------  ----------  --------------  -------------------
/opt/airflow/dags/mls_ingest_dag.py     52  0.00s             1           0  0.10s           2026-04-09T01:39:20
================================================================================
[2026-04-09T01:40:21.075+0000] {manager.py:878} INFO - 
================================================================================
DAG File Processing Stats

File Path                              PID  Runtime      # DAGs    # Errors  Last Runtime    Last Run
-----------------------------------  -----  ---------  --------  ----------  --------------  -------------------
/opt/airflow/dags/mls_ingest_dag.py     53  0.00s             1           0  0.10s           2026-04-09T01:39:51
================================================================================
[2026-04-09T01:40:51.255+0000] {manager.py:878} INFO - 
================================================================================
DAG File Processing Stats

File Path                              PID  Runtime      # DAGs    # Errors  Last Runtime    Last Run
-----------------------------------  -----  ---------  --------  ----------  --------------  -------------------
/opt/airflow/dags/mls_ingest_dag.py     54  0.00s             1           0  0.11s           2026-04-09T01:40:21
================================================================================
[2026-04-09T01:41:21.389+0000] {manager.py:878} INFO - 
================================================================================
DAG File Processing Stats

File Path                              PID  Runtime      # DAGs    # Errors  Last Runtime    Last Run
-----------------------------------  -----  ---------  --------  ----------  --------------  -------------------
/opt/airflow/dags/mls_ingest_dag.py     55  0.00s             1           0  0.09s           2026-04-09T01:40:51
================================================================================
[2026-04-09T01:41:51.553+0000] {manager.py:878} INFO - 
================================================================================
DAG File Processing Stats

File Path                              PID  Runtime      # DAGs    # Errors  Last Runtime    Last Run
-----------------------------------  -----  ---------  --------  ----------  --------------  -------------------
/opt/airflow/dags/mls_ingest_dag.py     56  0.01s             1           0  0.10s           2026-04-09T01:41:21
================================================================================
[2026-04-09T01:42:21.697+0000] {manager.py:878} INFO - 
================================================================================
DAG File Processing Stats

File Path                              PID  Runtime      # DAGs    # Errors  Last Runtime    Last Run
-----------------------------------  -----  ---------  --------  ----------  --------------  -------------------
/opt/airflow/dags/mls_ingest_dag.py     57  0.00s             1           0  0.10s           2026-04-09T01:41:51
================================================================================
[2026-04-09T01:42:51.864+0000] {manager.py:878} INFO - 
================================================================================
DAG File Processing Stats

File Path                              PID  Runtime      # DAGs    # Errors  Last Runtime    Last Run
-----------------------------------  -----  ---------  --------  ----------  --------------  -------------------
/opt/airflow/dags/mls_ingest_dag.py     58  0.00s             1           0  0.10s           2026-04-09T01:42:21
================================================================================
[2026-04-09T01:43:20.987+0000] {manager.py:737} INFO - Searching for files in /opt/airflow/dags
[2026-04-09T01:43:20.998+0000] {manager.py:740} INFO - There are 1 files in /opt/airflow/dags
[2026-04-09T01:43:22.018+0000] {manager.py:878} INFO - 
================================================================================
DAG File Processing Stats

File Path                              PID  Runtime      # DAGs    # Errors  Last Runtime    Last Run
-----------------------------------  -----  ---------  --------  ----------  --------------  -------------------
/opt/airflow/dags/mls_ingest_dag.py     59  0.00s             1           0  0.10s           2026-04-09T01:42:51
================================================================================
[2026-04-09T01:43:42.155+0000] {manager.py:452} INFO - Exiting gracefully upon receiving signal 15
[2026-04-09T01:44:09.697+0000] {manager.py:470} INFO - Processing files using up to 2 processes at a time 
[2026-04-09T01:44:09.698+0000] {manager.py:471} INFO - Process each file at most once every 30 seconds
[2026-04-09T01:44:09.698+0000] {manager.py:472} INFO - Checking for new files in /opt/airflow/dags every 300 seconds
[2026-04-09T01:44:09.699+0000] {manager.py:737} INFO - Searching for files in /opt/airflow/dags
[2026-04-09T01:44:09.710+0000] {manager.py:740} INFO - There are 1 files in /opt/airflow/dags
[2026-04-09T01:44:09.773+0000] {manager.py:878} INFO - 
================================================================================
DAG File Processing Stats

File Path                              PID  Runtime      # DAGs    # Errors  Last Runtime    Last Run
-----------------------------------  -----  ---------  --------  ----------  --------------  ----------
/opt/airflow/dags/mls_ingest_dag.py     48  0.03s             0           0
================================================================================
[2026-04-09T01:44:39.897+0000] {manager.py:878} INFO - 
================================================================================
DAG File Processing Stats

File Path                              PID  Runtime      # DAGs    # Errors  Last Runtime    Last Run
-----------------------------------  -----  ---------  --------  ----------  --------------  -------------------
/opt/airflow/dags/mls_ingest_dag.py     50  0.00s             1           0  0.10s           2026-04-09T01:44:09
================================================================================
[2026-04-09T01:45:10.043+0000] {manager.py:878} INFO - 
================================================================================
DAG File Processing Stats

File Path                            PID    Runtime      # DAGs    # Errors  Last Runtime    Last Run
-----------------------------------  -----  ---------  --------  ----------  --------------  -------------------
/opt/airflow/dags/mls_ingest_dag.py                           1           0  0.26s           2026-04-09T01:44:40
================================================================================
[2026-04-09T01:45:28.414+0000] {manager.py:452} INFO - Exiting gracefully upon receiving signal 15
