[2026-04-05T05:28:48.315+0000] {local_task_job_runner.py:120} INFO - ::group::Pre task execution logs
[2026-04-05T05:28:48.324+0000] {taskinstance.py:2076} INFO - Dependencies all met for dep_context=non-requeueable deps ti=<TaskInstance: mls_ingest_pipeline.run_ingest_pipeline manual__2026-04-05T05:28:47.019253+00:00 [queued]>
[2026-04-05T05:28:48.326+0000] {taskinstance.py:2076} INFO - Dependencies all met for dep_context=requeueable deps ti=<TaskInstance: mls_ingest_pipeline.run_ingest_pipeline manual__2026-04-05T05:28:47.019253+00:00 [queued]>
[2026-04-05T05:28:48.326+0000] {taskinstance.py:2306} INFO - Starting attempt 1 of 2
[2026-04-05T05:28:48.329+0000] {taskinstance.py:2330} INFO - Executing <Task(BashOperator): run_ingest_pipeline> on 2026-04-05 05:28:47.019253+00:00
[2026-04-05T05:28:48.331+0000] {standard_task_runner.py:64} INFO - Started process 297 to run task
[2026-04-05T05:28:48.332+0000] {standard_task_runner.py:90} INFO - Running: ['airflow', 'tasks', 'run', 'mls_ingest_pipeline', 'run_ingest_pipeline', 'manual__2026-04-05T05:28:47.019253+00:00', '--job-id', '11', '--raw', '--subdir', 'DAGS_FOLDER/mls_ingest_dag.py', '--cfg-path', '/tmp/tmp2mp066nl']
[2026-04-05T05:28:48.332+0000] {standard_task_runner.py:91} INFO - Job 11: Subtask run_ingest_pipeline
[2026-04-05T05:28:48.355+0000] {task_command.py:426} INFO - Running <TaskInstance: mls_ingest_pipeline.run_ingest_pipeline manual__2026-04-05T05:28:47.019253+00:00 [running]> on host a8955310113e
[2026-04-05T05:28:48.381+0000] {taskinstance.py:2648} INFO - Exporting env vars: AIRFLOW_CTX_DAG_OWNER='rohan' AIRFLOW_CTX_DAG_ID='mls_ingest_pipeline' AIRFLOW_CTX_TASK_ID='run_ingest_pipeline' AIRFLOW_CTX_EXECUTION_DATE='2026-04-05T05:28:47.019253+00:00' AIRFLOW_CTX_TRY_NUMBER='1' AIRFLOW_CTX_DAG_RUN_ID='manual__2026-04-05T05:28:47.019253+00:00'
[2026-04-05T05:28:48.381+0000] {taskinstance.py:430} INFO - ::endgroup::
[2026-04-05T05:28:48.385+0000] {subprocess.py:63} INFO - Tmp dir root location: /tmp
[2026-04-05T05:28:48.386+0000] {subprocess.py:75} INFO - Running command: ['/usr/bin/bash', '-c', 'cd /opt/sportsapp && python3 ingest/ingest_pipeline.py']
[2026-04-05T05:28:48.388+0000] {subprocess.py:86} INFO - Output:
[2026-04-05T05:30:03.696+0000] {subprocess.py:93} INFO - Schema creation sql: CREATE SCHEMA IF NOT EXISTS mls_analysis;
[2026-04-05T05:30:03.703+0000] {subprocess.py:93} INFO -                 team  ...                                           logo_url
[2026-04-05T05:30:03.703+0000] {subprocess.py:93} INFO - 0  Atlanta United FC  ...  https://upload.wikimedia.org/wikipedia/en/thum...
[2026-04-05T05:30:03.704+0000] {subprocess.py:93} INFO - 1          Austin FC  ...  https://upload.wikimedia.org/wikipedia/en/thum...
[2026-04-05T05:30:03.704+0000] {subprocess.py:93} INFO - 2        CF Montréal  ...  https://upload.wikimedia.org/wikipedia/en/thum...
[2026-04-05T05:30:03.704+0000] {subprocess.py:93} INFO - 3       Charlotte FC  ...  https://upload.wikimedia.org/wikipedia/en/thum...
[2026-04-05T05:30:03.704+0000] {subprocess.py:93} INFO - 4    Chicago Fire FC  ...  https://upload.wikimedia.org/wikipedia/commons...
[2026-04-05T05:30:03.704+0000] {subprocess.py:93} INFO - 
[2026-04-05T05:30:03.704+0000] {subprocess.py:93} INFO - [5 rows x 12 columns]
[2026-04-05T05:30:03.704+0000] {subprocess.py:93} INFO - Total census rows pulled: 32330
[2026-04-05T05:30:03.704+0000] {subprocess.py:93} INFO -          city    state state_code  ...  education  median_age  unemployment
[2026-04-05T05:30:03.704+0000] {subprocess.py:93} INFO - 0      Abanda  Alabama         01  ...         41        24.5             0
[2026-04-05T05:30:03.705+0000] {subprocess.py:93} INFO - 1   Abbeville  Alabama         01  ...        175        51.2            58
[2026-04-05T05:30:03.705+0000] {subprocess.py:93} INFO - 2  Adamsville  Alabama         01  ...        333        41.1            42
[2026-04-05T05:30:03.705+0000] {subprocess.py:93} INFO - 3     Addison  Alabama         01  ...         16        41.5             0
[2026-04-05T05:30:03.705+0000] {subprocess.py:93} INFO - 4       Akron  Alabama         01  ...          4        39.8            14
[2026-04-05T05:30:03.705+0000] {subprocess.py:93} INFO - 
[2026-04-05T05:30:03.705+0000] {subprocess.py:93} INFO - [5 rows x 8 columns]
[2026-04-05T05:30:03.705+0000] {subprocess.py:93} INFO - Cleaned census rows: 32213
[2026-04-05T05:30:03.705+0000] {subprocess.py:93} INFO - Total games pulled: 544
[2026-04-05T05:30:03.781+0000] {subprocess.py:97} INFO - Command exited with return code 0
[2026-04-05T05:30:03.782+0000] {taskinstance.py:441} INFO - ::group::Post task execution logs
[2026-04-05T05:30:03.801+0000] {taskinstance.py:1206} INFO - Marking task as SUCCESS. dag_id=mls_ingest_pipeline, task_id=run_ingest_pipeline, run_id=manual__2026-04-05T05:28:47.019253+00:00, execution_date=20260405T052847, start_date=20260405T052848, end_date=20260405T053003
[2026-04-05T05:30:03.843+0000] {local_task_job_runner.py:243} INFO - Task exited with return code 0
[2026-04-05T05:30:03.854+0000] {taskinstance.py:3503} INFO - 0 downstream tasks scheduled from follow-on schedule check
[2026-04-05T05:30:03.855+0000] {local_task_job_runner.py:222} INFO - ::endgroup::
