[2026-04-05T05:06:00.831+0000] {processor.py:161} INFO - Started process (PID=42) to work on /opt/airflow/dags/mls_ingest_dag.py
[2026-04-05T05:06:00.833+0000] {processor.py:830} INFO - Processing file /opt/airflow/dags/mls_ingest_dag.py for tasks to queue
[2026-04-05T05:06:00.833+0000] {logging_mixin.py:188} INFO - [2026-04-05T05:06:00.833+0000] {dagbag.py:545} INFO - Filling up the DagBag from /opt/airflow/dags/mls_ingest_dag.py
[2026-04-05T05:06:00.844+0000] {processor.py:840} INFO - DAG(s) 'mls_ingest_pipeline' retrieved from /opt/airflow/dags/mls_ingest_dag.py
[2026-04-05T05:06:00.929+0000] {logging_mixin.py:188} INFO - [2026-04-05T05:06:00.929+0000] {override.py:1858} INFO - Created Permission View: can read on DAG:mls_ingest_pipeline
[2026-04-05T05:06:00.931+0000] {logging_mixin.py:188} INFO - [2026-04-05T05:06:00.931+0000] {override.py:1858} INFO - Created Permission View: can delete on DAG:mls_ingest_pipeline
[2026-04-05T05:06:00.932+0000] {logging_mixin.py:188} INFO - [2026-04-05T05:06:00.932+0000] {override.py:1858} INFO - Created Permission View: can edit on DAG:mls_ingest_pipeline
[2026-04-05T05:06:00.933+0000] {logging_mixin.py:188} INFO - [2026-04-05T05:06:00.933+0000] {dag.py:3089} INFO - Sync 1 DAGs
[2026-04-05T05:06:00.936+0000] {logging_mixin.py:188} INFO - [2026-04-05T05:06:00.936+0000] {dag.py:3111} INFO - Creating ORM DAG for mls_ingest_pipeline
[2026-04-05T05:06:00.939+0000] {logging_mixin.py:188} INFO - [2026-04-05T05:06:00.939+0000] {dag.py:3947} INFO - Setting next_dagrun for mls_ingest_pipeline to 2026-03-29 00:00:00+00:00, run_after=2026-04-05 00:00:00+00:00
[2026-04-05T05:06:00.945+0000] {processor.py:183} INFO - Processing /opt/airflow/dags/mls_ingest_dag.py took 0.116 seconds
[2026-04-05T05:06:31.033+0000] {processor.py:161} INFO - Started process (PID=44) to work on /opt/airflow/dags/mls_ingest_dag.py
[2026-04-05T05:06:31.034+0000] {processor.py:830} INFO - Processing file /opt/airflow/dags/mls_ingest_dag.py for tasks to queue
[2026-04-05T05:06:31.037+0000] {logging_mixin.py:188} INFO - [2026-04-05T05:06:31.036+0000] {dagbag.py:545} INFO - Filling up the DagBag from /opt/airflow/dags/mls_ingest_dag.py
[2026-04-05T05:06:31.058+0000] {processor.py:840} INFO - DAG(s) 'mls_ingest_pipeline' retrieved from /opt/airflow/dags/mls_ingest_dag.py
[2026-04-05T05:06:31.083+0000] {logging_mixin.py:188} INFO - [2026-04-05T05:06:31.083+0000] {dag.py:3089} INFO - Sync 1 DAGs
[2026-04-05T05:06:31.091+0000] {logging_mixin.py:188} INFO - [2026-04-05T05:06:31.091+0000] {dag.py:3947} INFO - Setting next_dagrun for mls_ingest_pipeline to 2026-03-29 00:00:00+00:00, run_after=2026-04-05 00:00:00+00:00
[2026-04-05T05:06:31.098+0000] {processor.py:183} INFO - Processing /opt/airflow/dags/mls_ingest_dag.py took 0.072 seconds
[2026-04-05T05:07:01.280+0000] {processor.py:161} INFO - Started process (PID=45) to work on /opt/airflow/dags/mls_ingest_dag.py
[2026-04-05T05:07:01.281+0000] {processor.py:830} INFO - Processing file /opt/airflow/dags/mls_ingest_dag.py for tasks to queue
[2026-04-05T05:07:01.285+0000] {logging_mixin.py:188} INFO - [2026-04-05T05:07:01.285+0000] {dagbag.py:545} INFO - Filling up the DagBag from /opt/airflow/dags/mls_ingest_dag.py
[2026-04-05T05:07:01.299+0000] {processor.py:840} INFO - DAG(s) 'mls_ingest_pipeline' retrieved from /opt/airflow/dags/mls_ingest_dag.py
[2026-04-05T05:07:01.319+0000] {logging_mixin.py:188} INFO - [2026-04-05T05:07:01.319+0000] {dag.py:3089} INFO - Sync 1 DAGs
[2026-04-05T05:07:01.328+0000] {logging_mixin.py:188} INFO - [2026-04-05T05:07:01.327+0000] {dag.py:3947} INFO - Setting next_dagrun for mls_ingest_pipeline to 2026-03-29 00:00:00+00:00, run_after=2026-04-05 00:00:00+00:00
[2026-04-05T05:07:01.334+0000] {processor.py:183} INFO - Processing /opt/airflow/dags/mls_ingest_dag.py took 0.059 seconds
[2026-04-05T05:07:31.523+0000] {processor.py:161} INFO - Started process (PID=46) to work on /opt/airflow/dags/mls_ingest_dag.py
[2026-04-05T05:07:31.524+0000] {processor.py:830} INFO - Processing file /opt/airflow/dags/mls_ingest_dag.py for tasks to queue
[2026-04-05T05:07:31.525+0000] {logging_mixin.py:188} INFO - [2026-04-05T05:07:31.525+0000] {dagbag.py:545} INFO - Filling up the DagBag from /opt/airflow/dags/mls_ingest_dag.py
[2026-04-05T05:07:31.530+0000] {processor.py:840} INFO - DAG(s) 'mls_ingest_pipeline' retrieved from /opt/airflow/dags/mls_ingest_dag.py
[2026-04-05T05:07:31.543+0000] {logging_mixin.py:188} INFO - [2026-04-05T05:07:31.543+0000] {dag.py:3089} INFO - Sync 1 DAGs
[2026-04-05T05:07:31.553+0000] {logging_mixin.py:188} INFO - [2026-04-05T05:07:31.553+0000] {dag.py:3947} INFO - Setting next_dagrun for mls_ingest_pipeline to 2026-03-29 00:00:00+00:00, run_after=2026-04-05 00:00:00+00:00
[2026-04-05T05:07:31.564+0000] {processor.py:183} INFO - Processing /opt/airflow/dags/mls_ingest_dag.py took 0.044 seconds
[2026-04-05T05:08:01.799+0000] {processor.py:161} INFO - Started process (PID=47) to work on /opt/airflow/dags/mls_ingest_dag.py
[2026-04-05T05:08:01.801+0000] {processor.py:830} INFO - Processing file /opt/airflow/dags/mls_ingest_dag.py for tasks to queue
[2026-04-05T05:08:01.807+0000] {logging_mixin.py:188} INFO - [2026-04-05T05:08:01.807+0000] {dagbag.py:545} INFO - Filling up the DagBag from /opt/airflow/dags/mls_ingest_dag.py
[2026-04-05T05:08:01.830+0000] {processor.py:840} INFO - DAG(s) 'mls_ingest_pipeline' retrieved from /opt/airflow/dags/mls_ingest_dag.py
[2026-04-05T05:08:01.853+0000] {logging_mixin.py:188} INFO - [2026-04-05T05:08:01.853+0000] {dag.py:3089} INFO - Sync 1 DAGs
[2026-04-05T05:08:01.867+0000] {logging_mixin.py:188} INFO - [2026-04-05T05:08:01.867+0000] {dag.py:3947} INFO - Setting next_dagrun for mls_ingest_pipeline to 2026-03-29 00:00:00+00:00, run_after=2026-04-05 00:00:00+00:00
[2026-04-05T05:08:01.874+0000] {processor.py:183} INFO - Processing /opt/airflow/dags/mls_ingest_dag.py took 0.088 seconds
[2026-04-05T05:08:32.035+0000] {processor.py:161} INFO - Started process (PID=48) to work on /opt/airflow/dags/mls_ingest_dag.py
[2026-04-05T05:08:32.035+0000] {processor.py:830} INFO - Processing file /opt/airflow/dags/mls_ingest_dag.py for tasks to queue
[2026-04-05T05:08:32.037+0000] {logging_mixin.py:188} INFO - [2026-04-05T05:08:32.037+0000] {dagbag.py:545} INFO - Filling up the DagBag from /opt/airflow/dags/mls_ingest_dag.py
[2026-04-05T05:08:32.048+0000] {processor.py:840} INFO - DAG(s) 'mls_ingest_pipeline' retrieved from /opt/airflow/dags/mls_ingest_dag.py
[2026-04-05T05:08:32.069+0000] {logging_mixin.py:188} INFO - [2026-04-05T05:08:32.069+0000] {dag.py:3089} INFO - Sync 1 DAGs
[2026-04-05T05:08:32.079+0000] {logging_mixin.py:188} INFO - [2026-04-05T05:08:32.079+0000] {dag.py:3947} INFO - Setting next_dagrun for mls_ingest_pipeline to 2026-03-29 00:00:00+00:00, run_after=2026-04-05 00:00:00+00:00
[2026-04-05T05:08:32.085+0000] {processor.py:183} INFO - Processing /opt/airflow/dags/mls_ingest_dag.py took 0.056 seconds
[2026-04-05T05:09:02.324+0000] {processor.py:161} INFO - Started process (PID=49) to work on /opt/airflow/dags/mls_ingest_dag.py
[2026-04-05T05:09:02.324+0000] {processor.py:830} INFO - Processing file /opt/airflow/dags/mls_ingest_dag.py for tasks to queue
[2026-04-05T05:09:02.327+0000] {logging_mixin.py:188} INFO - [2026-04-05T05:09:02.326+0000] {dagbag.py:545} INFO - Filling up the DagBag from /opt/airflow/dags/mls_ingest_dag.py
[2026-04-05T05:09:02.342+0000] {processor.py:840} INFO - DAG(s) 'mls_ingest_pipeline' retrieved from /opt/airflow/dags/mls_ingest_dag.py
[2026-04-05T05:09:02.365+0000] {logging_mixin.py:188} INFO - [2026-04-05T05:09:02.365+0000] {dag.py:3089} INFO - Sync 1 DAGs
[2026-04-05T05:09:02.374+0000] {logging_mixin.py:188} INFO - [2026-04-05T05:09:02.374+0000] {dag.py:3947} INFO - Setting next_dagrun for mls_ingest_pipeline to 2026-03-29 00:00:00+00:00, run_after=2026-04-05 00:00:00+00:00
[2026-04-05T05:09:02.380+0000] {processor.py:183} INFO - Processing /opt/airflow/dags/mls_ingest_dag.py took 0.063 seconds
[2026-04-05T05:09:32.579+0000] {processor.py:161} INFO - Started process (PID=94) to work on /opt/airflow/dags/mls_ingest_dag.py
[2026-04-05T05:09:32.579+0000] {processor.py:830} INFO - Processing file /opt/airflow/dags/mls_ingest_dag.py for tasks to queue
[2026-04-05T05:09:32.582+0000] {logging_mixin.py:188} INFO - [2026-04-05T05:09:32.581+0000] {dagbag.py:545} INFO - Filling up the DagBag from /opt/airflow/dags/mls_ingest_dag.py
[2026-04-05T05:09:32.593+0000] {processor.py:840} INFO - DAG(s) 'mls_ingest_pipeline' retrieved from /opt/airflow/dags/mls_ingest_dag.py
[2026-04-05T05:09:32.613+0000] {logging_mixin.py:188} INFO - [2026-04-05T05:09:32.613+0000] {dag.py:3089} INFO - Sync 1 DAGs
[2026-04-05T05:09:32.623+0000] {logging_mixin.py:188} INFO - [2026-04-05T05:09:32.623+0000] {dag.py:3947} INFO - Setting next_dagrun for mls_ingest_pipeline to 2026-04-05 00:00:00+00:00, run_after=2026-04-12 00:00:00+00:00
[2026-04-05T05:09:32.629+0000] {processor.py:183} INFO - Processing /opt/airflow/dags/mls_ingest_dag.py took 0.058 seconds
[2026-04-05T05:10:02.824+0000] {processor.py:161} INFO - Started process (PID=95) to work on /opt/airflow/dags/mls_ingest_dag.py
[2026-04-05T05:10:02.824+0000] {processor.py:830} INFO - Processing file /opt/airflow/dags/mls_ingest_dag.py for tasks to queue
[2026-04-05T05:10:02.825+0000] {logging_mixin.py:188} INFO - [2026-04-05T05:10:02.825+0000] {dagbag.py:545} INFO - Filling up the DagBag from /opt/airflow/dags/mls_ingest_dag.py
[2026-04-05T05:10:02.833+0000] {processor.py:840} INFO - DAG(s) 'mls_ingest_pipeline' retrieved from /opt/airflow/dags/mls_ingest_dag.py
[2026-04-05T05:10:02.852+0000] {logging_mixin.py:188} INFO - [2026-04-05T05:10:02.852+0000] {dag.py:3089} INFO - Sync 1 DAGs
[2026-04-05T05:10:02.861+0000] {logging_mixin.py:188} INFO - [2026-04-05T05:10:02.861+0000] {dag.py:3947} INFO - Setting next_dagrun for mls_ingest_pipeline to 2026-04-05 00:00:00+00:00, run_after=2026-04-12 00:00:00+00:00
[2026-04-05T05:10:02.867+0000] {processor.py:183} INFO - Processing /opt/airflow/dags/mls_ingest_dag.py took 0.048 seconds
[2026-04-05T05:10:33.096+0000] {processor.py:161} INFO - Started process (PID=96) to work on /opt/airflow/dags/mls_ingest_dag.py
[2026-04-05T05:10:33.097+0000] {processor.py:830} INFO - Processing file /opt/airflow/dags/mls_ingest_dag.py for tasks to queue
[2026-04-05T05:10:33.098+0000] {logging_mixin.py:188} INFO - [2026-04-05T05:10:33.098+0000] {dagbag.py:545} INFO - Filling up the DagBag from /opt/airflow/dags/mls_ingest_dag.py
[2026-04-05T05:10:33.108+0000] {processor.py:840} INFO - DAG(s) 'mls_ingest_pipeline' retrieved from /opt/airflow/dags/mls_ingest_dag.py
[2026-04-05T05:10:33.128+0000] {logging_mixin.py:188} INFO - [2026-04-05T05:10:33.128+0000] {dag.py:3089} INFO - Sync 1 DAGs
[2026-04-05T05:10:33.137+0000] {logging_mixin.py:188} INFO - [2026-04-05T05:10:33.137+0000] {dag.py:3947} INFO - Setting next_dagrun for mls_ingest_pipeline to 2026-04-05 00:00:00+00:00, run_after=2026-04-12 00:00:00+00:00
[2026-04-05T05:10:33.143+0000] {processor.py:183} INFO - Processing /opt/airflow/dags/mls_ingest_dag.py took 0.055 seconds
[2026-04-05T05:11:03.369+0000] {processor.py:161} INFO - Started process (PID=97) to work on /opt/airflow/dags/mls_ingest_dag.py
[2026-04-05T05:11:03.369+0000] {processor.py:830} INFO - Processing file /opt/airflow/dags/mls_ingest_dag.py for tasks to queue
[2026-04-05T05:11:03.372+0000] {logging_mixin.py:188} INFO - [2026-04-05T05:11:03.371+0000] {dagbag.py:545} INFO - Filling up the DagBag from /opt/airflow/dags/mls_ingest_dag.py
[2026-04-05T05:11:03.381+0000] {processor.py:840} INFO - DAG(s) 'mls_ingest_pipeline' retrieved from /opt/airflow/dags/mls_ingest_dag.py
[2026-04-05T05:11:03.399+0000] {logging_mixin.py:188} INFO - [2026-04-05T05:11:03.399+0000] {dag.py:3089} INFO - Sync 1 DAGs
[2026-04-05T05:11:03.410+0000] {logging_mixin.py:188} INFO - [2026-04-05T05:11:03.410+0000] {dag.py:3947} INFO - Setting next_dagrun for mls_ingest_pipeline to 2026-04-05 00:00:00+00:00, run_after=2026-04-12 00:00:00+00:00
[2026-04-05T05:11:03.416+0000] {processor.py:183} INFO - Processing /opt/airflow/dags/mls_ingest_dag.py took 0.052 seconds
[2026-04-05T05:11:33.629+0000] {processor.py:161} INFO - Started process (PID=98) to work on /opt/airflow/dags/mls_ingest_dag.py
[2026-04-05T05:11:33.630+0000] {processor.py:830} INFO - Processing file /opt/airflow/dags/mls_ingest_dag.py for tasks to queue
[2026-04-05T05:11:33.632+0000] {logging_mixin.py:188} INFO - [2026-04-05T05:11:33.632+0000] {dagbag.py:545} INFO - Filling up the DagBag from /opt/airflow/dags/mls_ingest_dag.py
[2026-04-05T05:11:33.646+0000] {processor.py:840} INFO - DAG(s) 'mls_ingest_pipeline' retrieved from /opt/airflow/dags/mls_ingest_dag.py
[2026-04-05T05:11:33.664+0000] {logging_mixin.py:188} INFO - [2026-04-05T05:11:33.664+0000] {dag.py:3089} INFO - Sync 1 DAGs
[2026-04-05T05:11:33.675+0000] {logging_mixin.py:188} INFO - [2026-04-05T05:11:33.674+0000] {dag.py:3947} INFO - Setting next_dagrun for mls_ingest_pipeline to 2026-04-05 00:00:00+00:00, run_after=2026-04-12 00:00:00+00:00
[2026-04-05T05:11:33.681+0000] {processor.py:183} INFO - Processing /opt/airflow/dags/mls_ingest_dag.py took 0.057 seconds
[2026-04-05T05:12:03.891+0000] {processor.py:161} INFO - Started process (PID=99) to work on /opt/airflow/dags/mls_ingest_dag.py
[2026-04-05T05:12:03.892+0000] {processor.py:830} INFO - Processing file /opt/airflow/dags/mls_ingest_dag.py for tasks to queue
[2026-04-05T05:12:03.894+0000] {logging_mixin.py:188} INFO - [2026-04-05T05:12:03.893+0000] {dagbag.py:545} INFO - Filling up the DagBag from /opt/airflow/dags/mls_ingest_dag.py
[2026-04-05T05:12:03.902+0000] {processor.py:840} INFO - DAG(s) 'mls_ingest_pipeline' retrieved from /opt/airflow/dags/mls_ingest_dag.py
[2026-04-05T05:12:03.923+0000] {logging_mixin.py:188} INFO - [2026-04-05T05:12:03.922+0000] {dag.py:3089} INFO - Sync 1 DAGs
[2026-04-05T05:12:03.933+0000] {logging_mixin.py:188} INFO - [2026-04-05T05:12:03.933+0000] {dag.py:3947} INFO - Setting next_dagrun for mls_ingest_pipeline to 2026-04-05 00:00:00+00:00, run_after=2026-04-12 00:00:00+00:00
[2026-04-05T05:12:03.939+0000] {processor.py:183} INFO - Processing /opt/airflow/dags/mls_ingest_dag.py took 0.054 seconds
[2026-04-05T05:12:34.137+0000] {processor.py:161} INFO - Started process (PID=100) to work on /opt/airflow/dags/mls_ingest_dag.py
[2026-04-05T05:12:34.137+0000] {processor.py:830} INFO - Processing file /opt/airflow/dags/mls_ingest_dag.py for tasks to queue
[2026-04-05T05:12:34.140+0000] {logging_mixin.py:188} INFO - [2026-04-05T05:12:34.139+0000] {dagbag.py:545} INFO - Filling up the DagBag from /opt/airflow/dags/mls_ingest_dag.py
[2026-04-05T05:12:34.151+0000] {processor.py:840} INFO - DAG(s) 'mls_ingest_pipeline' retrieved from /opt/airflow/dags/mls_ingest_dag.py
[2026-04-05T05:12:34.180+0000] {logging_mixin.py:188} INFO - [2026-04-05T05:12:34.180+0000] {dag.py:3089} INFO - Sync 1 DAGs
[2026-04-05T05:12:34.196+0000] {logging_mixin.py:188} INFO - [2026-04-05T05:12:34.196+0000] {dag.py:3947} INFO - Setting next_dagrun for mls_ingest_pipeline to 2026-04-05 00:00:00+00:00, run_after=2026-04-12 00:00:00+00:00
[2026-04-05T05:12:34.211+0000] {processor.py:183} INFO - Processing /opt/airflow/dags/mls_ingest_dag.py took 0.083 seconds
[2026-04-05T05:13:04.393+0000] {processor.py:161} INFO - Started process (PID=101) to work on /opt/airflow/dags/mls_ingest_dag.py
[2026-04-05T05:13:04.393+0000] {processor.py:830} INFO - Processing file /opt/airflow/dags/mls_ingest_dag.py for tasks to queue
[2026-04-05T05:13:04.396+0000] {logging_mixin.py:188} INFO - [2026-04-05T05:13:04.396+0000] {dagbag.py:545} INFO - Filling up the DagBag from /opt/airflow/dags/mls_ingest_dag.py
[2026-04-05T05:13:04.408+0000] {processor.py:840} INFO - DAG(s) 'mls_ingest_pipeline' retrieved from /opt/airflow/dags/mls_ingest_dag.py
[2026-04-05T05:13:04.429+0000] {logging_mixin.py:188} INFO - [2026-04-05T05:13:04.429+0000] {dag.py:3089} INFO - Sync 1 DAGs
[2026-04-05T05:13:04.438+0000] {logging_mixin.py:188} INFO - [2026-04-05T05:13:04.438+0000] {dag.py:3947} INFO - Setting next_dagrun for mls_ingest_pipeline to 2026-04-05 00:00:00+00:00, run_after=2026-04-12 00:00:00+00:00
[2026-04-05T05:13:04.444+0000] {processor.py:183} INFO - Processing /opt/airflow/dags/mls_ingest_dag.py took 0.059 seconds
[2026-04-05T05:13:34.629+0000] {processor.py:161} INFO - Started process (PID=102) to work on /opt/airflow/dags/mls_ingest_dag.py
[2026-04-05T05:13:34.630+0000] {processor.py:830} INFO - Processing file /opt/airflow/dags/mls_ingest_dag.py for tasks to queue
[2026-04-05T05:13:34.632+0000] {logging_mixin.py:188} INFO - [2026-04-05T05:13:34.632+0000] {dagbag.py:545} INFO - Filling up the DagBag from /opt/airflow/dags/mls_ingest_dag.py
[2026-04-05T05:13:34.640+0000] {processor.py:840} INFO - DAG(s) 'mls_ingest_pipeline' retrieved from /opt/airflow/dags/mls_ingest_dag.py
[2026-04-05T05:13:34.659+0000] {logging_mixin.py:188} INFO - [2026-04-05T05:13:34.659+0000] {dag.py:3089} INFO - Sync 1 DAGs
[2026-04-05T05:13:34.668+0000] {logging_mixin.py:188} INFO - [2026-04-05T05:13:34.668+0000] {dag.py:3947} INFO - Setting next_dagrun for mls_ingest_pipeline to 2026-04-05 00:00:00+00:00, run_after=2026-04-12 00:00:00+00:00
[2026-04-05T05:13:34.675+0000] {processor.py:183} INFO - Processing /opt/airflow/dags/mls_ingest_dag.py took 0.050 seconds
[2026-04-05T05:14:04.890+0000] {processor.py:161} INFO - Started process (PID=103) to work on /opt/airflow/dags/mls_ingest_dag.py
[2026-04-05T05:14:04.890+0000] {processor.py:830} INFO - Processing file /opt/airflow/dags/mls_ingest_dag.py for tasks to queue
[2026-04-05T05:14:04.893+0000] {logging_mixin.py:188} INFO - [2026-04-05T05:14:04.892+0000] {dagbag.py:545} INFO - Filling up the DagBag from /opt/airflow/dags/mls_ingest_dag.py
[2026-04-05T05:14:04.904+0000] {processor.py:840} INFO - DAG(s) 'mls_ingest_pipeline' retrieved from /opt/airflow/dags/mls_ingest_dag.py
[2026-04-05T05:14:04.924+0000] {logging_mixin.py:188} INFO - [2026-04-05T05:14:04.924+0000] {dag.py:3089} INFO - Sync 1 DAGs
[2026-04-05T05:14:04.935+0000] {logging_mixin.py:188} INFO - [2026-04-05T05:14:04.935+0000] {dag.py:3947} INFO - Setting next_dagrun for mls_ingest_pipeline to 2026-04-05 00:00:00+00:00, run_after=2026-04-12 00:00:00+00:00
[2026-04-05T05:14:04.941+0000] {processor.py:183} INFO - Processing /opt/airflow/dags/mls_ingest_dag.py took 0.059 seconds
[2026-04-05T05:14:35.124+0000] {processor.py:161} INFO - Started process (PID=148) to work on /opt/airflow/dags/mls_ingest_dag.py
[2026-04-05T05:14:35.124+0000] {processor.py:830} INFO - Processing file /opt/airflow/dags/mls_ingest_dag.py for tasks to queue
[2026-04-05T05:14:35.125+0000] {logging_mixin.py:188} INFO - [2026-04-05T05:14:35.125+0000] {dagbag.py:545} INFO - Filling up the DagBag from /opt/airflow/dags/mls_ingest_dag.py
[2026-04-05T05:14:35.135+0000] {processor.py:840} INFO - DAG(s) 'mls_ingest_pipeline' retrieved from /opt/airflow/dags/mls_ingest_dag.py
[2026-04-05T05:14:35.155+0000] {logging_mixin.py:188} INFO - [2026-04-05T05:14:35.155+0000] {dag.py:3089} INFO - Sync 1 DAGs
[2026-04-05T05:14:35.167+0000] {logging_mixin.py:188} INFO - [2026-04-05T05:14:35.167+0000] {dag.py:3947} INFO - Setting next_dagrun for mls_ingest_pipeline to 2026-04-05 00:00:00+00:00, run_after=2026-04-12 00:00:00+00:00
[2026-04-05T05:14:35.173+0000] {processor.py:183} INFO - Processing /opt/airflow/dags/mls_ingest_dag.py took 0.054 seconds
[2026-04-05T05:15:05.377+0000] {processor.py:161} INFO - Started process (PID=149) to work on /opt/airflow/dags/mls_ingest_dag.py
[2026-04-05T05:15:05.378+0000] {processor.py:830} INFO - Processing file /opt/airflow/dags/mls_ingest_dag.py for tasks to queue
[2026-04-05T05:15:05.380+0000] {logging_mixin.py:188} INFO - [2026-04-05T05:15:05.379+0000] {dagbag.py:545} INFO - Filling up the DagBag from /opt/airflow/dags/mls_ingest_dag.py
[2026-04-05T05:15:05.389+0000] {processor.py:840} INFO - DAG(s) 'mls_ingest_pipeline' retrieved from /opt/airflow/dags/mls_ingest_dag.py
[2026-04-05T05:15:05.408+0000] {logging_mixin.py:188} INFO - [2026-04-05T05:15:05.408+0000] {dag.py:3089} INFO - Sync 1 DAGs
[2026-04-05T05:15:05.417+0000] {logging_mixin.py:188} INFO - [2026-04-05T05:15:05.417+0000] {dag.py:3947} INFO - Setting next_dagrun for mls_ingest_pipeline to 2026-04-05 00:00:00+00:00, run_after=2026-04-12 00:00:00+00:00
[2026-04-05T05:15:05.423+0000] {processor.py:183} INFO - Processing /opt/airflow/dags/mls_ingest_dag.py took 0.053 seconds
[2026-04-05T05:15:35.654+0000] {processor.py:161} INFO - Started process (PID=150) to work on /opt/airflow/dags/mls_ingest_dag.py
[2026-04-05T05:15:35.655+0000] {processor.py:830} INFO - Processing file /opt/airflow/dags/mls_ingest_dag.py for tasks to queue
[2026-04-05T05:15:35.657+0000] {logging_mixin.py:188} INFO - [2026-04-05T05:15:35.657+0000] {dagbag.py:545} INFO - Filling up the DagBag from /opt/airflow/dags/mls_ingest_dag.py
[2026-04-05T05:15:35.669+0000] {processor.py:840} INFO - DAG(s) 'mls_ingest_pipeline' retrieved from /opt/airflow/dags/mls_ingest_dag.py
[2026-04-05T05:15:35.689+0000] {logging_mixin.py:188} INFO - [2026-04-05T05:15:35.689+0000] {dag.py:3089} INFO - Sync 1 DAGs
[2026-04-05T05:15:35.700+0000] {logging_mixin.py:188} INFO - [2026-04-05T05:15:35.700+0000] {dag.py:3947} INFO - Setting next_dagrun for mls_ingest_pipeline to 2026-04-05 00:00:00+00:00, run_after=2026-04-12 00:00:00+00:00
[2026-04-05T05:15:35.706+0000] {processor.py:183} INFO - Processing /opt/airflow/dags/mls_ingest_dag.py took 0.060 seconds
[2026-04-05T05:16:05.909+0000] {processor.py:161} INFO - Started process (PID=151) to work on /opt/airflow/dags/mls_ingest_dag.py
[2026-04-05T05:16:05.910+0000] {processor.py:830} INFO - Processing file /opt/airflow/dags/mls_ingest_dag.py for tasks to queue
[2026-04-05T05:16:05.912+0000] {logging_mixin.py:188} INFO - [2026-04-05T05:16:05.911+0000] {dagbag.py:545} INFO - Filling up the DagBag from /opt/airflow/dags/mls_ingest_dag.py
[2026-04-05T05:16:05.921+0000] {processor.py:840} INFO - DAG(s) 'mls_ingest_pipeline' retrieved from /opt/airflow/dags/mls_ingest_dag.py
[2026-04-05T05:16:05.940+0000] {logging_mixin.py:188} INFO - [2026-04-05T05:16:05.939+0000] {dag.py:3089} INFO - Sync 1 DAGs
[2026-04-05T05:16:05.950+0000] {logging_mixin.py:188} INFO - [2026-04-05T05:16:05.950+0000] {dag.py:3947} INFO - Setting next_dagrun for mls_ingest_pipeline to 2026-04-05 00:00:00+00:00, run_after=2026-04-12 00:00:00+00:00
[2026-04-05T05:16:05.957+0000] {processor.py:183} INFO - Processing /opt/airflow/dags/mls_ingest_dag.py took 0.054 seconds
[2026-04-05T05:16:36.159+0000] {processor.py:161} INFO - Started process (PID=152) to work on /opt/airflow/dags/mls_ingest_dag.py
[2026-04-05T05:16:36.160+0000] {processor.py:830} INFO - Processing file /opt/airflow/dags/mls_ingest_dag.py for tasks to queue
[2026-04-05T05:16:36.162+0000] {logging_mixin.py:188} INFO - [2026-04-05T05:16:36.162+0000] {dagbag.py:545} INFO - Filling up the DagBag from /opt/airflow/dags/mls_ingest_dag.py
[2026-04-05T05:16:36.175+0000] {processor.py:840} INFO - DAG(s) 'mls_ingest_pipeline' retrieved from /opt/airflow/dags/mls_ingest_dag.py
[2026-04-05T05:16:36.197+0000] {logging_mixin.py:188} INFO - [2026-04-05T05:16:36.196+0000] {dag.py:3089} INFO - Sync 1 DAGs
[2026-04-05T05:16:36.206+0000] {logging_mixin.py:188} INFO - [2026-04-05T05:16:36.206+0000] {dag.py:3947} INFO - Setting next_dagrun for mls_ingest_pipeline to 2026-04-05 00:00:00+00:00, run_after=2026-04-12 00:00:00+00:00
[2026-04-05T05:16:36.212+0000] {processor.py:183} INFO - Processing /opt/airflow/dags/mls_ingest_dag.py took 0.061 seconds
[2026-04-05T05:17:06.413+0000] {processor.py:161} INFO - Started process (PID=175) to work on /opt/airflow/dags/mls_ingest_dag.py
[2026-04-05T05:17:06.414+0000] {processor.py:830} INFO - Processing file /opt/airflow/dags/mls_ingest_dag.py for tasks to queue
[2026-04-05T05:17:06.416+0000] {logging_mixin.py:188} INFO - [2026-04-05T05:17:06.415+0000] {dagbag.py:545} INFO - Filling up the DagBag from /opt/airflow/dags/mls_ingest_dag.py
[2026-04-05T05:17:06.425+0000] {processor.py:840} INFO - DAG(s) 'mls_ingest_pipeline' retrieved from /opt/airflow/dags/mls_ingest_dag.py
[2026-04-05T05:17:06.448+0000] {logging_mixin.py:188} INFO - [2026-04-05T05:17:06.448+0000] {dag.py:3089} INFO - Sync 1 DAGs
[2026-04-05T05:17:06.460+0000] {logging_mixin.py:188} INFO - [2026-04-05T05:17:06.460+0000] {dag.py:3947} INFO - Setting next_dagrun for mls_ingest_pipeline to 2026-04-05 00:00:00+00:00, run_after=2026-04-12 00:00:00+00:00
[2026-04-05T05:17:06.467+0000] {processor.py:183} INFO - Processing /opt/airflow/dags/mls_ingest_dag.py took 0.060 seconds
[2026-04-05T05:17:36.678+0000] {processor.py:161} INFO - Started process (PID=176) to work on /opt/airflow/dags/mls_ingest_dag.py
[2026-04-05T05:17:36.679+0000] {processor.py:830} INFO - Processing file /opt/airflow/dags/mls_ingest_dag.py for tasks to queue
[2026-04-05T05:17:36.681+0000] {logging_mixin.py:188} INFO - [2026-04-05T05:17:36.681+0000] {dagbag.py:545} INFO - Filling up the DagBag from /opt/airflow/dags/mls_ingest_dag.py
[2026-04-05T05:17:36.695+0000] {processor.py:840} INFO - DAG(s) 'mls_ingest_pipeline' retrieved from /opt/airflow/dags/mls_ingest_dag.py
[2026-04-05T05:17:36.716+0000] {logging_mixin.py:188} INFO - [2026-04-05T05:17:36.716+0000] {dag.py:3089} INFO - Sync 1 DAGs
[2026-04-05T05:17:36.727+0000] {logging_mixin.py:188} INFO - [2026-04-05T05:17:36.726+0000] {dag.py:3947} INFO - Setting next_dagrun for mls_ingest_pipeline to 2026-04-05 00:00:00+00:00, run_after=2026-04-12 00:00:00+00:00
[2026-04-05T05:17:36.733+0000] {processor.py:183} INFO - Processing /opt/airflow/dags/mls_ingest_dag.py took 0.062 seconds
[2026-04-05T05:18:06.943+0000] {processor.py:161} INFO - Started process (PID=177) to work on /opt/airflow/dags/mls_ingest_dag.py
[2026-04-05T05:18:06.944+0000] {processor.py:830} INFO - Processing file /opt/airflow/dags/mls_ingest_dag.py for tasks to queue
[2026-04-05T05:18:06.945+0000] {logging_mixin.py:188} INFO - [2026-04-05T05:18:06.945+0000] {dagbag.py:545} INFO - Filling up the DagBag from /opt/airflow/dags/mls_ingest_dag.py
[2026-04-05T05:18:06.954+0000] {processor.py:840} INFO - DAG(s) 'mls_ingest_pipeline' retrieved from /opt/airflow/dags/mls_ingest_dag.py
[2026-04-05T05:18:06.972+0000] {logging_mixin.py:188} INFO - [2026-04-05T05:18:06.972+0000] {dag.py:3089} INFO - Sync 1 DAGs
[2026-04-05T05:18:06.982+0000] {logging_mixin.py:188} INFO - [2026-04-05T05:18:06.982+0000] {dag.py:3947} INFO - Setting next_dagrun for mls_ingest_pipeline to 2026-04-05 00:00:00+00:00, run_after=2026-04-12 00:00:00+00:00
[2026-04-05T05:18:06.988+0000] {processor.py:183} INFO - Processing /opt/airflow/dags/mls_ingest_dag.py took 0.052 seconds
[2026-04-05T05:18:37.193+0000] {processor.py:161} INFO - Started process (PID=178) to work on /opt/airflow/dags/mls_ingest_dag.py
[2026-04-05T05:18:37.193+0000] {processor.py:830} INFO - Processing file /opt/airflow/dags/mls_ingest_dag.py for tasks to queue
[2026-04-05T05:18:37.196+0000] {logging_mixin.py:188} INFO - [2026-04-05T05:18:37.195+0000] {dagbag.py:545} INFO - Filling up the DagBag from /opt/airflow/dags/mls_ingest_dag.py
[2026-04-05T05:18:37.209+0000] {processor.py:840} INFO - DAG(s) 'mls_ingest_pipeline' retrieved from /opt/airflow/dags/mls_ingest_dag.py
[2026-04-05T05:18:37.230+0000] {logging_mixin.py:188} INFO - [2026-04-05T05:18:37.230+0000] {dag.py:3089} INFO - Sync 1 DAGs
[2026-04-05T05:18:37.239+0000] {logging_mixin.py:188} INFO - [2026-04-05T05:18:37.239+0000] {dag.py:3947} INFO - Setting next_dagrun for mls_ingest_pipeline to 2026-04-05 00:00:00+00:00, run_after=2026-04-12 00:00:00+00:00
[2026-04-05T05:18:37.245+0000] {processor.py:183} INFO - Processing /opt/airflow/dags/mls_ingest_dag.py took 0.060 seconds
[2026-04-05T05:19:07.475+0000] {processor.py:161} INFO - Started process (PID=179) to work on /opt/airflow/dags/mls_ingest_dag.py
[2026-04-05T05:19:07.477+0000] {processor.py:830} INFO - Processing file /opt/airflow/dags/mls_ingest_dag.py for tasks to queue
[2026-04-05T05:19:07.479+0000] {logging_mixin.py:188} INFO - [2026-04-05T05:19:07.478+0000] {dagbag.py:545} INFO - Filling up the DagBag from /opt/airflow/dags/mls_ingest_dag.py
[2026-04-05T05:19:07.488+0000] {processor.py:840} INFO - DAG(s) 'mls_ingest_pipeline' retrieved from /opt/airflow/dags/mls_ingest_dag.py
[2026-04-05T05:19:07.505+0000] {logging_mixin.py:188} INFO - [2026-04-05T05:19:07.505+0000] {dag.py:3089} INFO - Sync 1 DAGs
[2026-04-05T05:19:07.515+0000] {logging_mixin.py:188} INFO - [2026-04-05T05:19:07.515+0000] {dag.py:3947} INFO - Setting next_dagrun for mls_ingest_pipeline to 2026-04-05 00:00:00+00:00, run_after=2026-04-12 00:00:00+00:00
[2026-04-05T05:19:07.521+0000] {processor.py:183} INFO - Processing /opt/airflow/dags/mls_ingest_dag.py took 0.053 seconds
[2026-04-05T05:19:37.748+0000] {processor.py:161} INFO - Started process (PID=180) to work on /opt/airflow/dags/mls_ingest_dag.py
[2026-04-05T05:19:37.748+0000] {processor.py:830} INFO - Processing file /opt/airflow/dags/mls_ingest_dag.py for tasks to queue
[2026-04-05T05:19:37.750+0000] {logging_mixin.py:188} INFO - [2026-04-05T05:19:37.749+0000] {dagbag.py:545} INFO - Filling up the DagBag from /opt/airflow/dags/mls_ingest_dag.py
[2026-04-05T05:19:37.758+0000] {processor.py:840} INFO - DAG(s) 'mls_ingest_pipeline' retrieved from /opt/airflow/dags/mls_ingest_dag.py
[2026-04-05T05:19:37.776+0000] {logging_mixin.py:188} INFO - [2026-04-05T05:19:37.776+0000] {dag.py:3089} INFO - Sync 1 DAGs
[2026-04-05T05:19:37.785+0000] {logging_mixin.py:188} INFO - [2026-04-05T05:19:37.785+0000] {dag.py:3947} INFO - Setting next_dagrun for mls_ingest_pipeline to 2026-04-05 00:00:00+00:00, run_after=2026-04-12 00:00:00+00:00
[2026-04-05T05:19:37.792+0000] {processor.py:183} INFO - Processing /opt/airflow/dags/mls_ingest_dag.py took 0.049 seconds
[2026-04-05T05:20:08.021+0000] {processor.py:161} INFO - Started process (PID=181) to work on /opt/airflow/dags/mls_ingest_dag.py
[2026-04-05T05:20:08.022+0000] {processor.py:830} INFO - Processing file /opt/airflow/dags/mls_ingest_dag.py for tasks to queue
[2026-04-05T05:20:08.023+0000] {logging_mixin.py:188} INFO - [2026-04-05T05:20:08.023+0000] {dagbag.py:545} INFO - Filling up the DagBag from /opt/airflow/dags/mls_ingest_dag.py
[2026-04-05T05:20:08.033+0000] {processor.py:840} INFO - DAG(s) 'mls_ingest_pipeline' retrieved from /opt/airflow/dags/mls_ingest_dag.py
[2026-04-05T05:20:08.051+0000] {logging_mixin.py:188} INFO - [2026-04-05T05:20:08.051+0000] {dag.py:3089} INFO - Sync 1 DAGs
[2026-04-05T05:20:08.061+0000] {logging_mixin.py:188} INFO - [2026-04-05T05:20:08.061+0000] {dag.py:3947} INFO - Setting next_dagrun for mls_ingest_pipeline to 2026-04-05 00:00:00+00:00, run_after=2026-04-12 00:00:00+00:00
[2026-04-05T05:20:08.067+0000] {processor.py:183} INFO - Processing /opt/airflow/dags/mls_ingest_dag.py took 0.051 seconds
[2026-04-05T05:20:38.288+0000] {processor.py:161} INFO - Started process (PID=182) to work on /opt/airflow/dags/mls_ingest_dag.py
[2026-04-05T05:20:38.289+0000] {processor.py:830} INFO - Processing file /opt/airflow/dags/mls_ingest_dag.py for tasks to queue
[2026-04-05T05:20:38.292+0000] {logging_mixin.py:188} INFO - [2026-04-05T05:20:38.291+0000] {dagbag.py:545} INFO - Filling up the DagBag from /opt/airflow/dags/mls_ingest_dag.py
[2026-04-05T05:20:38.305+0000] {processor.py:840} INFO - DAG(s) 'mls_ingest_pipeline' retrieved from /opt/airflow/dags/mls_ingest_dag.py
[2026-04-05T05:20:38.326+0000] {logging_mixin.py:188} INFO - [2026-04-05T05:20:38.326+0000] {dag.py:3089} INFO - Sync 1 DAGs
[2026-04-05T05:20:38.336+0000] {logging_mixin.py:188} INFO - [2026-04-05T05:20:38.336+0000] {dag.py:3947} INFO - Setting next_dagrun for mls_ingest_pipeline to 2026-04-05 00:00:00+00:00, run_after=2026-04-12 00:00:00+00:00
[2026-04-05T05:20:38.343+0000] {processor.py:183} INFO - Processing /opt/airflow/dags/mls_ingest_dag.py took 0.062 seconds
[2026-04-05T05:21:08.573+0000] {processor.py:161} INFO - Started process (PID=183) to work on /opt/airflow/dags/mls_ingest_dag.py
[2026-04-05T05:21:08.574+0000] {processor.py:830} INFO - Processing file /opt/airflow/dags/mls_ingest_dag.py for tasks to queue
[2026-04-05T05:21:08.575+0000] {logging_mixin.py:188} INFO - [2026-04-05T05:21:08.575+0000] {dagbag.py:545} INFO - Filling up the DagBag from /opt/airflow/dags/mls_ingest_dag.py
[2026-04-05T05:21:08.585+0000] {processor.py:840} INFO - DAG(s) 'mls_ingest_pipeline' retrieved from /opt/airflow/dags/mls_ingest_dag.py
[2026-04-05T05:21:08.605+0000] {logging_mixin.py:188} INFO - [2026-04-05T05:21:08.605+0000] {dag.py:3089} INFO - Sync 1 DAGs
[2026-04-05T05:21:08.615+0000] {logging_mixin.py:188} INFO - [2026-04-05T05:21:08.615+0000] {dag.py:3947} INFO - Setting next_dagrun for mls_ingest_pipeline to 2026-04-05 00:00:00+00:00, run_after=2026-04-12 00:00:00+00:00
[2026-04-05T05:21:08.621+0000] {processor.py:183} INFO - Processing /opt/airflow/dags/mls_ingest_dag.py took 0.054 seconds
[2026-04-05T05:21:38.843+0000] {processor.py:161} INFO - Started process (PID=184) to work on /opt/airflow/dags/mls_ingest_dag.py
[2026-04-05T05:21:38.844+0000] {processor.py:830} INFO - Processing file /opt/airflow/dags/mls_ingest_dag.py for tasks to queue
[2026-04-05T05:21:38.845+0000] {logging_mixin.py:188} INFO - [2026-04-05T05:21:38.845+0000] {dagbag.py:545} INFO - Filling up the DagBag from /opt/airflow/dags/mls_ingest_dag.py
[2026-04-05T05:21:38.854+0000] {processor.py:840} INFO - DAG(s) 'mls_ingest_pipeline' retrieved from /opt/airflow/dags/mls_ingest_dag.py
[2026-04-05T05:21:38.872+0000] {logging_mixin.py:188} INFO - [2026-04-05T05:21:38.872+0000] {dag.py:3089} INFO - Sync 1 DAGs
[2026-04-05T05:21:38.882+0000] {logging_mixin.py:188} INFO - [2026-04-05T05:21:38.882+0000] {dag.py:3947} INFO - Setting next_dagrun for mls_ingest_pipeline to 2026-04-05 00:00:00+00:00, run_after=2026-04-12 00:00:00+00:00
[2026-04-05T05:21:38.888+0000] {processor.py:183} INFO - Processing /opt/airflow/dags/mls_ingest_dag.py took 0.050 seconds
[2026-04-05T05:22:09.113+0000] {processor.py:161} INFO - Started process (PID=207) to work on /opt/airflow/dags/mls_ingest_dag.py
[2026-04-05T05:22:09.114+0000] {processor.py:830} INFO - Processing file /opt/airflow/dags/mls_ingest_dag.py for tasks to queue
[2026-04-05T05:22:09.117+0000] {logging_mixin.py:188} INFO - [2026-04-05T05:22:09.116+0000] {dagbag.py:545} INFO - Filling up the DagBag from /opt/airflow/dags/mls_ingest_dag.py
[2026-04-05T05:22:09.130+0000] {processor.py:840} INFO - DAG(s) 'mls_ingest_pipeline' retrieved from /opt/airflow/dags/mls_ingest_dag.py
[2026-04-05T05:22:09.151+0000] {logging_mixin.py:188} INFO - [2026-04-05T05:22:09.151+0000] {dag.py:3089} INFO - Sync 1 DAGs
[2026-04-05T05:22:09.161+0000] {logging_mixin.py:188} INFO - [2026-04-05T05:22:09.160+0000] {dag.py:3947} INFO - Setting next_dagrun for mls_ingest_pipeline to 2026-04-05 00:00:00+00:00, run_after=2026-04-12 00:00:00+00:00
[2026-04-05T05:22:09.167+0000] {processor.py:183} INFO - Processing /opt/airflow/dags/mls_ingest_dag.py took 0.061 seconds
[2026-04-05T05:22:39.353+0000] {processor.py:161} INFO - Started process (PID=230) to work on /opt/airflow/dags/mls_ingest_dag.py
[2026-04-05T05:22:39.354+0000] {processor.py:830} INFO - Processing file /opt/airflow/dags/mls_ingest_dag.py for tasks to queue
[2026-04-05T05:22:39.356+0000] {logging_mixin.py:188} INFO - [2026-04-05T05:22:39.356+0000] {dagbag.py:545} INFO - Filling up the DagBag from /opt/airflow/dags/mls_ingest_dag.py
[2026-04-05T05:22:39.366+0000] {processor.py:840} INFO - DAG(s) 'mls_ingest_pipeline' retrieved from /opt/airflow/dags/mls_ingest_dag.py
[2026-04-05T05:22:39.387+0000] {logging_mixin.py:188} INFO - [2026-04-05T05:22:39.386+0000] {dag.py:3089} INFO - Sync 1 DAGs
[2026-04-05T05:22:39.397+0000] {logging_mixin.py:188} INFO - [2026-04-05T05:22:39.397+0000] {dag.py:3947} INFO - Setting next_dagrun for mls_ingest_pipeline to 2026-04-05 00:00:00+00:00, run_after=2026-04-12 00:00:00+00:00
[2026-04-05T05:22:39.403+0000] {processor.py:183} INFO - Processing /opt/airflow/dags/mls_ingest_dag.py took 0.057 seconds
[2026-04-05T05:23:09.651+0000] {processor.py:161} INFO - Started process (PID=231) to work on /opt/airflow/dags/mls_ingest_dag.py
[2026-04-05T05:23:09.652+0000] {processor.py:830} INFO - Processing file /opt/airflow/dags/mls_ingest_dag.py for tasks to queue
[2026-04-05T05:23:09.653+0000] {logging_mixin.py:188} INFO - [2026-04-05T05:23:09.653+0000] {dagbag.py:545} INFO - Filling up the DagBag from /opt/airflow/dags/mls_ingest_dag.py
[2026-04-05T05:23:09.660+0000] {processor.py:840} INFO - DAG(s) 'mls_ingest_pipeline' retrieved from /opt/airflow/dags/mls_ingest_dag.py
[2026-04-05T05:23:09.674+0000] {logging_mixin.py:188} INFO - [2026-04-05T05:23:09.674+0000] {dag.py:3089} INFO - Sync 1 DAGs
[2026-04-05T05:23:09.683+0000] {logging_mixin.py:188} INFO - [2026-04-05T05:23:09.683+0000] {dag.py:3947} INFO - Setting next_dagrun for mls_ingest_pipeline to 2026-04-05 00:00:00+00:00, run_after=2026-04-12 00:00:00+00:00
[2026-04-05T05:23:09.689+0000] {processor.py:183} INFO - Processing /opt/airflow/dags/mls_ingest_dag.py took 0.041 seconds
[2026-04-05T05:23:39.912+0000] {processor.py:161} INFO - Started process (PID=232) to work on /opt/airflow/dags/mls_ingest_dag.py
[2026-04-05T05:23:39.912+0000] {processor.py:830} INFO - Processing file /opt/airflow/dags/mls_ingest_dag.py for tasks to queue
[2026-04-05T05:23:39.913+0000] {logging_mixin.py:188} INFO - [2026-04-05T05:23:39.913+0000] {dagbag.py:545} INFO - Filling up the DagBag from /opt/airflow/dags/mls_ingest_dag.py
[2026-04-05T05:23:39.919+0000] {processor.py:840} INFO - DAG(s) 'mls_ingest_pipeline' retrieved from /opt/airflow/dags/mls_ingest_dag.py
[2026-04-05T05:23:39.931+0000] {logging_mixin.py:188} INFO - [2026-04-05T05:23:39.931+0000] {dag.py:3089} INFO - Sync 1 DAGs
[2026-04-05T05:23:39.939+0000] {logging_mixin.py:188} INFO - [2026-04-05T05:23:39.939+0000] {dag.py:3947} INFO - Setting next_dagrun for mls_ingest_pipeline to 2026-04-05 00:00:00+00:00, run_after=2026-04-12 00:00:00+00:00
[2026-04-05T05:23:39.945+0000] {processor.py:183} INFO - Processing /opt/airflow/dags/mls_ingest_dag.py took 0.037 seconds
[2026-04-05T05:24:10.169+0000] {processor.py:161} INFO - Started process (PID=233) to work on /opt/airflow/dags/mls_ingest_dag.py
[2026-04-05T05:24:10.169+0000] {processor.py:830} INFO - Processing file /opt/airflow/dags/mls_ingest_dag.py for tasks to queue
[2026-04-05T05:24:10.172+0000] {logging_mixin.py:188} INFO - [2026-04-05T05:24:10.171+0000] {dagbag.py:545} INFO - Filling up the DagBag from /opt/airflow/dags/mls_ingest_dag.py
[2026-04-05T05:24:10.185+0000] {processor.py:840} INFO - DAG(s) 'mls_ingest_pipeline' retrieved from /opt/airflow/dags/mls_ingest_dag.py
[2026-04-05T05:24:10.206+0000] {logging_mixin.py:188} INFO - [2026-04-05T05:24:10.206+0000] {dag.py:3089} INFO - Sync 1 DAGs
[2026-04-05T05:24:10.215+0000] {logging_mixin.py:188} INFO - [2026-04-05T05:24:10.215+0000] {dag.py:3947} INFO - Setting next_dagrun for mls_ingest_pipeline to 2026-04-05 00:00:00+00:00, run_after=2026-04-12 00:00:00+00:00
[2026-04-05T05:24:10.221+0000] {processor.py:183} INFO - Processing /opt/airflow/dags/mls_ingest_dag.py took 0.059 seconds
[2026-04-05T05:24:40.417+0000] {processor.py:161} INFO - Started process (PID=235) to work on /opt/airflow/dags/mls_ingest_dag.py
[2026-04-05T05:24:40.418+0000] {processor.py:830} INFO - Processing file /opt/airflow/dags/mls_ingest_dag.py for tasks to queue
[2026-04-05T05:24:40.419+0000] {logging_mixin.py:188} INFO - [2026-04-05T05:24:40.419+0000] {dagbag.py:545} INFO - Filling up the DagBag from /opt/airflow/dags/mls_ingest_dag.py
[2026-04-05T05:24:40.426+0000] {processor.py:840} INFO - DAG(s) 'mls_ingest_pipeline' retrieved from /opt/airflow/dags/mls_ingest_dag.py
[2026-04-05T05:24:40.441+0000] {logging_mixin.py:188} INFO - [2026-04-05T05:24:40.441+0000] {dag.py:3089} INFO - Sync 1 DAGs
[2026-04-05T05:24:40.450+0000] {logging_mixin.py:188} INFO - [2026-04-05T05:24:40.450+0000] {dag.py:3947} INFO - Setting next_dagrun for mls_ingest_pipeline to 2026-04-05 00:00:00+00:00, run_after=2026-04-12 00:00:00+00:00
[2026-04-05T05:24:40.456+0000] {processor.py:183} INFO - Processing /opt/airflow/dags/mls_ingest_dag.py took 0.043 seconds
[2026-04-05T05:25:10.675+0000] {processor.py:161} INFO - Started process (PID=257) to work on /opt/airflow/dags/mls_ingest_dag.py
[2026-04-05T05:25:10.676+0000] {processor.py:830} INFO - Processing file /opt/airflow/dags/mls_ingest_dag.py for tasks to queue
[2026-04-05T05:25:10.678+0000] {logging_mixin.py:188} INFO - [2026-04-05T05:25:10.678+0000] {dagbag.py:545} INFO - Filling up the DagBag from /opt/airflow/dags/mls_ingest_dag.py
[2026-04-05T05:25:10.687+0000] {processor.py:840} INFO - DAG(s) 'mls_ingest_pipeline' retrieved from /opt/airflow/dags/mls_ingest_dag.py
[2026-04-05T05:25:10.704+0000] {logging_mixin.py:188} INFO - [2026-04-05T05:25:10.704+0000] {dag.py:3089} INFO - Sync 1 DAGs
[2026-04-05T05:25:10.712+0000] {logging_mixin.py:188} INFO - [2026-04-05T05:25:10.712+0000] {dag.py:3947} INFO - Setting next_dagrun for mls_ingest_pipeline to 2026-04-05 00:00:00+00:00, run_after=2026-04-12 00:00:00+00:00
[2026-04-05T05:25:10.717+0000] {processor.py:183} INFO - Processing /opt/airflow/dags/mls_ingest_dag.py took 0.048 seconds
[2026-04-05T05:25:40.904+0000] {processor.py:161} INFO - Started process (PID=258) to work on /opt/airflow/dags/mls_ingest_dag.py
[2026-04-05T05:25:40.904+0000] {processor.py:830} INFO - Processing file /opt/airflow/dags/mls_ingest_dag.py for tasks to queue
[2026-04-05T05:25:40.907+0000] {logging_mixin.py:188} INFO - [2026-04-05T05:25:40.906+0000] {dagbag.py:545} INFO - Filling up the DagBag from /opt/airflow/dags/mls_ingest_dag.py
[2026-04-05T05:25:40.919+0000] {processor.py:840} INFO - DAG(s) 'mls_ingest_pipeline' retrieved from /opt/airflow/dags/mls_ingest_dag.py
[2026-04-05T05:25:40.940+0000] {logging_mixin.py:188} INFO - [2026-04-05T05:25:40.940+0000] {dag.py:3089} INFO - Sync 1 DAGs
[2026-04-05T05:25:40.951+0000] {logging_mixin.py:188} INFO - [2026-04-05T05:25:40.951+0000] {dag.py:3947} INFO - Setting next_dagrun for mls_ingest_pipeline to 2026-04-05 00:00:00+00:00, run_after=2026-04-12 00:00:00+00:00
[2026-04-05T05:25:40.959+0000] {processor.py:183} INFO - Processing /opt/airflow/dags/mls_ingest_dag.py took 0.060 seconds
[2026-04-05T05:26:11.141+0000] {processor.py:161} INFO - Started process (PID=259) to work on /opt/airflow/dags/mls_ingest_dag.py
[2026-04-05T05:26:11.142+0000] {processor.py:830} INFO - Processing file /opt/airflow/dags/mls_ingest_dag.py for tasks to queue
[2026-04-05T05:26:11.143+0000] {logging_mixin.py:188} INFO - [2026-04-05T05:26:11.143+0000] {dagbag.py:545} INFO - Filling up the DagBag from /opt/airflow/dags/mls_ingest_dag.py
[2026-04-05T05:26:11.149+0000] {processor.py:840} INFO - DAG(s) 'mls_ingest_pipeline' retrieved from /opt/airflow/dags/mls_ingest_dag.py
[2026-04-05T05:26:11.163+0000] {logging_mixin.py:188} INFO - [2026-04-05T05:26:11.163+0000] {dag.py:3089} INFO - Sync 1 DAGs
[2026-04-05T05:26:11.175+0000] {logging_mixin.py:188} INFO - [2026-04-05T05:26:11.175+0000] {dag.py:3947} INFO - Setting next_dagrun for mls_ingest_pipeline to 2026-04-05 00:00:00+00:00, run_after=2026-04-12 00:00:00+00:00
[2026-04-05T05:26:11.181+0000] {processor.py:183} INFO - Processing /opt/airflow/dags/mls_ingest_dag.py took 0.046 seconds
[2026-04-05T05:26:41.345+0000] {processor.py:161} INFO - Started process (PID=282) to work on /opt/airflow/dags/mls_ingest_dag.py
[2026-04-05T05:26:41.346+0000] {processor.py:830} INFO - Processing file /opt/airflow/dags/mls_ingest_dag.py for tasks to queue
[2026-04-05T05:26:41.347+0000] {logging_mixin.py:188} INFO - [2026-04-05T05:26:41.347+0000] {dagbag.py:545} INFO - Filling up the DagBag from /opt/airflow/dags/mls_ingest_dag.py
[2026-04-05T05:26:41.355+0000] {processor.py:840} INFO - DAG(s) 'mls_ingest_pipeline' retrieved from /opt/airflow/dags/mls_ingest_dag.py
[2026-04-05T05:26:41.370+0000] {logging_mixin.py:188} INFO - [2026-04-05T05:26:41.370+0000] {dag.py:3089} INFO - Sync 1 DAGs
[2026-04-05T05:26:41.379+0000] {logging_mixin.py:188} INFO - [2026-04-05T05:26:41.379+0000] {dag.py:3947} INFO - Setting next_dagrun for mls_ingest_pipeline to 2026-04-05 00:00:00+00:00, run_after=2026-04-12 00:00:00+00:00
[2026-04-05T05:26:41.385+0000] {processor.py:183} INFO - Processing /opt/airflow/dags/mls_ingest_dag.py took 0.045 seconds
[2026-04-05T05:27:11.537+0000] {processor.py:161} INFO - Started process (PID=283) to work on /opt/airflow/dags/mls_ingest_dag.py
[2026-04-05T05:27:11.537+0000] {processor.py:830} INFO - Processing file /opt/airflow/dags/mls_ingest_dag.py for tasks to queue
[2026-04-05T05:27:11.538+0000] {logging_mixin.py:188} INFO - [2026-04-05T05:27:11.538+0000] {dagbag.py:545} INFO - Filling up the DagBag from /opt/airflow/dags/mls_ingest_dag.py
[2026-04-05T05:27:11.543+0000] {processor.py:840} INFO - DAG(s) 'mls_ingest_pipeline' retrieved from /opt/airflow/dags/mls_ingest_dag.py
[2026-04-05T05:27:11.567+0000] {logging_mixin.py:188} INFO - [2026-04-05T05:27:11.567+0000] {dag.py:3089} INFO - Sync 1 DAGs
[2026-04-05T05:27:11.578+0000] {logging_mixin.py:188} INFO - [2026-04-05T05:27:11.578+0000] {dag.py:3947} INFO - Setting next_dagrun for mls_ingest_pipeline to 2026-04-05 00:00:00+00:00, run_after=2026-04-12 00:00:00+00:00
[2026-04-05T05:27:11.583+0000] {processor.py:183} INFO - Processing /opt/airflow/dags/mls_ingest_dag.py took 0.050 seconds
[2026-04-05T05:27:41.818+0000] {processor.py:161} INFO - Started process (PID=284) to work on /opt/airflow/dags/mls_ingest_dag.py
[2026-04-05T05:27:41.819+0000] {processor.py:830} INFO - Processing file /opt/airflow/dags/mls_ingest_dag.py for tasks to queue
[2026-04-05T05:27:41.822+0000] {logging_mixin.py:188} INFO - [2026-04-05T05:27:41.821+0000] {dagbag.py:545} INFO - Filling up the DagBag from /opt/airflow/dags/mls_ingest_dag.py
[2026-04-05T05:27:41.836+0000] {processor.py:840} INFO - DAG(s) 'mls_ingest_pipeline' retrieved from /opt/airflow/dags/mls_ingest_dag.py
[2026-04-05T05:27:41.856+0000] {logging_mixin.py:188} INFO - [2026-04-05T05:27:41.856+0000] {dag.py:3089} INFO - Sync 1 DAGs
[2026-04-05T05:27:41.867+0000] {logging_mixin.py:188} INFO - [2026-04-05T05:27:41.867+0000] {dag.py:3947} INFO - Setting next_dagrun for mls_ingest_pipeline to 2026-04-05 00:00:00+00:00, run_after=2026-04-12 00:00:00+00:00
[2026-04-05T05:27:41.875+0000] {processor.py:183} INFO - Processing /opt/airflow/dags/mls_ingest_dag.py took 0.064 seconds
[2026-04-05T05:28:12.062+0000] {processor.py:161} INFO - Started process (PID=285) to work on /opt/airflow/dags/mls_ingest_dag.py
[2026-04-05T05:28:12.063+0000] {processor.py:830} INFO - Processing file /opt/airflow/dags/mls_ingest_dag.py for tasks to queue
[2026-04-05T05:28:12.067+0000] {logging_mixin.py:188} INFO - [2026-04-05T05:28:12.066+0000] {dagbag.py:545} INFO - Filling up the DagBag from /opt/airflow/dags/mls_ingest_dag.py
[2026-04-05T05:28:12.076+0000] {processor.py:840} INFO - DAG(s) 'mls_ingest_pipeline' retrieved from /opt/airflow/dags/mls_ingest_dag.py
[2026-04-05T05:28:12.095+0000] {logging_mixin.py:188} INFO - [2026-04-05T05:28:12.095+0000] {dag.py:3089} INFO - Sync 1 DAGs
[2026-04-05T05:28:12.106+0000] {logging_mixin.py:188} INFO - [2026-04-05T05:28:12.105+0000] {dag.py:3947} INFO - Setting next_dagrun for mls_ingest_pipeline to 2026-04-05 00:00:00+00:00, run_after=2026-04-12 00:00:00+00:00
[2026-04-05T05:28:12.111+0000] {processor.py:183} INFO - Processing /opt/airflow/dags/mls_ingest_dag.py took 0.054 seconds
[2026-04-05T05:28:42.276+0000] {processor.py:161} INFO - Started process (PID=286) to work on /opt/airflow/dags/mls_ingest_dag.py
[2026-04-05T05:28:42.277+0000] {processor.py:830} INFO - Processing file /opt/airflow/dags/mls_ingest_dag.py for tasks to queue
[2026-04-05T05:28:42.278+0000] {logging_mixin.py:188} INFO - [2026-04-05T05:28:42.278+0000] {dagbag.py:545} INFO - Filling up the DagBag from /opt/airflow/dags/mls_ingest_dag.py
[2026-04-05T05:28:42.283+0000] {processor.py:840} INFO - DAG(s) 'mls_ingest_pipeline' retrieved from /opt/airflow/dags/mls_ingest_dag.py
[2026-04-05T05:28:42.299+0000] {logging_mixin.py:188} INFO - [2026-04-05T05:28:42.299+0000] {dag.py:3089} INFO - Sync 1 DAGs
[2026-04-05T05:28:42.307+0000] {logging_mixin.py:188} INFO - [2026-04-05T05:28:42.307+0000] {dag.py:3947} INFO - Setting next_dagrun for mls_ingest_pipeline to 2026-04-05 00:00:00+00:00, run_after=2026-04-12 00:00:00+00:00
[2026-04-05T05:28:42.315+0000] {processor.py:183} INFO - Processing /opt/airflow/dags/mls_ingest_dag.py took 0.043 seconds
[2026-04-05T05:29:12.543+0000] {processor.py:161} INFO - Started process (PID=309) to work on /opt/airflow/dags/mls_ingest_dag.py
[2026-04-05T05:29:12.544+0000] {processor.py:830} INFO - Processing file /opt/airflow/dags/mls_ingest_dag.py for tasks to queue
[2026-04-05T05:29:12.547+0000] {logging_mixin.py:188} INFO - [2026-04-05T05:29:12.546+0000] {dagbag.py:545} INFO - Filling up the DagBag from /opt/airflow/dags/mls_ingest_dag.py
[2026-04-05T05:29:12.558+0000] {processor.py:840} INFO - DAG(s) 'mls_ingest_pipeline' retrieved from /opt/airflow/dags/mls_ingest_dag.py
[2026-04-05T05:29:12.578+0000] {logging_mixin.py:188} INFO - [2026-04-05T05:29:12.578+0000] {dag.py:3089} INFO - Sync 1 DAGs
[2026-04-05T05:29:12.587+0000] {logging_mixin.py:188} INFO - [2026-04-05T05:29:12.587+0000] {dag.py:3947} INFO - Setting next_dagrun for mls_ingest_pipeline to 2026-04-05 00:00:00+00:00, run_after=2026-04-12 00:00:00+00:00
[2026-04-05T05:29:12.593+0000] {processor.py:183} INFO - Processing /opt/airflow/dags/mls_ingest_dag.py took 0.057 seconds
[2026-04-05T05:29:42.785+0000] {processor.py:161} INFO - Started process (PID=310) to work on /opt/airflow/dags/mls_ingest_dag.py
[2026-04-05T05:29:42.786+0000] {processor.py:830} INFO - Processing file /opt/airflow/dags/mls_ingest_dag.py for tasks to queue
[2026-04-05T05:29:42.787+0000] {logging_mixin.py:188} INFO - [2026-04-05T05:29:42.787+0000] {dagbag.py:545} INFO - Filling up the DagBag from /opt/airflow/dags/mls_ingest_dag.py
[2026-04-05T05:29:42.794+0000] {processor.py:840} INFO - DAG(s) 'mls_ingest_pipeline' retrieved from /opt/airflow/dags/mls_ingest_dag.py
[2026-04-05T05:29:42.807+0000] {logging_mixin.py:188} INFO - [2026-04-05T05:29:42.807+0000] {dag.py:3089} INFO - Sync 1 DAGs
[2026-04-05T05:29:42.816+0000] {logging_mixin.py:188} INFO - [2026-04-05T05:29:42.816+0000] {dag.py:3947} INFO - Setting next_dagrun for mls_ingest_pipeline to 2026-04-05 00:00:00+00:00, run_after=2026-04-12 00:00:00+00:00
[2026-04-05T05:29:42.821+0000] {processor.py:183} INFO - Processing /opt/airflow/dags/mls_ingest_dag.py took 0.040 seconds
[2026-04-05T05:30:13.020+0000] {processor.py:161} INFO - Started process (PID=311) to work on /opt/airflow/dags/mls_ingest_dag.py
[2026-04-05T05:30:13.020+0000] {processor.py:830} INFO - Processing file /opt/airflow/dags/mls_ingest_dag.py for tasks to queue
[2026-04-05T05:30:13.023+0000] {logging_mixin.py:188} INFO - [2026-04-05T05:30:13.022+0000] {dagbag.py:545} INFO - Filling up the DagBag from /opt/airflow/dags/mls_ingest_dag.py
[2026-04-05T05:30:13.032+0000] {processor.py:840} INFO - DAG(s) 'mls_ingest_pipeline' retrieved from /opt/airflow/dags/mls_ingest_dag.py
[2026-04-05T05:30:13.049+0000] {logging_mixin.py:188} INFO - [2026-04-05T05:30:13.049+0000] {dag.py:3089} INFO - Sync 1 DAGs
[2026-04-05T05:30:13.058+0000] {logging_mixin.py:188} INFO - [2026-04-05T05:30:13.058+0000] {dag.py:3947} INFO - Setting next_dagrun for mls_ingest_pipeline to 2026-04-05 00:00:00+00:00, run_after=2026-04-12 00:00:00+00:00
[2026-04-05T05:30:13.065+0000] {processor.py:183} INFO - Processing /opt/airflow/dags/mls_ingest_dag.py took 0.049 seconds
[2026-04-05T05:30:43.275+0000] {processor.py:161} INFO - Started process (PID=312) to work on /opt/airflow/dags/mls_ingest_dag.py
[2026-04-05T05:30:43.275+0000] {processor.py:830} INFO - Processing file /opt/airflow/dags/mls_ingest_dag.py for tasks to queue
[2026-04-05T05:30:43.276+0000] {logging_mixin.py:188} INFO - [2026-04-05T05:30:43.276+0000] {dagbag.py:545} INFO - Filling up the DagBag from /opt/airflow/dags/mls_ingest_dag.py
[2026-04-05T05:30:43.282+0000] {processor.py:840} INFO - DAG(s) 'mls_ingest_pipeline' retrieved from /opt/airflow/dags/mls_ingest_dag.py
[2026-04-05T05:30:43.301+0000] {logging_mixin.py:188} INFO - [2026-04-05T05:30:43.301+0000] {dag.py:3089} INFO - Sync 1 DAGs
[2026-04-05T05:30:43.311+0000] {logging_mixin.py:188} INFO - [2026-04-05T05:30:43.311+0000] {dag.py:3947} INFO - Setting next_dagrun for mls_ingest_pipeline to 2026-04-05 00:00:00+00:00, run_after=2026-04-12 00:00:00+00:00
[2026-04-05T05:30:43.318+0000] {processor.py:183} INFO - Processing /opt/airflow/dags/mls_ingest_dag.py took 0.047 seconds
[2026-04-05T05:31:13.572+0000] {processor.py:161} INFO - Started process (PID=313) to work on /opt/airflow/dags/mls_ingest_dag.py
[2026-04-05T05:31:13.575+0000] {processor.py:830} INFO - Processing file /opt/airflow/dags/mls_ingest_dag.py for tasks to queue
[2026-04-05T05:31:13.578+0000] {logging_mixin.py:188} INFO - [2026-04-05T05:31:13.578+0000] {dagbag.py:545} INFO - Filling up the DagBag from /opt/airflow/dags/mls_ingest_dag.py
[2026-04-05T05:31:13.593+0000] {processor.py:840} INFO - DAG(s) 'mls_ingest_pipeline' retrieved from /opt/airflow/dags/mls_ingest_dag.py
[2026-04-05T05:31:13.613+0000] {logging_mixin.py:188} INFO - [2026-04-05T05:31:13.613+0000] {dag.py:3089} INFO - Sync 1 DAGs
[2026-04-05T05:31:13.622+0000] {logging_mixin.py:188} INFO - [2026-04-05T05:31:13.622+0000] {dag.py:3947} INFO - Setting next_dagrun for mls_ingest_pipeline to 2026-04-05 00:00:00+00:00, run_after=2026-04-12 00:00:00+00:00
[2026-04-05T05:31:13.628+0000] {processor.py:183} INFO - Processing /opt/airflow/dags/mls_ingest_dag.py took 0.065 seconds
[2026-04-05T05:31:43.831+0000] {processor.py:161} INFO - Started process (PID=314) to work on /opt/airflow/dags/mls_ingest_dag.py
[2026-04-05T05:31:43.832+0000] {processor.py:830} INFO - Processing file /opt/airflow/dags/mls_ingest_dag.py for tasks to queue
[2026-04-05T05:31:43.836+0000] {logging_mixin.py:188} INFO - [2026-04-05T05:31:43.835+0000] {dagbag.py:545} INFO - Filling up the DagBag from /opt/airflow/dags/mls_ingest_dag.py
[2026-04-05T05:31:43.850+0000] {processor.py:840} INFO - DAG(s) 'mls_ingest_pipeline' retrieved from /opt/airflow/dags/mls_ingest_dag.py
[2026-04-05T05:31:43.871+0000] {logging_mixin.py:188} INFO - [2026-04-05T05:31:43.871+0000] {dag.py:3089} INFO - Sync 1 DAGs
[2026-04-05T05:31:43.885+0000] {logging_mixin.py:188} INFO - [2026-04-05T05:31:43.884+0000] {dag.py:3947} INFO - Setting next_dagrun for mls_ingest_pipeline to 2026-04-05 00:00:00+00:00, run_after=2026-04-12 00:00:00+00:00
[2026-04-05T05:31:43.891+0000] {processor.py:183} INFO - Processing /opt/airflow/dags/mls_ingest_dag.py took 0.072 seconds
[2026-04-05T05:32:14.074+0000] {processor.py:161} INFO - Started process (PID=315) to work on /opt/airflow/dags/mls_ingest_dag.py
[2026-04-05T05:32:14.074+0000] {processor.py:830} INFO - Processing file /opt/airflow/dags/mls_ingest_dag.py for tasks to queue
[2026-04-05T05:32:14.076+0000] {logging_mixin.py:188} INFO - [2026-04-05T05:32:14.075+0000] {dagbag.py:545} INFO - Filling up the DagBag from /opt/airflow/dags/mls_ingest_dag.py
[2026-04-05T05:32:14.084+0000] {processor.py:840} INFO - DAG(s) 'mls_ingest_pipeline' retrieved from /opt/airflow/dags/mls_ingest_dag.py
[2026-04-05T05:32:14.102+0000] {logging_mixin.py:188} INFO - [2026-04-05T05:32:14.102+0000] {dag.py:3089} INFO - Sync 1 DAGs
[2026-04-05T05:32:14.112+0000] {logging_mixin.py:188} INFO - [2026-04-05T05:32:14.112+0000] {dag.py:3947} INFO - Setting next_dagrun for mls_ingest_pipeline to 2026-04-05 00:00:00+00:00, run_after=2026-04-12 00:00:00+00:00
[2026-04-05T05:32:14.118+0000] {processor.py:183} INFO - Processing /opt/airflow/dags/mls_ingest_dag.py took 0.049 seconds
[2026-04-05T05:32:44.289+0000] {processor.py:161} INFO - Started process (PID=316) to work on /opt/airflow/dags/mls_ingest_dag.py
[2026-04-05T05:32:44.290+0000] {processor.py:830} INFO - Processing file /opt/airflow/dags/mls_ingest_dag.py for tasks to queue
[2026-04-05T05:32:44.291+0000] {logging_mixin.py:188} INFO - [2026-04-05T05:32:44.291+0000] {dagbag.py:545} INFO - Filling up the DagBag from /opt/airflow/dags/mls_ingest_dag.py
[2026-04-05T05:32:44.303+0000] {processor.py:840} INFO - DAG(s) 'mls_ingest_pipeline' retrieved from /opt/airflow/dags/mls_ingest_dag.py
[2026-04-05T05:32:44.322+0000] {logging_mixin.py:188} INFO - [2026-04-05T05:32:44.322+0000] {dag.py:3089} INFO - Sync 1 DAGs
[2026-04-05T05:32:44.331+0000] {logging_mixin.py:188} INFO - [2026-04-05T05:32:44.331+0000] {dag.py:3947} INFO - Setting next_dagrun for mls_ingest_pipeline to 2026-04-05 00:00:00+00:00, run_after=2026-04-12 00:00:00+00:00
[2026-04-05T05:32:44.337+0000] {processor.py:183} INFO - Processing /opt/airflow/dags/mls_ingest_dag.py took 0.053 seconds
[2026-04-05T05:33:14.497+0000] {processor.py:161} INFO - Started process (PID=317) to work on /opt/airflow/dags/mls_ingest_dag.py
[2026-04-05T05:33:14.498+0000] {processor.py:830} INFO - Processing file /opt/airflow/dags/mls_ingest_dag.py for tasks to queue
[2026-04-05T05:33:14.499+0000] {logging_mixin.py:188} INFO - [2026-04-05T05:33:14.498+0000] {dagbag.py:545} INFO - Filling up the DagBag from /opt/airflow/dags/mls_ingest_dag.py
[2026-04-05T05:33:14.504+0000] {processor.py:840} INFO - DAG(s) 'mls_ingest_pipeline' retrieved from /opt/airflow/dags/mls_ingest_dag.py
[2026-04-05T05:33:14.514+0000] {logging_mixin.py:188} INFO - [2026-04-05T05:33:14.514+0000] {dag.py:3089} INFO - Sync 1 DAGs
[2026-04-05T05:33:14.520+0000] {logging_mixin.py:188} INFO - [2026-04-05T05:33:14.520+0000] {dag.py:3947} INFO - Setting next_dagrun for mls_ingest_pipeline to 2026-04-05 00:00:00+00:00, run_after=2026-04-12 00:00:00+00:00
[2026-04-05T05:33:14.526+0000] {processor.py:183} INFO - Processing /opt/airflow/dags/mls_ingest_dag.py took 0.033 seconds
[2026-04-05T05:33:44.718+0000] {processor.py:161} INFO - Started process (PID=318) to work on /opt/airflow/dags/mls_ingest_dag.py
[2026-04-05T05:33:44.718+0000] {processor.py:830} INFO - Processing file /opt/airflow/dags/mls_ingest_dag.py for tasks to queue
[2026-04-05T05:33:44.719+0000] {logging_mixin.py:188} INFO - [2026-04-05T05:33:44.719+0000] {dagbag.py:545} INFO - Filling up the DagBag from /opt/airflow/dags/mls_ingest_dag.py
[2026-04-05T05:33:44.729+0000] {processor.py:840} INFO - DAG(s) 'mls_ingest_pipeline' retrieved from /opt/airflow/dags/mls_ingest_dag.py
[2026-04-05T05:33:44.748+0000] {logging_mixin.py:188} INFO - [2026-04-05T05:33:44.748+0000] {dag.py:3089} INFO - Sync 1 DAGs
[2026-04-05T05:33:44.758+0000] {logging_mixin.py:188} INFO - [2026-04-05T05:33:44.758+0000] {dag.py:3947} INFO - Setting next_dagrun for mls_ingest_pipeline to 2026-04-05 00:00:00+00:00, run_after=2026-04-12 00:00:00+00:00
[2026-04-05T05:33:44.764+0000] {processor.py:183} INFO - Processing /opt/airflow/dags/mls_ingest_dag.py took 0.050 seconds
[2026-04-05T05:34:14.929+0000] {processor.py:161} INFO - Started process (PID=319) to work on /opt/airflow/dags/mls_ingest_dag.py
[2026-04-05T05:34:14.929+0000] {processor.py:830} INFO - Processing file /opt/airflow/dags/mls_ingest_dag.py for tasks to queue
[2026-04-05T05:34:14.932+0000] {logging_mixin.py:188} INFO - [2026-04-05T05:34:14.931+0000] {dagbag.py:545} INFO - Filling up the DagBag from /opt/airflow/dags/mls_ingest_dag.py
[2026-04-05T05:34:14.944+0000] {processor.py:840} INFO - DAG(s) 'mls_ingest_pipeline' retrieved from /opt/airflow/dags/mls_ingest_dag.py
[2026-04-05T05:34:14.965+0000] {logging_mixin.py:188} INFO - [2026-04-05T05:34:14.965+0000] {dag.py:3089} INFO - Sync 1 DAGs
[2026-04-05T05:34:14.974+0000] {logging_mixin.py:188} INFO - [2026-04-05T05:34:14.974+0000] {dag.py:3947} INFO - Setting next_dagrun for mls_ingest_pipeline to 2026-04-05 00:00:00+00:00, run_after=2026-04-12 00:00:00+00:00
[2026-04-05T05:34:14.980+0000] {processor.py:183} INFO - Processing /opt/airflow/dags/mls_ingest_dag.py took 0.059 seconds
[2026-04-05T05:34:45.162+0000] {processor.py:161} INFO - Started process (PID=320) to work on /opt/airflow/dags/mls_ingest_dag.py
[2026-04-05T05:34:45.163+0000] {processor.py:830} INFO - Processing file /opt/airflow/dags/mls_ingest_dag.py for tasks to queue
[2026-04-05T05:34:45.165+0000] {logging_mixin.py:188} INFO - [2026-04-05T05:34:45.164+0000] {dagbag.py:545} INFO - Filling up the DagBag from /opt/airflow/dags/mls_ingest_dag.py
[2026-04-05T05:34:45.175+0000] {processor.py:840} INFO - DAG(s) 'mls_ingest_pipeline' retrieved from /opt/airflow/dags/mls_ingest_dag.py
[2026-04-05T05:34:45.194+0000] {logging_mixin.py:188} INFO - [2026-04-05T05:34:45.194+0000] {dag.py:3089} INFO - Sync 1 DAGs
[2026-04-05T05:34:45.204+0000] {logging_mixin.py:188} INFO - [2026-04-05T05:34:45.204+0000] {dag.py:3947} INFO - Setting next_dagrun for mls_ingest_pipeline to 2026-04-05 00:00:00+00:00, run_after=2026-04-12 00:00:00+00:00
[2026-04-05T05:34:45.210+0000] {processor.py:183} INFO - Processing /opt/airflow/dags/mls_ingest_dag.py took 0.054 seconds
