[2026-04-12T15:05:09.241+0000] {processor.py:161} INFO - Started process (PID=33) to work on /opt/airflow/dags/mls_ingest_dag.py
[2026-04-12T15:05:09.242+0000] {processor.py:830} INFO - Processing file /opt/airflow/dags/mls_ingest_dag.py for tasks to queue
[2026-04-12T15:05:09.244+0000] {logging_mixin.py:188} INFO - [2026-04-12T15:05:09.244+0000] {dagbag.py:545} INFO - Filling up the DagBag from /opt/airflow/dags/mls_ingest_dag.py
[2026-04-12T15:05:09.301+0000] {processor.py:840} INFO - DAG(s) 'mls_ingest_pipeline' retrieved from /opt/airflow/dags/mls_ingest_dag.py
[2026-04-12T15:05:09.506+0000] {logging_mixin.py:188} INFO - [2026-04-12T15:05:09.506+0000] {dag.py:3089} INFO - Sync 1 DAGs
[2026-04-12T15:05:09.523+0000] {logging_mixin.py:188} INFO - [2026-04-12T15:05:09.523+0000] {dag.py:3947} INFO - Setting next_dagrun for mls_ingest_pipeline to 2026-04-05 00:00:00+00:00, run_after=2026-04-12 00:00:00+00:00
[2026-04-12T15:05:09.540+0000] {processor.py:183} INFO - Processing /opt/airflow/dags/mls_ingest_dag.py took 0.305 seconds
[2026-04-12T15:05:39.661+0000] {processor.py:161} INFO - Started process (PID=68) to work on /opt/airflow/dags/mls_ingest_dag.py
[2026-04-12T15:05:39.662+0000] {processor.py:830} INFO - Processing file /opt/airflow/dags/mls_ingest_dag.py for tasks to queue
[2026-04-12T15:05:39.663+0000] {logging_mixin.py:188} INFO - [2026-04-12T15:05:39.663+0000] {dagbag.py:545} INFO - Filling up the DagBag from /opt/airflow/dags/mls_ingest_dag.py
[2026-04-12T15:05:39.677+0000] {processor.py:840} INFO - DAG(s) 'mls_ingest_pipeline' retrieved from /opt/airflow/dags/mls_ingest_dag.py
[2026-04-12T15:05:39.705+0000] {logging_mixin.py:188} INFO - [2026-04-12T15:05:39.705+0000] {dag.py:3089} INFO - Sync 1 DAGs
[2026-04-12T15:05:39.722+0000] {logging_mixin.py:188} INFO - [2026-04-12T15:05:39.722+0000] {dag.py:3947} INFO - Setting next_dagrun for mls_ingest_pipeline to 2026-04-12 00:00:00+00:00, run_after=2026-04-19 00:00:00+00:00
[2026-04-12T15:05:39.739+0000] {processor.py:183} INFO - Processing /opt/airflow/dags/mls_ingest_dag.py took 0.082 seconds
[2026-04-12T15:06:09.786+0000] {processor.py:161} INFO - Started process (PID=103) to work on /opt/airflow/dags/mls_ingest_dag.py
[2026-04-12T15:06:09.787+0000] {processor.py:830} INFO - Processing file /opt/airflow/dags/mls_ingest_dag.py for tasks to queue
[2026-04-12T15:06:09.788+0000] {logging_mixin.py:188} INFO - [2026-04-12T15:06:09.788+0000] {dagbag.py:545} INFO - Filling up the DagBag from /opt/airflow/dags/mls_ingest_dag.py
[2026-04-12T15:06:09.801+0000] {processor.py:840} INFO - DAG(s) 'mls_ingest_pipeline' retrieved from /opt/airflow/dags/mls_ingest_dag.py
[2026-04-12T15:06:09.827+0000] {logging_mixin.py:188} INFO - [2026-04-12T15:06:09.827+0000] {dag.py:3089} INFO - Sync 1 DAGs
[2026-04-12T15:06:09.843+0000] {logging_mixin.py:188} INFO - [2026-04-12T15:06:09.843+0000] {dag.py:3947} INFO - Setting next_dagrun for mls_ingest_pipeline to 2026-04-12 00:00:00+00:00, run_after=2026-04-19 00:00:00+00:00
[2026-04-12T15:06:09.857+0000] {processor.py:183} INFO - Processing /opt/airflow/dags/mls_ingest_dag.py took 0.076 seconds
[2026-04-12T15:06:39.988+0000] {processor.py:161} INFO - Started process (PID=104) to work on /opt/airflow/dags/mls_ingest_dag.py
[2026-04-12T15:06:39.989+0000] {processor.py:830} INFO - Processing file /opt/airflow/dags/mls_ingest_dag.py for tasks to queue
[2026-04-12T15:06:39.990+0000] {logging_mixin.py:188} INFO - [2026-04-12T15:06:39.990+0000] {dagbag.py:545} INFO - Filling up the DagBag from /opt/airflow/dags/mls_ingest_dag.py
[2026-04-12T15:06:40.005+0000] {processor.py:840} INFO - DAG(s) 'mls_ingest_pipeline' retrieved from /opt/airflow/dags/mls_ingest_dag.py
[2026-04-12T15:06:40.030+0000] {logging_mixin.py:188} INFO - [2026-04-12T15:06:40.030+0000] {dag.py:3089} INFO - Sync 1 DAGs
[2026-04-12T15:06:40.049+0000] {logging_mixin.py:188} INFO - [2026-04-12T15:06:40.049+0000] {dag.py:3947} INFO - Setting next_dagrun for mls_ingest_pipeline to 2026-04-12 00:00:00+00:00, run_after=2026-04-19 00:00:00+00:00
[2026-04-12T15:06:40.065+0000] {processor.py:183} INFO - Processing /opt/airflow/dags/mls_ingest_dag.py took 0.082 seconds
[2026-04-12T15:07:10.120+0000] {processor.py:161} INFO - Started process (PID=105) to work on /opt/airflow/dags/mls_ingest_dag.py
[2026-04-12T15:07:10.120+0000] {processor.py:830} INFO - Processing file /opt/airflow/dags/mls_ingest_dag.py for tasks to queue
[2026-04-12T15:07:10.122+0000] {logging_mixin.py:188} INFO - [2026-04-12T15:07:10.122+0000] {dagbag.py:545} INFO - Filling up the DagBag from /opt/airflow/dags/mls_ingest_dag.py
[2026-04-12T15:07:10.138+0000] {processor.py:840} INFO - DAG(s) 'mls_ingest_pipeline' retrieved from /opt/airflow/dags/mls_ingest_dag.py
[2026-04-12T15:07:10.166+0000] {logging_mixin.py:188} INFO - [2026-04-12T15:07:10.166+0000] {dag.py:3089} INFO - Sync 1 DAGs
[2026-04-12T15:07:10.182+0000] {logging_mixin.py:188} INFO - [2026-04-12T15:07:10.182+0000] {dag.py:3947} INFO - Setting next_dagrun for mls_ingest_pipeline to 2026-04-12 00:00:00+00:00, run_after=2026-04-19 00:00:00+00:00
[2026-04-12T15:07:10.198+0000] {processor.py:183} INFO - Processing /opt/airflow/dags/mls_ingest_dag.py took 0.084 seconds
[2026-04-12T15:07:40.297+0000] {processor.py:161} INFO - Started process (PID=106) to work on /opt/airflow/dags/mls_ingest_dag.py
[2026-04-12T15:07:40.298+0000] {processor.py:830} INFO - Processing file /opt/airflow/dags/mls_ingest_dag.py for tasks to queue
[2026-04-12T15:07:40.299+0000] {logging_mixin.py:188} INFO - [2026-04-12T15:07:40.299+0000] {dagbag.py:545} INFO - Filling up the DagBag from /opt/airflow/dags/mls_ingest_dag.py
[2026-04-12T15:07:40.313+0000] {processor.py:840} INFO - DAG(s) 'mls_ingest_pipeline' retrieved from /opt/airflow/dags/mls_ingest_dag.py
[2026-04-12T15:07:40.334+0000] {logging_mixin.py:188} INFO - [2026-04-12T15:07:40.334+0000] {dag.py:3089} INFO - Sync 1 DAGs
[2026-04-12T15:07:40.350+0000] {logging_mixin.py:188} INFO - [2026-04-12T15:07:40.350+0000] {dag.py:3947} INFO - Setting next_dagrun for mls_ingest_pipeline to 2026-04-12 00:00:00+00:00, run_after=2026-04-19 00:00:00+00:00
[2026-04-12T15:07:40.364+0000] {processor.py:183} INFO - Processing /opt/airflow/dags/mls_ingest_dag.py took 0.072 seconds
[2026-04-12T15:08:10.432+0000] {processor.py:161} INFO - Started process (PID=107) to work on /opt/airflow/dags/mls_ingest_dag.py
[2026-04-12T15:08:10.432+0000] {processor.py:830} INFO - Processing file /opt/airflow/dags/mls_ingest_dag.py for tasks to queue
[2026-04-12T15:08:10.434+0000] {logging_mixin.py:188} INFO - [2026-04-12T15:08:10.433+0000] {dagbag.py:545} INFO - Filling up the DagBag from /opt/airflow/dags/mls_ingest_dag.py
[2026-04-12T15:08:10.448+0000] {processor.py:840} INFO - DAG(s) 'mls_ingest_pipeline' retrieved from /opt/airflow/dags/mls_ingest_dag.py
[2026-04-12T15:08:10.469+0000] {logging_mixin.py:188} INFO - [2026-04-12T15:08:10.469+0000] {dag.py:3089} INFO - Sync 1 DAGs
[2026-04-12T15:08:10.485+0000] {logging_mixin.py:188} INFO - [2026-04-12T15:08:10.485+0000] {dag.py:3947} INFO - Setting next_dagrun for mls_ingest_pipeline to 2026-04-12 00:00:00+00:00, run_after=2026-04-19 00:00:00+00:00
[2026-04-12T15:08:10.499+0000] {processor.py:183} INFO - Processing /opt/airflow/dags/mls_ingest_dag.py took 0.072 seconds
[2026-04-12T15:08:40.581+0000] {processor.py:161} INFO - Started process (PID=108) to work on /opt/airflow/dags/mls_ingest_dag.py
[2026-04-12T15:08:40.582+0000] {processor.py:830} INFO - Processing file /opt/airflow/dags/mls_ingest_dag.py for tasks to queue
[2026-04-12T15:08:40.583+0000] {logging_mixin.py:188} INFO - [2026-04-12T15:08:40.583+0000] {dagbag.py:545} INFO - Filling up the DagBag from /opt/airflow/dags/mls_ingest_dag.py
[2026-04-12T15:08:40.598+0000] {processor.py:840} INFO - DAG(s) 'mls_ingest_pipeline' retrieved from /opt/airflow/dags/mls_ingest_dag.py
[2026-04-12T15:08:40.620+0000] {logging_mixin.py:188} INFO - [2026-04-12T15:08:40.619+0000] {dag.py:3089} INFO - Sync 1 DAGs
[2026-04-12T15:08:40.636+0000] {logging_mixin.py:188} INFO - [2026-04-12T15:08:40.636+0000] {dag.py:3947} INFO - Setting next_dagrun for mls_ingest_pipeline to 2026-04-12 00:00:00+00:00, run_after=2026-04-19 00:00:00+00:00
[2026-04-12T15:08:40.650+0000] {processor.py:183} INFO - Processing /opt/airflow/dags/mls_ingest_dag.py took 0.074 seconds
[2026-04-12T15:09:10.736+0000] {processor.py:161} INFO - Started process (PID=109) to work on /opt/airflow/dags/mls_ingest_dag.py
[2026-04-12T15:09:10.736+0000] {processor.py:830} INFO - Processing file /opt/airflow/dags/mls_ingest_dag.py for tasks to queue
[2026-04-12T15:09:10.738+0000] {logging_mixin.py:188} INFO - [2026-04-12T15:09:10.737+0000] {dagbag.py:545} INFO - Filling up the DagBag from /opt/airflow/dags/mls_ingest_dag.py
[2026-04-12T15:09:10.753+0000] {processor.py:840} INFO - DAG(s) 'mls_ingest_pipeline' retrieved from /opt/airflow/dags/mls_ingest_dag.py
[2026-04-12T15:09:10.779+0000] {logging_mixin.py:188} INFO - [2026-04-12T15:09:10.779+0000] {dag.py:3089} INFO - Sync 1 DAGs
[2026-04-12T15:09:10.802+0000] {logging_mixin.py:188} INFO - [2026-04-12T15:09:10.801+0000] {dag.py:3947} INFO - Setting next_dagrun for mls_ingest_pipeline to 2026-04-12 00:00:00+00:00, run_after=2026-04-19 00:00:00+00:00
[2026-04-12T15:09:10.821+0000] {processor.py:183} INFO - Processing /opt/airflow/dags/mls_ingest_dag.py took 0.090 seconds
[2026-04-12T15:09:40.881+0000] {processor.py:161} INFO - Started process (PID=110) to work on /opt/airflow/dags/mls_ingest_dag.py
[2026-04-12T15:09:40.882+0000] {processor.py:830} INFO - Processing file /opt/airflow/dags/mls_ingest_dag.py for tasks to queue
[2026-04-12T15:09:40.883+0000] {logging_mixin.py:188} INFO - [2026-04-12T15:09:40.883+0000] {dagbag.py:545} INFO - Filling up the DagBag from /opt/airflow/dags/mls_ingest_dag.py
[2026-04-12T15:09:40.897+0000] {processor.py:840} INFO - DAG(s) 'mls_ingest_pipeline' retrieved from /opt/airflow/dags/mls_ingest_dag.py
[2026-04-12T15:09:40.919+0000] {logging_mixin.py:188} INFO - [2026-04-12T15:09:40.919+0000] {dag.py:3089} INFO - Sync 1 DAGs
[2026-04-12T15:09:40.934+0000] {logging_mixin.py:188} INFO - [2026-04-12T15:09:40.934+0000] {dag.py:3947} INFO - Setting next_dagrun for mls_ingest_pipeline to 2026-04-12 00:00:00+00:00, run_after=2026-04-19 00:00:00+00:00
[2026-04-12T15:09:40.948+0000] {processor.py:183} INFO - Processing /opt/airflow/dags/mls_ingest_dag.py took 0.072 seconds
[2026-04-12T15:10:11.072+0000] {processor.py:161} INFO - Started process (PID=111) to work on /opt/airflow/dags/mls_ingest_dag.py
[2026-04-12T15:10:11.072+0000] {processor.py:830} INFO - Processing file /opt/airflow/dags/mls_ingest_dag.py for tasks to queue
[2026-04-12T15:10:11.074+0000] {logging_mixin.py:188} INFO - [2026-04-12T15:10:11.074+0000] {dagbag.py:545} INFO - Filling up the DagBag from /opt/airflow/dags/mls_ingest_dag.py
[2026-04-12T15:10:11.088+0000] {processor.py:840} INFO - DAG(s) 'mls_ingest_pipeline' retrieved from /opt/airflow/dags/mls_ingest_dag.py
[2026-04-12T15:10:11.110+0000] {logging_mixin.py:188} INFO - [2026-04-12T15:10:11.110+0000] {dag.py:3089} INFO - Sync 1 DAGs
[2026-04-12T15:10:11.126+0000] {logging_mixin.py:188} INFO - [2026-04-12T15:10:11.126+0000] {dag.py:3947} INFO - Setting next_dagrun for mls_ingest_pipeline to 2026-04-12 00:00:00+00:00, run_after=2026-04-19 00:00:00+00:00
[2026-04-12T15:10:11.142+0000] {processor.py:183} INFO - Processing /opt/airflow/dags/mls_ingest_dag.py took 0.074 seconds
[2026-04-12T15:10:41.200+0000] {processor.py:161} INFO - Started process (PID=112) to work on /opt/airflow/dags/mls_ingest_dag.py
[2026-04-12T15:10:41.201+0000] {processor.py:830} INFO - Processing file /opt/airflow/dags/mls_ingest_dag.py for tasks to queue
[2026-04-12T15:10:41.202+0000] {logging_mixin.py:188} INFO - [2026-04-12T15:10:41.202+0000] {dagbag.py:545} INFO - Filling up the DagBag from /opt/airflow/dags/mls_ingest_dag.py
[2026-04-12T15:10:41.216+0000] {processor.py:840} INFO - DAG(s) 'mls_ingest_pipeline' retrieved from /opt/airflow/dags/mls_ingest_dag.py
[2026-04-12T15:10:41.239+0000] {logging_mixin.py:188} INFO - [2026-04-12T15:10:41.239+0000] {dag.py:3089} INFO - Sync 1 DAGs
[2026-04-12T15:10:41.256+0000] {logging_mixin.py:188} INFO - [2026-04-12T15:10:41.255+0000] {dag.py:3947} INFO - Setting next_dagrun for mls_ingest_pipeline to 2026-04-12 00:00:00+00:00, run_after=2026-04-19 00:00:00+00:00
[2026-04-12T15:10:41.270+0000] {processor.py:183} INFO - Processing /opt/airflow/dags/mls_ingest_dag.py took 0.075 seconds
[2026-04-12T15:11:11.376+0000] {processor.py:161} INFO - Started process (PID=113) to work on /opt/airflow/dags/mls_ingest_dag.py
[2026-04-12T15:11:11.376+0000] {processor.py:830} INFO - Processing file /opt/airflow/dags/mls_ingest_dag.py for tasks to queue
[2026-04-12T15:11:11.377+0000] {logging_mixin.py:188} INFO - [2026-04-12T15:11:11.377+0000] {dagbag.py:545} INFO - Filling up the DagBag from /opt/airflow/dags/mls_ingest_dag.py
[2026-04-12T15:11:11.390+0000] {processor.py:840} INFO - DAG(s) 'mls_ingest_pipeline' retrieved from /opt/airflow/dags/mls_ingest_dag.py
[2026-04-12T15:11:11.412+0000] {logging_mixin.py:188} INFO - [2026-04-12T15:11:11.412+0000] {dag.py:3089} INFO - Sync 1 DAGs
[2026-04-12T15:11:11.427+0000] {logging_mixin.py:188} INFO - [2026-04-12T15:11:11.427+0000] {dag.py:3947} INFO - Setting next_dagrun for mls_ingest_pipeline to 2026-04-12 00:00:00+00:00, run_after=2026-04-19 00:00:00+00:00
[2026-04-12T15:11:11.442+0000] {processor.py:183} INFO - Processing /opt/airflow/dags/mls_ingest_dag.py took 0.071 seconds
[2026-04-12T15:11:41.513+0000] {processor.py:161} INFO - Started process (PID=114) to work on /opt/airflow/dags/mls_ingest_dag.py
[2026-04-12T15:11:41.514+0000] {processor.py:830} INFO - Processing file /opt/airflow/dags/mls_ingest_dag.py for tasks to queue
[2026-04-12T15:11:41.515+0000] {logging_mixin.py:188} INFO - [2026-04-12T15:11:41.515+0000] {dagbag.py:545} INFO - Filling up the DagBag from /opt/airflow/dags/mls_ingest_dag.py
[2026-04-12T15:11:41.529+0000] {processor.py:840} INFO - DAG(s) 'mls_ingest_pipeline' retrieved from /opt/airflow/dags/mls_ingest_dag.py
[2026-04-12T15:11:41.552+0000] {logging_mixin.py:188} INFO - [2026-04-12T15:11:41.551+0000] {dag.py:3089} INFO - Sync 1 DAGs
[2026-04-12T15:11:41.567+0000] {logging_mixin.py:188} INFO - [2026-04-12T15:11:41.567+0000] {dag.py:3947} INFO - Setting next_dagrun for mls_ingest_pipeline to 2026-04-12 00:00:00+00:00, run_after=2026-04-19 00:00:00+00:00
[2026-04-12T15:11:41.582+0000] {processor.py:183} INFO - Processing /opt/airflow/dags/mls_ingest_dag.py took 0.074 seconds
[2026-04-12T15:12:11.682+0000] {processor.py:161} INFO - Started process (PID=115) to work on /opt/airflow/dags/mls_ingest_dag.py
[2026-04-12T15:12:11.682+0000] {processor.py:830} INFO - Processing file /opt/airflow/dags/mls_ingest_dag.py for tasks to queue
[2026-04-12T15:12:11.683+0000] {logging_mixin.py:188} INFO - [2026-04-12T15:12:11.683+0000] {dagbag.py:545} INFO - Filling up the DagBag from /opt/airflow/dags/mls_ingest_dag.py
[2026-04-12T15:12:11.697+0000] {processor.py:840} INFO - DAG(s) 'mls_ingest_pipeline' retrieved from /opt/airflow/dags/mls_ingest_dag.py
[2026-04-12T15:12:11.718+0000] {logging_mixin.py:188} INFO - [2026-04-12T15:12:11.718+0000] {dag.py:3089} INFO - Sync 1 DAGs
[2026-04-12T15:12:11.734+0000] {logging_mixin.py:188} INFO - [2026-04-12T15:12:11.734+0000] {dag.py:3947} INFO - Setting next_dagrun for mls_ingest_pipeline to 2026-04-12 00:00:00+00:00, run_after=2026-04-19 00:00:00+00:00
[2026-04-12T15:12:11.748+0000] {processor.py:183} INFO - Processing /opt/airflow/dags/mls_ingest_dag.py took 0.071 seconds
[2026-04-12T15:12:41.819+0000] {processor.py:161} INFO - Started process (PID=116) to work on /opt/airflow/dags/mls_ingest_dag.py
[2026-04-12T15:12:41.819+0000] {processor.py:830} INFO - Processing file /opt/airflow/dags/mls_ingest_dag.py for tasks to queue
[2026-04-12T15:12:41.821+0000] {logging_mixin.py:188} INFO - [2026-04-12T15:12:41.820+0000] {dagbag.py:545} INFO - Filling up the DagBag from /opt/airflow/dags/mls_ingest_dag.py
[2026-04-12T15:12:41.834+0000] {processor.py:840} INFO - DAG(s) 'mls_ingest_pipeline' retrieved from /opt/airflow/dags/mls_ingest_dag.py
[2026-04-12T15:12:41.856+0000] {logging_mixin.py:188} INFO - [2026-04-12T15:12:41.855+0000] {dag.py:3089} INFO - Sync 1 DAGs
[2026-04-12T15:12:41.871+0000] {logging_mixin.py:188} INFO - [2026-04-12T15:12:41.871+0000] {dag.py:3947} INFO - Setting next_dagrun for mls_ingest_pipeline to 2026-04-12 00:00:00+00:00, run_after=2026-04-19 00:00:00+00:00
[2026-04-12T15:12:41.885+0000] {processor.py:183} INFO - Processing /opt/airflow/dags/mls_ingest_dag.py took 0.071 seconds
[2026-04-12T15:13:31.313+0000] {processor.py:161} INFO - Started process (PID=34) to work on /opt/airflow/dags/mls_ingest_dag.py
[2026-04-12T15:13:31.314+0000] {processor.py:830} INFO - Processing file /opt/airflow/dags/mls_ingest_dag.py for tasks to queue
[2026-04-12T15:13:31.315+0000] {logging_mixin.py:188} INFO - [2026-04-12T15:13:31.315+0000] {dagbag.py:545} INFO - Filling up the DagBag from /opt/airflow/dags/mls_ingest_dag.py
[2026-04-12T15:13:31.354+0000] {processor.py:840} INFO - DAG(s) 'mls_ingest_pipeline' retrieved from /opt/airflow/dags/mls_ingest_dag.py
[2026-04-12T15:13:31.563+0000] {logging_mixin.py:188} INFO - [2026-04-12T15:13:31.562+0000] {dag.py:3089} INFO - Sync 1 DAGs
[2026-04-12T15:13:31.583+0000] {logging_mixin.py:188} INFO - [2026-04-12T15:13:31.582+0000] {dag.py:3947} INFO - Setting next_dagrun for mls_ingest_pipeline to 2026-04-12 00:00:00+00:00, run_after=2026-04-19 00:00:00+00:00
[2026-04-12T15:13:31.599+0000] {processor.py:183} INFO - Processing /opt/airflow/dags/mls_ingest_dag.py took 0.292 seconds
[2026-04-12T15:14:01.736+0000] {processor.py:161} INFO - Started process (PID=35) to work on /opt/airflow/dags/mls_ingest_dag.py
[2026-04-12T15:14:01.737+0000] {processor.py:830} INFO - Processing file /opt/airflow/dags/mls_ingest_dag.py for tasks to queue
[2026-04-12T15:14:01.739+0000] {logging_mixin.py:188} INFO - [2026-04-12T15:14:01.739+0000] {dagbag.py:545} INFO - Filling up the DagBag from /opt/airflow/dags/mls_ingest_dag.py
[2026-04-12T15:14:01.757+0000] {processor.py:840} INFO - DAG(s) 'mls_ingest_pipeline' retrieved from /opt/airflow/dags/mls_ingest_dag.py
[2026-04-12T15:14:01.789+0000] {logging_mixin.py:188} INFO - [2026-04-12T15:14:01.789+0000] {dag.py:3089} INFO - Sync 1 DAGs
[2026-04-12T15:14:01.808+0000] {logging_mixin.py:188} INFO - [2026-04-12T15:14:01.808+0000] {dag.py:3947} INFO - Setting next_dagrun for mls_ingest_pipeline to 2026-04-12 00:00:00+00:00, run_after=2026-04-19 00:00:00+00:00
[2026-04-12T15:14:01.823+0000] {processor.py:183} INFO - Processing /opt/airflow/dags/mls_ingest_dag.py took 0.094 seconds
[2026-04-12T15:14:31.858+0000] {processor.py:161} INFO - Started process (PID=36) to work on /opt/airflow/dags/mls_ingest_dag.py
[2026-04-12T15:14:31.859+0000] {processor.py:830} INFO - Processing file /opt/airflow/dags/mls_ingest_dag.py for tasks to queue
[2026-04-12T15:14:31.860+0000] {logging_mixin.py:188} INFO - [2026-04-12T15:14:31.860+0000] {dagbag.py:545} INFO - Filling up the DagBag from /opt/airflow/dags/mls_ingest_dag.py
[2026-04-12T15:14:31.875+0000] {processor.py:840} INFO - DAG(s) 'mls_ingest_pipeline' retrieved from /opt/airflow/dags/mls_ingest_dag.py
[2026-04-12T15:14:31.901+0000] {logging_mixin.py:188} INFO - [2026-04-12T15:14:31.901+0000] {dag.py:3089} INFO - Sync 1 DAGs
[2026-04-12T15:14:31.918+0000] {logging_mixin.py:188} INFO - [2026-04-12T15:14:31.918+0000] {dag.py:3947} INFO - Setting next_dagrun for mls_ingest_pipeline to 2026-04-12 00:00:00+00:00, run_after=2026-04-19 00:00:00+00:00
[2026-04-12T15:14:31.933+0000] {processor.py:183} INFO - Processing /opt/airflow/dags/mls_ingest_dag.py took 0.080 seconds
[2026-04-12T15:15:02.062+0000] {processor.py:161} INFO - Started process (PID=37) to work on /opt/airflow/dags/mls_ingest_dag.py
[2026-04-12T15:15:02.062+0000] {processor.py:830} INFO - Processing file /opt/airflow/dags/mls_ingest_dag.py for tasks to queue
[2026-04-12T15:15:02.064+0000] {logging_mixin.py:188} INFO - [2026-04-12T15:15:02.064+0000] {dagbag.py:545} INFO - Filling up the DagBag from /opt/airflow/dags/mls_ingest_dag.py
[2026-04-12T15:15:02.079+0000] {processor.py:840} INFO - DAG(s) 'mls_ingest_pipeline' retrieved from /opt/airflow/dags/mls_ingest_dag.py
[2026-04-12T15:15:02.107+0000] {logging_mixin.py:188} INFO - [2026-04-12T15:15:02.107+0000] {dag.py:3089} INFO - Sync 1 DAGs
[2026-04-12T15:15:02.126+0000] {logging_mixin.py:188} INFO - [2026-04-12T15:15:02.126+0000] {dag.py:3947} INFO - Setting next_dagrun for mls_ingest_pipeline to 2026-04-12 00:00:00+00:00, run_after=2026-04-19 00:00:00+00:00
[2026-04-12T15:15:02.141+0000] {processor.py:183} INFO - Processing /opt/airflow/dags/mls_ingest_dag.py took 0.084 seconds
[2026-04-12T15:15:48.178+0000] {processor.py:161} INFO - Started process (PID=33) to work on /opt/airflow/dags/mls_ingest_dag.py
[2026-04-12T15:15:48.179+0000] {processor.py:830} INFO - Processing file /opt/airflow/dags/mls_ingest_dag.py for tasks to queue
[2026-04-12T15:15:48.180+0000] {logging_mixin.py:188} INFO - [2026-04-12T15:15:48.180+0000] {dagbag.py:545} INFO - Filling up the DagBag from /opt/airflow/dags/mls_ingest_dag.py
[2026-04-12T15:15:48.203+0000] {processor.py:840} INFO - DAG(s) 'mls_ingest_pipeline' retrieved from /opt/airflow/dags/mls_ingest_dag.py
[2026-04-12T15:15:48.415+0000] {logging_mixin.py:188} INFO - [2026-04-12T15:15:48.414+0000] {override.py:1858} INFO - Created Permission View: can edit on DAG:mls_ingest_pipeline
[2026-04-12T15:15:48.425+0000] {logging_mixin.py:188} INFO - [2026-04-12T15:15:48.425+0000] {override.py:1858} INFO - Created Permission View: can read on DAG:mls_ingest_pipeline
[2026-04-12T15:15:48.431+0000] {logging_mixin.py:188} INFO - [2026-04-12T15:15:48.431+0000] {override.py:1858} INFO - Created Permission View: can delete on DAG:mls_ingest_pipeline
[2026-04-12T15:15:48.432+0000] {logging_mixin.py:188} INFO - [2026-04-12T15:15:48.432+0000] {dag.py:3089} INFO - Sync 1 DAGs
[2026-04-12T15:15:48.440+0000] {logging_mixin.py:188} INFO - [2026-04-12T15:15:48.440+0000] {dag.py:3111} INFO - Creating ORM DAG for mls_ingest_pipeline
[2026-04-12T15:15:48.447+0000] {logging_mixin.py:188} INFO - [2026-04-12T15:15:48.447+0000] {dag.py:3947} INFO - Setting next_dagrun for mls_ingest_pipeline to 2026-04-05 00:00:00+00:00, run_after=2026-04-12 00:00:00+00:00
[2026-04-12T15:15:48.463+0000] {processor.py:183} INFO - Processing /opt/airflow/dags/mls_ingest_dag.py took 0.289 seconds
[2026-04-12T15:16:18.591+0000] {processor.py:161} INFO - Started process (PID=34) to work on /opt/airflow/dags/mls_ingest_dag.py
[2026-04-12T15:16:18.592+0000] {processor.py:830} INFO - Processing file /opt/airflow/dags/mls_ingest_dag.py for tasks to queue
[2026-04-12T15:16:18.594+0000] {logging_mixin.py:188} INFO - [2026-04-12T15:16:18.594+0000] {dagbag.py:545} INFO - Filling up the DagBag from /opt/airflow/dags/mls_ingest_dag.py
[2026-04-12T15:16:18.609+0000] {processor.py:840} INFO - DAG(s) 'mls_ingest_pipeline' retrieved from /opt/airflow/dags/mls_ingest_dag.py
[2026-04-12T15:16:18.639+0000] {logging_mixin.py:188} INFO - [2026-04-12T15:16:18.639+0000] {dag.py:3089} INFO - Sync 1 DAGs
[2026-04-12T15:16:18.655+0000] {logging_mixin.py:188} INFO - [2026-04-12T15:16:18.655+0000] {dag.py:3947} INFO - Setting next_dagrun for mls_ingest_pipeline to 2026-04-05 00:00:00+00:00, run_after=2026-04-12 00:00:00+00:00
[2026-04-12T15:16:18.671+0000] {processor.py:183} INFO - Processing /opt/airflow/dags/mls_ingest_dag.py took 0.085 seconds
[2026-04-12T15:16:48.719+0000] {processor.py:161} INFO - Started process (PID=69) to work on /opt/airflow/dags/mls_ingest_dag.py
[2026-04-12T15:16:48.720+0000] {processor.py:830} INFO - Processing file /opt/airflow/dags/mls_ingest_dag.py for tasks to queue
[2026-04-12T15:16:48.722+0000] {logging_mixin.py:188} INFO - [2026-04-12T15:16:48.721+0000] {dagbag.py:545} INFO - Filling up the DagBag from /opt/airflow/dags/mls_ingest_dag.py
[2026-04-12T15:16:48.736+0000] {processor.py:840} INFO - DAG(s) 'mls_ingest_pipeline' retrieved from /opt/airflow/dags/mls_ingest_dag.py
[2026-04-12T15:16:48.761+0000] {logging_mixin.py:188} INFO - [2026-04-12T15:16:48.761+0000] {dag.py:3089} INFO - Sync 1 DAGs
[2026-04-12T15:16:48.778+0000] {logging_mixin.py:188} INFO - [2026-04-12T15:16:48.778+0000] {dag.py:3947} INFO - Setting next_dagrun for mls_ingest_pipeline to 2026-04-12 00:00:00+00:00, run_after=2026-04-19 00:00:00+00:00
[2026-04-12T15:16:48.795+0000] {processor.py:183} INFO - Processing /opt/airflow/dags/mls_ingest_dag.py took 0.082 seconds
[2026-04-12T15:17:18.895+0000] {processor.py:161} INFO - Started process (PID=70) to work on /opt/airflow/dags/mls_ingest_dag.py
[2026-04-12T15:17:18.896+0000] {processor.py:830} INFO - Processing file /opt/airflow/dags/mls_ingest_dag.py for tasks to queue
[2026-04-12T15:17:18.897+0000] {logging_mixin.py:188} INFO - [2026-04-12T15:17:18.897+0000] {dagbag.py:545} INFO - Filling up the DagBag from /opt/airflow/dags/mls_ingest_dag.py
[2026-04-12T15:17:18.910+0000] {processor.py:840} INFO - DAG(s) 'mls_ingest_pipeline' retrieved from /opt/airflow/dags/mls_ingest_dag.py
[2026-04-12T15:17:18.933+0000] {logging_mixin.py:188} INFO - [2026-04-12T15:17:18.933+0000] {dag.py:3089} INFO - Sync 1 DAGs
[2026-04-12T15:17:18.948+0000] {logging_mixin.py:188} INFO - [2026-04-12T15:17:18.948+0000] {dag.py:3947} INFO - Setting next_dagrun for mls_ingest_pipeline to 2026-04-12 00:00:00+00:00, run_after=2026-04-19 00:00:00+00:00
[2026-04-12T15:17:18.962+0000] {processor.py:183} INFO - Processing /opt/airflow/dags/mls_ingest_dag.py took 0.072 seconds
[2026-04-12T15:17:49.035+0000] {processor.py:161} INFO - Started process (PID=71) to work on /opt/airflow/dags/mls_ingest_dag.py
[2026-04-12T15:17:49.035+0000] {processor.py:830} INFO - Processing file /opt/airflow/dags/mls_ingest_dag.py for tasks to queue
[2026-04-12T15:17:49.037+0000] {logging_mixin.py:188} INFO - [2026-04-12T15:17:49.037+0000] {dagbag.py:545} INFO - Filling up the DagBag from /opt/airflow/dags/mls_ingest_dag.py
[2026-04-12T15:17:49.052+0000] {processor.py:840} INFO - DAG(s) 'mls_ingest_pipeline' retrieved from /opt/airflow/dags/mls_ingest_dag.py
[2026-04-12T15:17:49.077+0000] {logging_mixin.py:188} INFO - [2026-04-12T15:17:49.077+0000] {dag.py:3089} INFO - Sync 1 DAGs
[2026-04-12T15:17:49.095+0000] {logging_mixin.py:188} INFO - [2026-04-12T15:17:49.095+0000] {dag.py:3947} INFO - Setting next_dagrun for mls_ingest_pipeline to 2026-04-12 00:00:00+00:00, run_after=2026-04-19 00:00:00+00:00
[2026-04-12T15:17:49.118+0000] {processor.py:183} INFO - Processing /opt/airflow/dags/mls_ingest_dag.py took 0.088 seconds
[2026-04-12T15:18:54.967+0000] {processor.py:161} INFO - Started process (PID=33) to work on /opt/airflow/dags/mls_ingest_dag.py
[2026-04-12T15:18:54.968+0000] {processor.py:830} INFO - Processing file /opt/airflow/dags/mls_ingest_dag.py for tasks to queue
[2026-04-12T15:18:54.970+0000] {logging_mixin.py:188} INFO - [2026-04-12T15:18:54.969+0000] {dagbag.py:545} INFO - Filling up the DagBag from /opt/airflow/dags/mls_ingest_dag.py
[2026-04-12T15:18:54.994+0000] {processor.py:840} INFO - DAG(s) 'mls_ingest_pipeline' retrieved from /opt/airflow/dags/mls_ingest_dag.py
[2026-04-12T15:18:55.213+0000] {logging_mixin.py:188} INFO - [2026-04-12T15:18:55.212+0000] {override.py:1858} INFO - Created Permission View: can read on DAG:mls_ingest_pipeline
[2026-04-12T15:18:55.222+0000] {logging_mixin.py:188} INFO - [2026-04-12T15:18:55.222+0000] {override.py:1858} INFO - Created Permission View: can delete on DAG:mls_ingest_pipeline
[2026-04-12T15:18:55.229+0000] {logging_mixin.py:188} INFO - [2026-04-12T15:18:55.229+0000] {override.py:1858} INFO - Created Permission View: can edit on DAG:mls_ingest_pipeline
[2026-04-12T15:18:55.229+0000] {logging_mixin.py:188} INFO - [2026-04-12T15:18:55.229+0000] {dag.py:3089} INFO - Sync 1 DAGs
[2026-04-12T15:18:55.238+0000] {logging_mixin.py:188} INFO - [2026-04-12T15:18:55.238+0000] {dag.py:3111} INFO - Creating ORM DAG for mls_ingest_pipeline
[2026-04-12T15:18:55.246+0000] {logging_mixin.py:188} INFO - [2026-04-12T15:18:55.246+0000] {dag.py:3947} INFO - Setting next_dagrun for mls_ingest_pipeline to 2026-04-05 00:00:00+00:00, run_after=2026-04-12 00:00:00+00:00
[2026-04-12T15:18:55.263+0000] {processor.py:183} INFO - Processing /opt/airflow/dags/mls_ingest_dag.py took 0.302 seconds
[2026-04-12T15:19:25.386+0000] {processor.py:161} INFO - Started process (PID=34) to work on /opt/airflow/dags/mls_ingest_dag.py
[2026-04-12T15:19:25.387+0000] {processor.py:830} INFO - Processing file /opt/airflow/dags/mls_ingest_dag.py for tasks to queue
[2026-04-12T15:19:25.389+0000] {logging_mixin.py:188} INFO - [2026-04-12T15:19:25.388+0000] {dagbag.py:545} INFO - Filling up the DagBag from /opt/airflow/dags/mls_ingest_dag.py
[2026-04-12T15:19:25.404+0000] {processor.py:840} INFO - DAG(s) 'mls_ingest_pipeline' retrieved from /opt/airflow/dags/mls_ingest_dag.py
[2026-04-12T15:19:25.435+0000] {logging_mixin.py:188} INFO - [2026-04-12T15:19:25.435+0000] {dag.py:3089} INFO - Sync 1 DAGs
[2026-04-12T15:19:25.452+0000] {logging_mixin.py:188} INFO - [2026-04-12T15:19:25.452+0000] {dag.py:3947} INFO - Setting next_dagrun for mls_ingest_pipeline to 2026-04-05 00:00:00+00:00, run_after=2026-04-12 00:00:00+00:00
[2026-04-12T15:19:25.468+0000] {processor.py:183} INFO - Processing /opt/airflow/dags/mls_ingest_dag.py took 0.087 seconds
[2026-04-12T15:19:55.510+0000] {processor.py:161} INFO - Started process (PID=35) to work on /opt/airflow/dags/mls_ingest_dag.py
[2026-04-12T15:19:55.511+0000] {processor.py:830} INFO - Processing file /opt/airflow/dags/mls_ingest_dag.py for tasks to queue
[2026-04-12T15:19:55.512+0000] {logging_mixin.py:188} INFO - [2026-04-12T15:19:55.512+0000] {dagbag.py:545} INFO - Filling up the DagBag from /opt/airflow/dags/mls_ingest_dag.py
[2026-04-12T15:19:55.526+0000] {processor.py:840} INFO - DAG(s) 'mls_ingest_pipeline' retrieved from /opt/airflow/dags/mls_ingest_dag.py
[2026-04-12T15:19:55.550+0000] {logging_mixin.py:188} INFO - [2026-04-12T15:19:55.550+0000] {dag.py:3089} INFO - Sync 1 DAGs
[2026-04-12T15:19:55.567+0000] {logging_mixin.py:188} INFO - [2026-04-12T15:19:55.567+0000] {dag.py:3947} INFO - Setting next_dagrun for mls_ingest_pipeline to 2026-04-05 00:00:00+00:00, run_after=2026-04-12 00:00:00+00:00
[2026-04-12T15:19:55.582+0000] {processor.py:183} INFO - Processing /opt/airflow/dags/mls_ingest_dag.py took 0.077 seconds
[2026-04-12T15:20:25.693+0000] {processor.py:161} INFO - Started process (PID=36) to work on /opt/airflow/dags/mls_ingest_dag.py
[2026-04-12T15:20:25.693+0000] {processor.py:830} INFO - Processing file /opt/airflow/dags/mls_ingest_dag.py for tasks to queue
[2026-04-12T15:20:25.695+0000] {logging_mixin.py:188} INFO - [2026-04-12T15:20:25.694+0000] {dagbag.py:545} INFO - Filling up the DagBag from /opt/airflow/dags/mls_ingest_dag.py
[2026-04-12T15:20:25.708+0000] {processor.py:840} INFO - DAG(s) 'mls_ingest_pipeline' retrieved from /opt/airflow/dags/mls_ingest_dag.py
[2026-04-12T15:20:25.730+0000] {logging_mixin.py:188} INFO - [2026-04-12T15:20:25.730+0000] {dag.py:3089} INFO - Sync 1 DAGs
[2026-04-12T15:20:25.747+0000] {logging_mixin.py:188} INFO - [2026-04-12T15:20:25.747+0000] {dag.py:3947} INFO - Setting next_dagrun for mls_ingest_pipeline to 2026-04-05 00:00:00+00:00, run_after=2026-04-12 00:00:00+00:00
[2026-04-12T15:20:25.762+0000] {processor.py:183} INFO - Processing /opt/airflow/dags/mls_ingest_dag.py took 0.073 seconds
[2026-04-12T15:20:55.825+0000] {processor.py:161} INFO - Started process (PID=37) to work on /opt/airflow/dags/mls_ingest_dag.py
[2026-04-12T15:20:55.826+0000] {processor.py:830} INFO - Processing file /opt/airflow/dags/mls_ingest_dag.py for tasks to queue
[2026-04-12T15:20:55.827+0000] {logging_mixin.py:188} INFO - [2026-04-12T15:20:55.827+0000] {dagbag.py:545} INFO - Filling up the DagBag from /opt/airflow/dags/mls_ingest_dag.py
[2026-04-12T15:20:55.841+0000] {processor.py:840} INFO - DAG(s) 'mls_ingest_pipeline' retrieved from /opt/airflow/dags/mls_ingest_dag.py
[2026-04-12T15:20:55.866+0000] {logging_mixin.py:188} INFO - [2026-04-12T15:20:55.866+0000] {dag.py:3089} INFO - Sync 1 DAGs
[2026-04-12T15:20:55.884+0000] {logging_mixin.py:188} INFO - [2026-04-12T15:20:55.884+0000] {dag.py:3947} INFO - Setting next_dagrun for mls_ingest_pipeline to 2026-04-05 00:00:00+00:00, run_after=2026-04-12 00:00:00+00:00
[2026-04-12T15:20:55.900+0000] {processor.py:183} INFO - Processing /opt/airflow/dags/mls_ingest_dag.py took 0.080 seconds
[2026-04-12T15:21:25.986+0000] {processor.py:161} INFO - Started process (PID=72) to work on /opt/airflow/dags/mls_ingest_dag.py
[2026-04-12T15:21:25.987+0000] {processor.py:830} INFO - Processing file /opt/airflow/dags/mls_ingest_dag.py for tasks to queue
[2026-04-12T15:21:25.989+0000] {logging_mixin.py:188} INFO - [2026-04-12T15:21:25.988+0000] {dagbag.py:545} INFO - Filling up the DagBag from /opt/airflow/dags/mls_ingest_dag.py
[2026-04-12T15:21:26.002+0000] {processor.py:840} INFO - DAG(s) 'mls_ingest_pipeline' retrieved from /opt/airflow/dags/mls_ingest_dag.py
[2026-04-12T15:21:26.024+0000] {logging_mixin.py:188} INFO - [2026-04-12T15:21:26.024+0000] {dag.py:3089} INFO - Sync 1 DAGs
[2026-04-12T15:21:26.040+0000] {logging_mixin.py:188} INFO - [2026-04-12T15:21:26.040+0000] {dag.py:3947} INFO - Setting next_dagrun for mls_ingest_pipeline to 2026-04-12 00:00:00+00:00, run_after=2026-04-19 00:00:00+00:00
[2026-04-12T15:21:26.054+0000] {processor.py:183} INFO - Processing /opt/airflow/dags/mls_ingest_dag.py took 0.072 seconds
[2026-04-12T15:21:56.128+0000] {processor.py:161} INFO - Started process (PID=73) to work on /opt/airflow/dags/mls_ingest_dag.py
[2026-04-12T15:21:56.129+0000] {processor.py:830} INFO - Processing file /opt/airflow/dags/mls_ingest_dag.py for tasks to queue
[2026-04-12T15:21:56.130+0000] {logging_mixin.py:188} INFO - [2026-04-12T15:21:56.130+0000] {dagbag.py:545} INFO - Filling up the DagBag from /opt/airflow/dags/mls_ingest_dag.py
[2026-04-12T15:21:56.144+0000] {processor.py:840} INFO - DAG(s) 'mls_ingest_pipeline' retrieved from /opt/airflow/dags/mls_ingest_dag.py
[2026-04-12T15:21:56.166+0000] {logging_mixin.py:188} INFO - [2026-04-12T15:21:56.166+0000] {dag.py:3089} INFO - Sync 1 DAGs
[2026-04-12T15:21:56.181+0000] {logging_mixin.py:188} INFO - [2026-04-12T15:21:56.181+0000] {dag.py:3947} INFO - Setting next_dagrun for mls_ingest_pipeline to 2026-04-12 00:00:00+00:00, run_after=2026-04-19 00:00:00+00:00
[2026-04-12T15:21:56.196+0000] {processor.py:183} INFO - Processing /opt/airflow/dags/mls_ingest_dag.py took 0.072 seconds
[2026-04-12T15:22:26.283+0000] {processor.py:161} INFO - Started process (PID=74) to work on /opt/airflow/dags/mls_ingest_dag.py
[2026-04-12T15:22:26.284+0000] {processor.py:830} INFO - Processing file /opt/airflow/dags/mls_ingest_dag.py for tasks to queue
[2026-04-12T15:22:26.285+0000] {logging_mixin.py:188} INFO - [2026-04-12T15:22:26.285+0000] {dagbag.py:545} INFO - Filling up the DagBag from /opt/airflow/dags/mls_ingest_dag.py
[2026-04-12T15:22:26.302+0000] {processor.py:840} INFO - DAG(s) 'mls_ingest_pipeline' retrieved from /opt/airflow/dags/mls_ingest_dag.py
[2026-04-12T15:22:26.327+0000] {logging_mixin.py:188} INFO - [2026-04-12T15:22:26.326+0000] {dag.py:3089} INFO - Sync 1 DAGs
[2026-04-12T15:22:26.343+0000] {logging_mixin.py:188} INFO - [2026-04-12T15:22:26.342+0000] {dag.py:3947} INFO - Setting next_dagrun for mls_ingest_pipeline to 2026-04-12 00:00:00+00:00, run_after=2026-04-19 00:00:00+00:00
[2026-04-12T15:22:26.357+0000] {processor.py:183} INFO - Processing /opt/airflow/dags/mls_ingest_dag.py took 0.079 seconds
[2026-04-12T15:22:56.427+0000] {processor.py:161} INFO - Started process (PID=75) to work on /opt/airflow/dags/mls_ingest_dag.py
[2026-04-12T15:22:56.428+0000] {processor.py:830} INFO - Processing file /opt/airflow/dags/mls_ingest_dag.py for tasks to queue
[2026-04-12T15:22:56.429+0000] {logging_mixin.py:188} INFO - [2026-04-12T15:22:56.429+0000] {dagbag.py:545} INFO - Filling up the DagBag from /opt/airflow/dags/mls_ingest_dag.py
[2026-04-12T15:22:56.444+0000] {processor.py:840} INFO - DAG(s) 'mls_ingest_pipeline' retrieved from /opt/airflow/dags/mls_ingest_dag.py
[2026-04-12T15:22:56.466+0000] {logging_mixin.py:188} INFO - [2026-04-12T15:22:56.466+0000] {dag.py:3089} INFO - Sync 1 DAGs
[2026-04-12T15:22:56.482+0000] {logging_mixin.py:188} INFO - [2026-04-12T15:22:56.482+0000] {dag.py:3947} INFO - Setting next_dagrun for mls_ingest_pipeline to 2026-04-12 00:00:00+00:00, run_after=2026-04-19 00:00:00+00:00
[2026-04-12T15:22:56.496+0000] {processor.py:183} INFO - Processing /opt/airflow/dags/mls_ingest_dag.py took 0.074 seconds
[2026-04-12T15:23:26.599+0000] {processor.py:161} INFO - Started process (PID=76) to work on /opt/airflow/dags/mls_ingest_dag.py
[2026-04-12T15:23:26.600+0000] {processor.py:830} INFO - Processing file /opt/airflow/dags/mls_ingest_dag.py for tasks to queue
[2026-04-12T15:23:26.601+0000] {logging_mixin.py:188} INFO - [2026-04-12T15:23:26.601+0000] {dagbag.py:545} INFO - Filling up the DagBag from /opt/airflow/dags/mls_ingest_dag.py
[2026-04-12T15:23:26.616+0000] {processor.py:840} INFO - DAG(s) 'mls_ingest_pipeline' retrieved from /opt/airflow/dags/mls_ingest_dag.py
[2026-04-12T15:23:26.637+0000] {logging_mixin.py:188} INFO - [2026-04-12T15:23:26.637+0000] {dag.py:3089} INFO - Sync 1 DAGs
[2026-04-12T15:23:26.653+0000] {logging_mixin.py:188} INFO - [2026-04-12T15:23:26.653+0000] {dag.py:3947} INFO - Setting next_dagrun for mls_ingest_pipeline to 2026-04-12 00:00:00+00:00, run_after=2026-04-19 00:00:00+00:00
[2026-04-12T15:23:26.667+0000] {processor.py:183} INFO - Processing /opt/airflow/dags/mls_ingest_dag.py took 0.072 seconds
[2026-04-12T15:23:56.750+0000] {processor.py:161} INFO - Started process (PID=77) to work on /opt/airflow/dags/mls_ingest_dag.py
[2026-04-12T15:23:56.750+0000] {processor.py:830} INFO - Processing file /opt/airflow/dags/mls_ingest_dag.py for tasks to queue
[2026-04-12T15:23:56.752+0000] {logging_mixin.py:188} INFO - [2026-04-12T15:23:56.752+0000] {dagbag.py:545} INFO - Filling up the DagBag from /opt/airflow/dags/mls_ingest_dag.py
[2026-04-12T15:23:56.766+0000] {processor.py:840} INFO - DAG(s) 'mls_ingest_pipeline' retrieved from /opt/airflow/dags/mls_ingest_dag.py
[2026-04-12T15:23:56.787+0000] {logging_mixin.py:188} INFO - [2026-04-12T15:23:56.787+0000] {dag.py:3089} INFO - Sync 1 DAGs
[2026-04-12T15:23:56.803+0000] {logging_mixin.py:188} INFO - [2026-04-12T15:23:56.803+0000] {dag.py:3947} INFO - Setting next_dagrun for mls_ingest_pipeline to 2026-04-12 00:00:00+00:00, run_after=2026-04-19 00:00:00+00:00
[2026-04-12T15:23:56.819+0000] {processor.py:183} INFO - Processing /opt/airflow/dags/mls_ingest_dag.py took 0.074 seconds
[2026-04-12T15:24:26.895+0000] {processor.py:161} INFO - Started process (PID=78) to work on /opt/airflow/dags/mls_ingest_dag.py
[2026-04-12T15:24:26.896+0000] {processor.py:830} INFO - Processing file /opt/airflow/dags/mls_ingest_dag.py for tasks to queue
[2026-04-12T15:24:26.897+0000] {logging_mixin.py:188} INFO - [2026-04-12T15:24:26.897+0000] {dagbag.py:545} INFO - Filling up the DagBag from /opt/airflow/dags/mls_ingest_dag.py
[2026-04-12T15:24:26.911+0000] {processor.py:840} INFO - DAG(s) 'mls_ingest_pipeline' retrieved from /opt/airflow/dags/mls_ingest_dag.py
[2026-04-12T15:24:26.934+0000] {logging_mixin.py:188} INFO - [2026-04-12T15:24:26.934+0000] {dag.py:3089} INFO - Sync 1 DAGs
[2026-04-12T15:24:26.949+0000] {logging_mixin.py:188} INFO - [2026-04-12T15:24:26.949+0000] {dag.py:3947} INFO - Setting next_dagrun for mls_ingest_pipeline to 2026-04-12 00:00:00+00:00, run_after=2026-04-19 00:00:00+00:00
[2026-04-12T15:24:26.964+0000] {processor.py:183} INFO - Processing /opt/airflow/dags/mls_ingest_dag.py took 0.073 seconds
[2026-04-12T15:24:57.051+0000] {processor.py:161} INFO - Started process (PID=79) to work on /opt/airflow/dags/mls_ingest_dag.py
[2026-04-12T15:24:57.051+0000] {processor.py:830} INFO - Processing file /opt/airflow/dags/mls_ingest_dag.py for tasks to queue
[2026-04-12T15:24:57.053+0000] {logging_mixin.py:188} INFO - [2026-04-12T15:24:57.052+0000] {dagbag.py:545} INFO - Filling up the DagBag from /opt/airflow/dags/mls_ingest_dag.py
[2026-04-12T15:24:57.066+0000] {processor.py:840} INFO - DAG(s) 'mls_ingest_pipeline' retrieved from /opt/airflow/dags/mls_ingest_dag.py
[2026-04-12T15:24:57.088+0000] {logging_mixin.py:188} INFO - [2026-04-12T15:24:57.088+0000] {dag.py:3089} INFO - Sync 1 DAGs
[2026-04-12T15:24:57.104+0000] {logging_mixin.py:188} INFO - [2026-04-12T15:24:57.104+0000] {dag.py:3947} INFO - Setting next_dagrun for mls_ingest_pipeline to 2026-04-12 00:00:00+00:00, run_after=2026-04-19 00:00:00+00:00
[2026-04-12T15:24:57.119+0000] {processor.py:183} INFO - Processing /opt/airflow/dags/mls_ingest_dag.py took 0.074 seconds
