[2026-04-05T05:26:21.020+0000] {local_task_job_runner.py:120} INFO - ::group::Pre task execution logs
[2026-04-05T05:26:21.029+0000] {taskinstance.py:2076} INFO - Dependencies all met for dep_context=non-requeueable deps ti=<TaskInstance: mls_ingest_pipeline.run_ingest_pipeline __airflow_temporary_run_2026-04-05T05:26:19.567023+00:00__ [queued]>
[2026-04-05T05:26:21.031+0000] {taskinstance.py:2076} INFO - Dependencies all met for dep_context=requeueable deps ti=<TaskInstance: mls_ingest_pipeline.run_ingest_pipeline __airflow_temporary_run_2026-04-05T05:26:19.567023+00:00__ [queued]>
[2026-04-05T05:26:21.031+0000] {taskinstance.py:2306} INFO - Starting attempt 1 of 2
[2026-04-05T05:26:21.034+0000] {taskinstance.py:2330} INFO - Executing <Task(BashOperator): run_ingest_pipeline> on 2026-04-05 00:00:00+00:00
[2026-04-05T05:26:21.035+0000] {standard_task_runner.py:64} INFO - Started process 270 to run task
[2026-04-05T05:26:21.036+0000] {standard_task_runner.py:90} INFO - Running: ['airflow', 'tasks', 'run', 'mls_ingest_pipeline', 'run_ingest_pipeline', '__airflow_temporary_run_2026-04-05T05:26:19.567023+00:00__', '--job-id', '10', '--raw', '--subdir', 'DAGS_FOLDER/mls_ingest_dag.py', '--cfg-path', '/tmp/tmphxugokr3']
[2026-04-05T05:26:21.037+0000] {standard_task_runner.py:91} INFO - Job 10: Subtask run_ingest_pipeline
[2026-04-05T05:26:21.055+0000] {task_command.py:426} INFO - Running <TaskInstance: mls_ingest_pipeline.run_ingest_pipeline __airflow_temporary_run_2026-04-05T05:26:19.567023+00:00__ [running]> on host a8955310113e
[2026-04-05T05:26:21.080+0000] {taskinstance.py:2648} INFO - Exporting env vars: AIRFLOW_CTX_DAG_OWNER='rohan' AIRFLOW_CTX_DAG_ID='mls_ingest_pipeline' AIRFLOW_CTX_TASK_ID='run_ingest_pipeline' AIRFLOW_CTX_EXECUTION_DATE='2026-04-05T00:00:00+00:00' AIRFLOW_CTX_TRY_NUMBER='1' AIRFLOW_CTX_DAG_RUN_ID='__airflow_temporary_run_2026-04-05T05:26:19.567023+00:00__'
[2026-04-05T05:26:21.080+0000] {taskinstance.py:430} INFO - ::endgroup::
[2026-04-05T05:26:21.084+0000] {subprocess.py:63} INFO - Tmp dir root location: /tmp
[2026-04-05T05:26:21.084+0000] {subprocess.py:75} INFO - Running command: ['/usr/bin/bash', '-c', 'cd /opt/sportsapp && python3 ingest/ingest_pipeline.py']
[2026-04-05T05:26:21.086+0000] {subprocess.py:86} INFO - Output:
[2026-04-05T05:27:28.424+0000] {subprocess.py:93} INFO - Schema creation sql: CREATE SCHEMA IF NOT EXISTS mls_analysis;
[2026-04-05T05:27:28.430+0000] {subprocess.py:93} INFO -                 team  ...                                           logo_url
[2026-04-05T05:27:28.432+0000] {subprocess.py:93} INFO - 0  Atlanta United FC  ...  https://upload.wikimedia.org/wikipedia/en/thum...
[2026-04-05T05:27:28.432+0000] {subprocess.py:93} INFO - 1          Austin FC  ...  https://upload.wikimedia.org/wikipedia/en/thum...
[2026-04-05T05:27:28.432+0000] {subprocess.py:93} INFO - 2        CF Montréal  ...  https://upload.wikimedia.org/wikipedia/en/thum...
[2026-04-05T05:27:28.432+0000] {subprocess.py:93} INFO - 3       Charlotte FC  ...  https://upload.wikimedia.org/wikipedia/en/thum...
[2026-04-05T05:27:28.432+0000] {subprocess.py:93} INFO - 4    Chicago Fire FC  ...  https://upload.wikimedia.org/wikipedia/commons...
[2026-04-05T05:27:28.432+0000] {subprocess.py:93} INFO - 
[2026-04-05T05:27:28.432+0000] {subprocess.py:93} INFO - [5 rows x 12 columns]
[2026-04-05T05:27:28.432+0000] {subprocess.py:93} INFO - Total census rows pulled: 32330
[2026-04-05T05:27:28.433+0000] {subprocess.py:93} INFO -          city    state state_code  ...  education  median_age  unemployment
[2026-04-05T05:27:28.433+0000] {subprocess.py:93} INFO - 0      Abanda  Alabama         01  ...         41        24.5             0
[2026-04-05T05:27:28.433+0000] {subprocess.py:93} INFO - 1   Abbeville  Alabama         01  ...        175        51.2            58
[2026-04-05T05:27:28.433+0000] {subprocess.py:93} INFO - 2  Adamsville  Alabama         01  ...        333        41.1            42
[2026-04-05T05:27:28.433+0000] {subprocess.py:93} INFO - 3     Addison  Alabama         01  ...         16        41.5             0
[2026-04-05T05:27:28.433+0000] {subprocess.py:93} INFO - 4       Akron  Alabama         01  ...          4        39.8            14
[2026-04-05T05:27:28.433+0000] {subprocess.py:93} INFO - 
[2026-04-05T05:27:28.433+0000] {subprocess.py:93} INFO - [5 rows x 8 columns]
[2026-04-05T05:27:28.433+0000] {subprocess.py:93} INFO - Cleaned census rows: 32213
[2026-04-05T05:27:28.433+0000] {subprocess.py:93} INFO - Total games pulled: 544
[2026-04-05T05:27:28.491+0000] {subprocess.py:97} INFO - Command exited with return code 0
[2026-04-05T05:27:28.492+0000] {taskinstance.py:441} INFO - ::group::Post task execution logs
[2026-04-05T05:27:28.501+0000] {taskinstance.py:2905} ERROR - Task failed with exception
Traceback (most recent call last):
  File "/home/airflow/.local/lib/python3.12/site-packages/airflow/models/taskinstance.py", line 486, in _execute_task
    task_instance.xcom_push(key=XCOM_RETURN_KEY, value=xcom_value, session=session)
  File "/home/airflow/.local/lib/python3.12/site-packages/airflow/utils/session.py", line 76, in wrapper
    return func(*args, **kwargs)
           ^^^^^^^^^^^^^^^^^^^^^
  File "/home/airflow/.local/lib/python3.12/site-packages/airflow/models/taskinstance.py", line 3197, in xcom_push
    XCom.set(
  File "/home/airflow/.local/lib/python3.12/site-packages/airflow/utils/session.py", line 76, in wrapper
    return func(*args, **kwargs)
           ^^^^^^^^^^^^^^^^^^^^^
  File "/home/airflow/.local/lib/python3.12/site-packages/airflow/models/xcom.py", line 223, in set
    raise ValueError(f"DAG run not found on DAG {dag_id!r} with ID {run_id!r}")
ValueError: DAG run not found on DAG 'mls_ingest_pipeline' with ID '__airflow_temporary_run_2026-04-05T05:26:19.567023+00:00__'
[2026-04-05T05:27:28.506+0000] {taskinstance.py:1206} INFO - Marking task as FAILED. dag_id=mls_ingest_pipeline, task_id=run_ingest_pipeline, run_id=__airflow_temporary_run_2026-04-05T05:26:19.567023+00:00__, execution_date=20260405T000000, start_date=20260405T052621, end_date=20260405T052728
[2026-04-05T05:27:28.512+0000] {standard_task_runner.py:110} ERROR - Failed to execute job 10 for task run_ingest_pipeline ((psycopg2.errors.ForeignKeyViolation) insert or update on table "task_fail" violates foreign key constraint "task_fail_ti_fkey"
DETAIL:  Key (dag_id, task_id, run_id, map_index)=(mls_ingest_pipeline, run_ingest_pipeline, __airflow_temporary_run_2026-04-05T05:26:19.567023+00:00__, -1) is not present in table "task_instance".

[SQL: INSERT INTO task_fail (task_id, dag_id, run_id, map_index, start_date, end_date, duration) VALUES (%(task_id)s, %(dag_id)s, %(run_id)s, %(map_index)s, %(start_date)s, %(end_date)s, %(duration)s) RETURNING task_fail.id]
[parameters: {'task_id': 'run_ingest_pipeline', 'dag_id': 'mls_ingest_pipeline', 'run_id': '__airflow_temporary_run_2026-04-05T05:26:19.567023+00:00__', 'map_index': -1, 'start_date': datetime.datetime(2026, 4, 5, 5, 26, 21, 29288, tzinfo=Timezone('UTC')), 'end_date': datetime.datetime(2026, 4, 5, 5, 27, 28, 505782, tzinfo=Timezone('UTC')), 'duration': 67}]
(Background on this error at: https://sqlalche.me/e/14/gkpj); 270)
[2026-04-05T05:27:28.533+0000] {local_task_job_runner.py:243} INFO - Task exited with return code 1
[2026-04-05T05:27:28.538+0000] {local_task_job_runner.py:222} INFO - ::endgroup::
