[2026-04-12T15:05:12.259+0000] {local_task_job_runner.py:120} INFO - ::group::Pre task execution logs
[2026-04-12T15:05:12.281+0000] {taskinstance.py:2076} INFO - Dependencies all met for dep_context=non-requeueable deps ti=<TaskInstance: mls_ingest_pipeline.run_ingest_pipeline scheduled__2026-04-05T00:00:00+00:00 [queued]>
[2026-04-12T15:05:12.286+0000] {taskinstance.py:2076} INFO - Dependencies all met for dep_context=requeueable deps ti=<TaskInstance: mls_ingest_pipeline.run_ingest_pipeline scheduled__2026-04-05T00:00:00+00:00 [queued]>
[2026-04-12T15:05:12.286+0000] {taskinstance.py:2306} INFO - Starting attempt 1 of 2
[2026-04-12T15:05:12.296+0000] {taskinstance.py:2330} INFO - Executing <Task(BashOperator): run_ingest_pipeline> on 2026-04-05 00:00:00+00:00
[2026-04-12T15:05:12.301+0000] {standard_task_runner.py:64} INFO - Started process 50 to run task
[2026-04-12T15:05:12.304+0000] {standard_task_runner.py:90} INFO - Running: ['airflow', 'tasks', 'run', 'mls_ingest_pipeline', 'run_ingest_pipeline', 'scheduled__2026-04-05T00:00:00+00:00', '--job-id', '4', '--raw', '--subdir', 'DAGS_FOLDER/mls_ingest_dag.py', '--cfg-path', '/tmp/tmpuoqou0uh']
[2026-04-12T15:05:12.306+0000] {standard_task_runner.py:91} INFO - Job 4: Subtask run_ingest_pipeline
[2026-04-12T15:05:12.364+0000] {task_command.py:426} INFO - Running <TaskInstance: mls_ingest_pipeline.run_ingest_pipeline scheduled__2026-04-05T00:00:00+00:00 [running]> on host 2c7e95bde14d
[2026-04-12T15:05:12.443+0000] {taskinstance.py:2648} INFO - Exporting env vars: AIRFLOW_CTX_DAG_OWNER='rohan' AIRFLOW_CTX_DAG_ID='mls_ingest_pipeline' AIRFLOW_CTX_TASK_ID='run_ingest_pipeline' AIRFLOW_CTX_EXECUTION_DATE='2026-04-05T00:00:00+00:00' AIRFLOW_CTX_TRY_NUMBER='1' AIRFLOW_CTX_DAG_RUN_ID='scheduled__2026-04-05T00:00:00+00:00'
[2026-04-12T15:05:12.443+0000] {taskinstance.py:430} INFO - ::endgroup::
[2026-04-12T15:05:12.472+0000] {subprocess.py:63} INFO - Tmp dir root location: /tmp
[2026-04-12T15:05:12.473+0000] {subprocess.py:75} INFO - Running command: ['/usr/bin/bash', '-c', 'cd /opt/sportsapp && python3 ingest/ingest_pipeline.py']
[2026-04-12T15:05:12.482+0000] {subprocess.py:86} INFO - Output:
[2026-04-12T15:05:34.584+0000] {subprocess.py:93} INFO - Schema creation sql: CREATE SCHEMA IF NOT EXISTS mls_analysis;
[2026-04-12T15:05:34.585+0000] {subprocess.py:93} INFO -                 team  ...                                           logo_url
[2026-04-12T15:05:34.585+0000] {subprocess.py:93} INFO - 0  Atlanta United FC  ...  https://upload.wikimedia.org/wikipedia/en/thum...
[2026-04-12T15:05:34.585+0000] {subprocess.py:93} INFO - 1          Austin FC  ...  https://upload.wikimedia.org/wikipedia/en/thum...
[2026-04-12T15:05:34.586+0000] {subprocess.py:93} INFO - 2        CF Montréal  ...  https://upload.wikimedia.org/wikipedia/en/thum...
[2026-04-12T15:05:34.586+0000] {subprocess.py:93} INFO - 3       Charlotte FC  ...  https://upload.wikimedia.org/wikipedia/en/thum...
[2026-04-12T15:05:34.586+0000] {subprocess.py:93} INFO - 4    Chicago Fire FC  ...  https://upload.wikimedia.org/wikipedia/commons...
[2026-04-12T15:05:34.586+0000] {subprocess.py:93} INFO - 
[2026-04-12T15:05:34.587+0000] {subprocess.py:93} INFO - [5 rows x 12 columns]
[2026-04-12T15:05:34.587+0000] {subprocess.py:93} INFO - Total census rows pulled: 32330
[2026-04-12T15:05:34.587+0000] {subprocess.py:93} INFO -          city    state state_code  ...  education  median_age  unemployment
[2026-04-12T15:05:34.587+0000] {subprocess.py:93} INFO - 0      Abanda  Alabama         01  ...         41        24.5             0
[2026-04-12T15:05:34.588+0000] {subprocess.py:93} INFO - 1   Abbeville  Alabama         01  ...        175        51.2            58
[2026-04-12T15:05:34.588+0000] {subprocess.py:93} INFO - 2  Adamsville  Alabama         01  ...        333        41.1            42
[2026-04-12T15:05:34.588+0000] {subprocess.py:93} INFO - 3     Addison  Alabama         01  ...         16        41.5             0
[2026-04-12T15:05:34.588+0000] {subprocess.py:93} INFO - 4       Akron  Alabama         01  ...          4        39.8            14
[2026-04-12T15:05:34.588+0000] {subprocess.py:93} INFO - 
[2026-04-12T15:05:34.589+0000] {subprocess.py:93} INFO - [5 rows x 8 columns]
[2026-04-12T15:05:34.589+0000] {subprocess.py:93} INFO - Cleaned census rows: 32213
[2026-04-12T15:05:34.589+0000] {subprocess.py:93} INFO - Total games pulled: 103
[2026-04-12T15:05:34.663+0000] {subprocess.py:97} INFO - Command exited with return code 0
[2026-04-12T15:05:34.664+0000] {taskinstance.py:441} INFO - ::group::Post task execution logs
[2026-04-12T15:05:34.787+0000] {taskinstance.py:1206} INFO - Marking task as SUCCESS. dag_id=mls_ingest_pipeline, task_id=run_ingest_pipeline, run_id=scheduled__2026-04-05T00:00:00+00:00, execution_date=20260405T000000, start_date=20260412T150512, end_date=20260412T150534
[2026-04-12T15:05:34.824+0000] {local_task_job_runner.py:243} INFO - Task exited with return code 0
[2026-04-12T15:05:34.837+0000] {taskinstance.py:3503} INFO - 0 downstream tasks scheduled from follow-on schedule check
[2026-04-12T15:05:34.841+0000] {local_task_job_runner.py:222} INFO - ::endgroup::
[2026-04-12T15:16:46.401+0000] {local_task_job_runner.py:120} INFO - ::group::Pre task execution logs
[2026-04-12T15:16:46.423+0000] {taskinstance.py:2076} INFO - Dependencies all met for dep_context=non-requeueable deps ti=<TaskInstance: mls_ingest_pipeline.run_ingest_pipeline scheduled__2026-04-05T00:00:00+00:00 [queued]>
[2026-04-12T15:16:46.428+0000] {taskinstance.py:2076} INFO - Dependencies all met for dep_context=requeueable deps ti=<TaskInstance: mls_ingest_pipeline.run_ingest_pipeline scheduled__2026-04-05T00:00:00+00:00 [queued]>
[2026-04-12T15:16:46.428+0000] {taskinstance.py:2306} INFO - Starting attempt 1 of 2
[2026-04-12T15:16:46.438+0000] {taskinstance.py:2330} INFO - Executing <Task(BashOperator): run_ingest_pipeline> on 2026-04-05 00:00:00+00:00
[2026-04-12T15:16:46.442+0000] {standard_task_runner.py:64} INFO - Started process 51 to run task
[2026-04-12T15:16:46.444+0000] {standard_task_runner.py:90} INFO - Running: ['airflow', 'tasks', 'run', 'mls_ingest_pipeline', 'run_ingest_pipeline', 'scheduled__2026-04-05T00:00:00+00:00', '--job-id', '2', '--raw', '--subdir', 'DAGS_FOLDER/mls_ingest_dag.py', '--cfg-path', '/tmp/tmp1cvu6lvo']
[2026-04-12T15:16:46.446+0000] {standard_task_runner.py:91} INFO - Job 2: Subtask run_ingest_pipeline
[2026-04-12T15:16:46.506+0000] {task_command.py:426} INFO - Running <TaskInstance: mls_ingest_pipeline.run_ingest_pipeline scheduled__2026-04-05T00:00:00+00:00 [running]> on host 0dad0055954e
[2026-04-12T15:16:46.579+0000] {taskinstance.py:2648} INFO - Exporting env vars: AIRFLOW_CTX_DAG_OWNER='rohan' AIRFLOW_CTX_DAG_ID='mls_ingest_pipeline' AIRFLOW_CTX_TASK_ID='run_ingest_pipeline' AIRFLOW_CTX_EXECUTION_DATE='2026-04-05T00:00:00+00:00' AIRFLOW_CTX_TRY_NUMBER='1' AIRFLOW_CTX_DAG_RUN_ID='scheduled__2026-04-05T00:00:00+00:00'
[2026-04-12T15:16:46.580+0000] {taskinstance.py:430} INFO - ::endgroup::
[2026-04-12T15:16:46.607+0000] {subprocess.py:63} INFO - Tmp dir root location: /tmp
[2026-04-12T15:16:46.608+0000] {subprocess.py:75} INFO - Running command: ['/usr/bin/bash', '-c', 'cd /opt/sportsapp && python3 ingest/ingest_pipeline.py']
[2026-04-12T15:16:46.616+0000] {subprocess.py:86} INFO - Output:
[2026-04-12T15:17:06.446+0000] {subprocess.py:93} INFO - Schema creation sql: CREATE SCHEMA IF NOT EXISTS mls_analysis;
[2026-04-12T15:17:06.446+0000] {subprocess.py:93} INFO -                 team  ...                                           logo_url
[2026-04-12T15:17:06.447+0000] {subprocess.py:93} INFO - 0  Atlanta United FC  ...  https://upload.wikimedia.org/wikipedia/en/thum...
[2026-04-12T15:17:06.447+0000] {subprocess.py:93} INFO - 1          Austin FC  ...  https://upload.wikimedia.org/wikipedia/en/thum...
[2026-04-12T15:17:06.447+0000] {subprocess.py:93} INFO - 2        CF Montréal  ...  https://upload.wikimedia.org/wikipedia/en/thum...
[2026-04-12T15:17:06.447+0000] {subprocess.py:93} INFO - 3       Charlotte FC  ...  https://upload.wikimedia.org/wikipedia/en/thum...
[2026-04-12T15:17:06.448+0000] {subprocess.py:93} INFO - 4    Chicago Fire FC  ...  https://upload.wikimedia.org/wikipedia/commons...
[2026-04-12T15:17:06.448+0000] {subprocess.py:93} INFO - 
[2026-04-12T15:17:06.448+0000] {subprocess.py:93} INFO - [5 rows x 12 columns]
[2026-04-12T15:17:06.448+0000] {subprocess.py:93} INFO - Total census rows pulled: 32330
[2026-04-12T15:17:06.448+0000] {subprocess.py:93} INFO -          city    state state_code  ...  education  median_age  unemployment
[2026-04-12T15:17:06.449+0000] {subprocess.py:93} INFO - 0      Abanda  Alabama         01  ...         41        24.5             0
[2026-04-12T15:17:06.449+0000] {subprocess.py:93} INFO - 1   Abbeville  Alabama         01  ...        175        51.2            58
[2026-04-12T15:17:06.449+0000] {subprocess.py:93} INFO - 2  Adamsville  Alabama         01  ...        333        41.1            42
[2026-04-12T15:17:06.449+0000] {subprocess.py:93} INFO - 3     Addison  Alabama         01  ...         16        41.5             0
[2026-04-12T15:17:06.450+0000] {subprocess.py:93} INFO - 4       Akron  Alabama         01  ...          4        39.8            14
[2026-04-12T15:17:06.450+0000] {subprocess.py:93} INFO - 
[2026-04-12T15:17:06.450+0000] {subprocess.py:93} INFO - [5 rows x 8 columns]
[2026-04-12T15:17:06.450+0000] {subprocess.py:93} INFO - Cleaned census rows: 32213
[2026-04-12T15:17:06.451+0000] {subprocess.py:93} INFO - Total games pulled: 103
[2026-04-12T15:17:06.525+0000] {subprocess.py:97} INFO - Command exited with return code 0
[2026-04-12T15:17:06.526+0000] {taskinstance.py:441} INFO - ::group::Post task execution logs
[2026-04-12T15:17:06.549+0000] {taskinstance.py:1206} INFO - Marking task as SUCCESS. dag_id=mls_ingest_pipeline, task_id=run_ingest_pipeline, run_id=scheduled__2026-04-05T00:00:00+00:00, execution_date=20260405T000000, start_date=20260412T151646, end_date=20260412T151706
[2026-04-12T15:17:06.598+0000] {local_task_job_runner.py:243} INFO - Task exited with return code 0
[2026-04-12T15:17:06.610+0000] {taskinstance.py:3503} INFO - 0 downstream tasks scheduled from follow-on schedule check
[2026-04-12T15:17:06.614+0000] {local_task_job_runner.py:222} INFO - ::endgroup::
