[2026-04-09T16:45:24.782+0000] {local_task_job_runner.py:120} INFO - ::group::Pre task execution logs
[2026-04-09T16:45:24.803+0000] {taskinstance.py:2076} INFO - Dependencies all met for dep_context=non-requeueable deps ti=<TaskInstance: mls_ingest_pipeline.run_ingest_pipeline scheduled__2026-03-29T00:00:00+00:00 [queued]>
[2026-04-09T16:45:24.808+0000] {taskinstance.py:2076} INFO - Dependencies all met for dep_context=requeueable deps ti=<TaskInstance: mls_ingest_pipeline.run_ingest_pipeline scheduled__2026-03-29T00:00:00+00:00 [queued]>
[2026-04-09T16:45:24.808+0000] {taskinstance.py:2306} INFO - Starting attempt 1 of 2
[2026-04-09T16:45:24.818+0000] {taskinstance.py:2330} INFO - Executing <Task(BashOperator): run_ingest_pipeline> on 2026-03-29 00:00:00+00:00
[2026-04-09T16:45:24.822+0000] {standard_task_runner.py:64} INFO - Started process 52 to run task
[2026-04-09T16:45:24.824+0000] {standard_task_runner.py:90} INFO - Running: ['airflow', 'tasks', 'run', 'mls_ingest_pipeline', 'run_ingest_pipeline', 'scheduled__2026-03-29T00:00:00+00:00', '--job-id', '2', '--raw', '--subdir', 'DAGS_FOLDER/mls_ingest_dag.py', '--cfg-path', '/tmp/tmpp7xu1e_7']
[2026-04-09T16:45:24.826+0000] {standard_task_runner.py:91} INFO - Job 2: Subtask run_ingest_pipeline
[2026-04-09T16:45:24.885+0000] {task_command.py:426} INFO - Running <TaskInstance: mls_ingest_pipeline.run_ingest_pipeline scheduled__2026-03-29T00:00:00+00:00 [running]> on host 25e05243f704
[2026-04-09T16:45:24.959+0000] {taskinstance.py:2648} INFO - Exporting env vars: AIRFLOW_CTX_DAG_OWNER='rohan' AIRFLOW_CTX_DAG_ID='mls_ingest_pipeline' AIRFLOW_CTX_TASK_ID='run_ingest_pipeline' AIRFLOW_CTX_EXECUTION_DATE='2026-03-29T00:00:00+00:00' AIRFLOW_CTX_TRY_NUMBER='1' AIRFLOW_CTX_DAG_RUN_ID='scheduled__2026-03-29T00:00:00+00:00'
[2026-04-09T16:45:24.960+0000] {taskinstance.py:430} INFO - ::endgroup::
[2026-04-09T16:45:24.983+0000] {subprocess.py:63} INFO - Tmp dir root location: /tmp
[2026-04-09T16:45:24.984+0000] {subprocess.py:75} INFO - Running command: ['/usr/bin/bash', '-c', 'cd /opt/sportsapp && python3 ingest/ingest_pipeline.py']
[2026-04-09T16:45:24.992+0000] {subprocess.py:86} INFO - Output:
[2026-04-09T16:45:26.341+0000] {subprocess.py:93} INFO - Traceback (most recent call last):
[2026-04-09T16:45:26.342+0000] {subprocess.py:93} INFO -   File "/opt/sportsapp/ingest/ingest_pipeline.py", line 48, in <module>
[2026-04-09T16:45:26.343+0000] {subprocess.py:93} INFO -     main()
[2026-04-09T16:45:26.343+0000] {subprocess.py:93} INFO -   File "/opt/sportsapp/ingest/ingest_pipeline.py", line 45, in main
[2026-04-09T16:45:26.344+0000] {subprocess.py:93} INFO -     IngestPipeline().ingest_all()
[2026-04-09T16:45:26.345+0000] {subprocess.py:93} INFO -     ^^^^^^^^^^^^^^^^
[2026-04-09T16:45:26.345+0000] {subprocess.py:93} INFO -   File "/opt/sportsapp/ingest/ingest_pipeline.py", line 27, in __init__
[2026-04-09T16:45:26.346+0000] {subprocess.py:93} INFO -     self.ingesters.append(GameIngester(self.conn))
[2026-04-09T16:45:26.346+0000] {subprocess.py:93} INFO -                           ^^^^^^^^^^^^^^^^^^^^^^^
[2026-04-09T16:45:26.346+0000] {subprocess.py:93} INFO -   File "/opt/sportsapp/ingest/GameIngester.py", line 20, in __init__
[2026-04-09T16:45:26.347+0000] {subprocess.py:93} INFO -     self.end = datetime().now().date()
[2026-04-09T16:45:26.348+0000] {subprocess.py:93} INFO -                ^^^^^^^^^^
[2026-04-09T16:45:26.348+0000] {subprocess.py:93} INFO - TypeError: function missing required argument 'year' (pos 1)
[2026-04-09T16:45:26.412+0000] {subprocess.py:97} INFO - Command exited with return code 1
[2026-04-09T16:45:26.413+0000] {taskinstance.py:441} INFO - ::group::Post task execution logs
[2026-04-09T16:45:26.423+0000] {taskinstance.py:2905} ERROR - Task failed with exception
Traceback (most recent call last):
  File "/home/airflow/.local/lib/python3.12/site-packages/airflow/models/taskinstance.py", line 465, in _execute_task
    result = _execute_callable(context=context, **execute_callable_kwargs)
             ^^^^^^^^^^^^^^^^^^^^^^^^^^^^^^^^^^^^^^^^^^^^^^^^^^^^^^^^^^^^^
  File "/home/airflow/.local/lib/python3.12/site-packages/airflow/models/taskinstance.py", line 432, in _execute_callable
    return execute_callable(context=context, **execute_callable_kwargs)
           ^^^^^^^^^^^^^^^^^^^^^^^^^^^^^^^^^^^^^^^^^^^^^^^^^^^^^^^^^^^^
  File "/home/airflow/.local/lib/python3.12/site-packages/airflow/models/baseoperator.py", line 401, in wrapper
    return func(self, *args, **kwargs)
           ^^^^^^^^^^^^^^^^^^^^^^^^^^^
  File "/home/airflow/.local/lib/python3.12/site-packages/airflow/operators/bash.py", line 243, in execute
    raise AirflowException(
airflow.exceptions.AirflowException: Bash command failed. The command returned a non-zero exit code 1.
[2026-04-09T16:45:26.426+0000] {taskinstance.py:1206} INFO - Marking task as UP_FOR_RETRY. dag_id=mls_ingest_pipeline, task_id=run_ingest_pipeline, run_id=scheduled__2026-03-29T00:00:00+00:00, execution_date=20260329T000000, start_date=20260409T164524, end_date=20260409T164526
[2026-04-09T16:45:26.437+0000] {standard_task_runner.py:110} ERROR - Failed to execute job 2 for task run_ingest_pipeline (Bash command failed. The command returned a non-zero exit code 1.; 52)
[2026-04-09T16:45:26.481+0000] {local_task_job_runner.py:243} INFO - Task exited with return code 1
[2026-04-09T16:45:26.495+0000] {taskinstance.py:3503} INFO - 0 downstream tasks scheduled from follow-on schedule check
[2026-04-09T16:45:26.499+0000] {local_task_job_runner.py:222} INFO - ::endgroup::
[2026-04-09T16:49:30.799+0000] {local_task_job_runner.py:120} INFO - ::group::Pre task execution logs
[2026-04-09T16:49:30.820+0000] {taskinstance.py:2076} INFO - Dependencies all met for dep_context=non-requeueable deps ti=<TaskInstance: mls_ingest_pipeline.run_ingest_pipeline scheduled__2026-03-29T00:00:00+00:00 [queued]>
[2026-04-09T16:49:30.824+0000] {taskinstance.py:2076} INFO - Dependencies all met for dep_context=requeueable deps ti=<TaskInstance: mls_ingest_pipeline.run_ingest_pipeline scheduled__2026-03-29T00:00:00+00:00 [queued]>
[2026-04-09T16:49:30.825+0000] {taskinstance.py:2306} INFO - Starting attempt 1 of 2
[2026-04-09T16:49:30.834+0000] {taskinstance.py:2330} INFO - Executing <Task(BashOperator): run_ingest_pipeline> on 2026-03-29 00:00:00+00:00
[2026-04-09T16:49:30.838+0000] {standard_task_runner.py:64} INFO - Started process 51 to run task
[2026-04-09T16:49:30.841+0000] {standard_task_runner.py:90} INFO - Running: ['airflow', 'tasks', 'run', 'mls_ingest_pipeline', 'run_ingest_pipeline', 'scheduled__2026-03-29T00:00:00+00:00', '--job-id', '2', '--raw', '--subdir', 'DAGS_FOLDER/mls_ingest_dag.py', '--cfg-path', '/tmp/tmpzp1i0c0y']
[2026-04-09T16:49:30.842+0000] {standard_task_runner.py:91} INFO - Job 2: Subtask run_ingest_pipeline
[2026-04-09T16:49:30.900+0000] {task_command.py:426} INFO - Running <TaskInstance: mls_ingest_pipeline.run_ingest_pipeline scheduled__2026-03-29T00:00:00+00:00 [running]> on host c571b0d19c49
[2026-04-09T16:49:30.970+0000] {taskinstance.py:2648} INFO - Exporting env vars: AIRFLOW_CTX_DAG_OWNER='rohan' AIRFLOW_CTX_DAG_ID='mls_ingest_pipeline' AIRFLOW_CTX_TASK_ID='run_ingest_pipeline' AIRFLOW_CTX_EXECUTION_DATE='2026-03-29T00:00:00+00:00' AIRFLOW_CTX_TRY_NUMBER='1' AIRFLOW_CTX_DAG_RUN_ID='scheduled__2026-03-29T00:00:00+00:00'
[2026-04-09T16:49:30.971+0000] {taskinstance.py:430} INFO - ::endgroup::
[2026-04-09T16:49:30.994+0000] {subprocess.py:63} INFO - Tmp dir root location: /tmp
[2026-04-09T16:49:30.995+0000] {subprocess.py:75} INFO - Running command: ['/usr/bin/bash', '-c', 'cd /opt/sportsapp && python3 ingest/ingest_pipeline.py']
[2026-04-09T16:49:31.003+0000] {subprocess.py:86} INFO - Output:
[2026-04-09T16:49:53.796+0000] {subprocess.py:93} INFO - Schema creation sql: CREATE SCHEMA IF NOT EXISTS mls_analysis;
[2026-04-09T16:49:53.797+0000] {subprocess.py:93} INFO -                 team  ...                                           logo_url
[2026-04-09T16:49:53.797+0000] {subprocess.py:93} INFO - 0  Atlanta United FC  ...  https://upload.wikimedia.org/wikipedia/en/thum...
[2026-04-09T16:49:53.798+0000] {subprocess.py:93} INFO - 1          Austin FC  ...  https://upload.wikimedia.org/wikipedia/en/thum...
[2026-04-09T16:49:53.798+0000] {subprocess.py:93} INFO - 2        CF Montréal  ...  https://upload.wikimedia.org/wikipedia/en/thum...
[2026-04-09T16:49:53.798+0000] {subprocess.py:93} INFO - 3       Charlotte FC  ...  https://upload.wikimedia.org/wikipedia/en/thum...
[2026-04-09T16:49:53.798+0000] {subprocess.py:93} INFO - 4    Chicago Fire FC  ...  https://upload.wikimedia.org/wikipedia/commons...
[2026-04-09T16:49:53.798+0000] {subprocess.py:93} INFO - 
[2026-04-09T16:49:53.799+0000] {subprocess.py:93} INFO - [5 rows x 12 columns]
[2026-04-09T16:49:53.799+0000] {subprocess.py:93} INFO - Total census rows pulled: 32330
[2026-04-09T16:49:53.799+0000] {subprocess.py:93} INFO -          city    state state_code  ...  education  median_age  unemployment
[2026-04-09T16:49:53.799+0000] {subprocess.py:93} INFO - 0      Abanda  Alabama         01  ...         41        24.5             0
[2026-04-09T16:49:53.799+0000] {subprocess.py:93} INFO - 1   Abbeville  Alabama         01  ...        175        51.2            58
[2026-04-09T16:49:53.800+0000] {subprocess.py:93} INFO - 2  Adamsville  Alabama         01  ...        333        41.1            42
[2026-04-09T16:49:53.800+0000] {subprocess.py:93} INFO - 3     Addison  Alabama         01  ...         16        41.5             0
[2026-04-09T16:49:53.800+0000] {subprocess.py:93} INFO - 4       Akron  Alabama         01  ...          4        39.8            14
[2026-04-09T16:49:53.800+0000] {subprocess.py:93} INFO - 
[2026-04-09T16:49:53.801+0000] {subprocess.py:93} INFO - [5 rows x 8 columns]
[2026-04-09T16:49:53.801+0000] {subprocess.py:93} INFO - Cleaned census rows: 32213
[2026-04-09T16:49:53.801+0000] {subprocess.py:93} INFO - Total games pulled: 89
[2026-04-09T16:49:53.890+0000] {subprocess.py:97} INFO - Command exited with return code 0
[2026-04-09T16:49:53.891+0000] {taskinstance.py:441} INFO - ::group::Post task execution logs
[2026-04-09T16:49:53.917+0000] {taskinstance.py:1206} INFO - Marking task as SUCCESS. dag_id=mls_ingest_pipeline, task_id=run_ingest_pipeline, run_id=scheduled__2026-03-29T00:00:00+00:00, execution_date=20260329T000000, start_date=20260409T164930, end_date=20260409T164953
[2026-04-09T16:49:53.963+0000] {local_task_job_runner.py:243} INFO - Task exited with return code 0
[2026-04-09T16:49:53.975+0000] {taskinstance.py:3503} INFO - 0 downstream tasks scheduled from follow-on schedule check
[2026-04-09T16:49:53.979+0000] {local_task_job_runner.py:222} INFO - ::endgroup::
