[2026-04-09T16:45:50.982+0000] {local_task_job_runner.py:120} INFO - ::group::Pre task execution logs
[2026-04-09T16:45:51.004+0000] {taskinstance.py:2076} INFO - Dependencies all met for dep_context=non-requeueable deps ti=<TaskInstance: mls_ingest_pipeline.run_ingest_pipeline manual__2026-04-09T16:45:48+00:00 [queued]>
[2026-04-09T16:45:51.008+0000] {taskinstance.py:2076} INFO - Dependencies all met for dep_context=requeueable deps ti=<TaskInstance: mls_ingest_pipeline.run_ingest_pipeline manual__2026-04-09T16:45:48+00:00 [queued]>
[2026-04-09T16:45:51.009+0000] {taskinstance.py:2306} INFO - Starting attempt 1 of 2
[2026-04-09T16:45:51.019+0000] {taskinstance.py:2330} INFO - Executing <Task(BashOperator): run_ingest_pipeline> on 2026-04-09 16:45:48+00:00
[2026-04-09T16:45:51.023+0000] {standard_task_runner.py:64} INFO - Started process 87 to run task
[2026-04-09T16:45:51.026+0000] {standard_task_runner.py:90} INFO - Running: ['airflow', 'tasks', 'run', 'mls_ingest_pipeline', 'run_ingest_pipeline', 'manual__2026-04-09T16:45:48+00:00', '--job-id', '3', '--raw', '--subdir', 'DAGS_FOLDER/mls_ingest_dag.py', '--cfg-path', '/tmp/tmpkirpifg6']
[2026-04-09T16:45:51.028+0000] {standard_task_runner.py:91} INFO - Job 3: Subtask run_ingest_pipeline
[2026-04-09T16:45:51.082+0000] {task_command.py:426} INFO - Running <TaskInstance: mls_ingest_pipeline.run_ingest_pipeline manual__2026-04-09T16:45:48+00:00 [running]> on host 25e05243f704
[2026-04-09T16:45:51.148+0000] {taskinstance.py:2648} INFO - Exporting env vars: AIRFLOW_CTX_DAG_OWNER='rohan' AIRFLOW_CTX_DAG_ID='mls_ingest_pipeline' AIRFLOW_CTX_TASK_ID='run_ingest_pipeline' AIRFLOW_CTX_EXECUTION_DATE='2026-04-09T16:45:48+00:00' AIRFLOW_CTX_TRY_NUMBER='1' AIRFLOW_CTX_DAG_RUN_ID='manual__2026-04-09T16:45:48+00:00'
[2026-04-09T16:45:51.149+0000] {taskinstance.py:430} INFO - ::endgroup::
[2026-04-09T16:45:51.159+0000] {subprocess.py:63} INFO - Tmp dir root location: /tmp
[2026-04-09T16:45:51.160+0000] {subprocess.py:75} INFO - Running command: ['/usr/bin/bash', '-c', 'cd /opt/sportsapp && python3 ingest/ingest_pipeline.py']
[2026-04-09T16:45:51.167+0000] {subprocess.py:86} INFO - Output:
[2026-04-09T16:45:51.955+0000] {subprocess.py:93} INFO - Traceback (most recent call last):
[2026-04-09T16:45:51.955+0000] {subprocess.py:93} INFO -   File "/opt/sportsapp/ingest/ingest_pipeline.py", line 48, in <module>
[2026-04-09T16:45:51.956+0000] {subprocess.py:93} INFO -     main()
[2026-04-09T16:45:51.957+0000] {subprocess.py:93} INFO -   File "/opt/sportsapp/ingest/ingest_pipeline.py", line 45, in main
[2026-04-09T16:45:51.958+0000] {subprocess.py:93} INFO -     IngestPipeline().ingest_all()
[2026-04-09T16:45:51.958+0000] {subprocess.py:93} INFO -     ^^^^^^^^^^^^^^^^
[2026-04-09T16:45:51.958+0000] {subprocess.py:93} INFO -   File "/opt/sportsapp/ingest/ingest_pipeline.py", line 27, in __init__
[2026-04-09T16:45:51.959+0000] {subprocess.py:93} INFO -     self.ingesters.append(GameIngester(self.conn))
[2026-04-09T16:45:51.960+0000] {subprocess.py:93} INFO -                           ^^^^^^^^^^^^^^^^^^^^^^^
[2026-04-09T16:45:51.960+0000] {subprocess.py:93} INFO -   File "/opt/sportsapp/ingest/GameIngester.py", line 20, in __init__
[2026-04-09T16:45:51.961+0000] {subprocess.py:93} INFO -     self.end = datetime().now().date()
[2026-04-09T16:45:51.961+0000] {subprocess.py:93} INFO -                ^^^^^^^^^^
[2026-04-09T16:45:51.961+0000] {subprocess.py:93} INFO - TypeError: function missing required argument 'year' (pos 1)
[2026-04-09T16:45:52.012+0000] {subprocess.py:97} INFO - Command exited with return code 1
[2026-04-09T16:45:52.013+0000] {taskinstance.py:441} INFO - ::group::Post task execution logs
[2026-04-09T16:45:52.023+0000] {taskinstance.py:2905} ERROR - Task failed with exception
Traceback (most recent call last):
  File "/home/airflow/.local/lib/python3.12/site-packages/airflow/models/taskinstance.py", line 465, in _execute_task
    result = _execute_callable(context=context, **execute_callable_kwargs)
             ^^^^^^^^^^^^^^^^^^^^^^^^^^^^^^^^^^^^^^^^^^^^^^^^^^^^^^^^^^^^^
  File "/home/airflow/.local/lib/python3.12/site-packages/airflow/models/taskinstance.py", line 432, in _execute_callable
    return execute_callable(context=context, **execute_callable_kwargs)
           ^^^^^^^^^^^^^^^^^^^^^^^^^^^^^^^^^^^^^^^^^^^^^^^^^^^^^^^^^^^^
  File "/home/airflow/.local/lib/python3.12/site-packages/airflow/models/baseoperator.py", line 401, in wrapper
    return func(self, *args, **kwargs)
           ^^^^^^^^^^^^^^^^^^^^^^^^^^^
  File "/home/airflow/.local/lib/python3.12/site-packages/airflow/operators/bash.py", line 243, in execute
    raise AirflowException(
airflow.exceptions.AirflowException: Bash command failed. The command returned a non-zero exit code 1.
[2026-04-09T16:45:52.026+0000] {taskinstance.py:1206} INFO - Marking task as UP_FOR_RETRY. dag_id=mls_ingest_pipeline, task_id=run_ingest_pipeline, run_id=manual__2026-04-09T16:45:48+00:00, execution_date=20260409T164548, start_date=20260409T164551, end_date=20260409T164552
[2026-04-09T16:45:52.037+0000] {standard_task_runner.py:110} ERROR - Failed to execute job 3 for task run_ingest_pipeline (Bash command failed. The command returned a non-zero exit code 1.; 87)
[2026-04-09T16:45:52.081+0000] {local_task_job_runner.py:243} INFO - Task exited with return code 1
[2026-04-09T16:45:52.094+0000] {taskinstance.py:3503} INFO - 0 downstream tasks scheduled from follow-on schedule check
[2026-04-09T16:45:52.098+0000] {local_task_job_runner.py:222} INFO - ::endgroup::
