[2026-04-05T05:24:40.781+0000] {local_task_job_runner.py:120} INFO - ::group::Pre task execution logs
[2026-04-05T05:24:40.789+0000] {taskinstance.py:2076} INFO - Dependencies all met for dep_context=non-requeueable deps ti=<TaskInstance: mls_ingest_pipeline.run_ingest_pipeline __airflow_temporary_run_2026-04-05T05:24:38.998075+00:00__ [queued]>
[2026-04-05T05:24:40.791+0000] {taskinstance.py:2076} INFO - Dependencies all met for dep_context=requeueable deps ti=<TaskInstance: mls_ingest_pipeline.run_ingest_pipeline __airflow_temporary_run_2026-04-05T05:24:38.998075+00:00__ [queued]>
[2026-04-05T05:24:40.791+0000] {taskinstance.py:2306} INFO - Starting attempt 1 of 2
[2026-04-05T05:24:40.794+0000] {taskinstance.py:2330} INFO - Executing <Task(BashOperator): run_ingest_pipeline> on 2026-04-05 00:00:00+00:00
[2026-04-05T05:24:40.795+0000] {standard_task_runner.py:64} INFO - Started process 245 to run task
[2026-04-05T05:24:40.796+0000] {standard_task_runner.py:90} INFO - Running: ['airflow', 'tasks', 'run', 'mls_ingest_pipeline', 'run_ingest_pipeline', '__airflow_temporary_run_2026-04-05T05:24:38.998075+00:00__', '--job-id', '9', '--raw', '--subdir', 'DAGS_FOLDER/mls_ingest_dag.py', '--cfg-path', '/tmp/tmprkkoc48z']
[2026-04-05T05:24:40.797+0000] {standard_task_runner.py:91} INFO - Job 9: Subtask run_ingest_pipeline
[2026-04-05T05:24:40.811+0000] {task_command.py:426} INFO - Running <TaskInstance: mls_ingest_pipeline.run_ingest_pipeline __airflow_temporary_run_2026-04-05T05:24:38.998075+00:00__ [running]> on host a8955310113e
[2026-04-05T05:24:40.834+0000] {taskinstance.py:2648} INFO - Exporting env vars: AIRFLOW_CTX_DAG_OWNER='rohan' AIRFLOW_CTX_DAG_ID='mls_ingest_pipeline' AIRFLOW_CTX_TASK_ID='run_ingest_pipeline' AIRFLOW_CTX_EXECUTION_DATE='2026-04-05T00:00:00+00:00' AIRFLOW_CTX_TRY_NUMBER='1' AIRFLOW_CTX_DAG_RUN_ID='__airflow_temporary_run_2026-04-05T05:24:38.998075+00:00__'
[2026-04-05T05:24:40.834+0000] {taskinstance.py:430} INFO - ::endgroup::
[2026-04-05T05:24:40.838+0000] {subprocess.py:63} INFO - Tmp dir root location: /tmp
[2026-04-05T05:24:40.838+0000] {subprocess.py:75} INFO - Running command: ['/usr/bin/bash', '-c', 'cd /opt/sportsapp && python3 ingest/ingest_pipeline.py']
[2026-04-05T05:24:40.840+0000] {subprocess.py:86} INFO - Output:
[2026-04-05T05:24:44.267+0000] {subprocess.py:93} INFO - Schema creation sql: CREATE SCHEMA IF NOT EXISTS mls_analysis;
[2026-04-05T05:24:44.267+0000] {subprocess.py:93} INFO -                 team  ...                                           logo_url
[2026-04-05T05:24:44.268+0000] {subprocess.py:93} INFO - 0  Atlanta United FC  ...  https://upload.wikimedia.org/wikipedia/en/thum...
[2026-04-05T05:24:44.271+0000] {subprocess.py:93} INFO - 1          Austin FC  ...  https://upload.wikimedia.org/wikipedia/en/thum...
[2026-04-05T05:24:44.272+0000] {subprocess.py:93} INFO - 2        CF Montréal  ...  https://upload.wikimedia.org/wikipedia/en/thum...
[2026-04-05T05:24:44.272+0000] {subprocess.py:93} INFO - 3       Charlotte FC  ...  https://upload.wikimedia.org/wikipedia/en/thum...
[2026-04-05T05:24:44.272+0000] {subprocess.py:93} INFO - 4    Chicago Fire FC  ...  https://upload.wikimedia.org/wikipedia/commons...
[2026-04-05T05:24:44.272+0000] {subprocess.py:93} INFO - 
[2026-04-05T05:24:44.272+0000] {subprocess.py:93} INFO - [5 rows x 12 columns]
[2026-04-05T05:24:44.272+0000] {subprocess.py:93} INFO - Total census rows pulled: 32330
[2026-04-05T05:24:44.272+0000] {subprocess.py:93} INFO - Traceback (most recent call last):
[2026-04-05T05:24:44.272+0000] {subprocess.py:93} INFO -   File "/opt/sportsapp/ingest/ingest_pipeline.py", line 48, in <module>
[2026-04-05T05:24:44.272+0000] {subprocess.py:93} INFO -     main()
[2026-04-05T05:24:44.272+0000] {subprocess.py:93} INFO -   File "/opt/sportsapp/ingest/ingest_pipeline.py", line 45, in main
[2026-04-05T05:24:44.272+0000] {subprocess.py:93} INFO -     IngestPipeline().ingest_all()
[2026-04-05T05:24:44.272+0000] {subprocess.py:93} INFO -   File "/opt/sportsapp/ingest/ingest_pipeline.py", line 33, in ingest_all
[2026-04-05T05:24:44.273+0000] {subprocess.py:93} INFO -     ingester.ingest()
[2026-04-05T05:24:44.273+0000] {subprocess.py:93} INFO -   File "/opt/sportsapp/ingest/CensusIngester.py", line 27, in ingest
[2026-04-05T05:24:44.273+0000] {subprocess.py:93} INFO -     payload = self.transform(raw_data)
[2026-04-05T05:24:44.273+0000] {subprocess.py:93} INFO -               ^^^^^^^^^^^^^^
[2026-04-05T05:24:44.273+0000] {subprocess.py:93} INFO - AttributeError: 'CensusIngester' object has no attribute 'transform'
[2026-04-05T05:24:44.316+0000] {subprocess.py:97} INFO - Command exited with return code 1
[2026-04-05T05:24:44.316+0000] {taskinstance.py:441} INFO - ::group::Post task execution logs
[2026-04-05T05:24:44.321+0000] {taskinstance.py:2905} ERROR - Task failed with exception
Traceback (most recent call last):
  File "/home/airflow/.local/lib/python3.12/site-packages/airflow/models/taskinstance.py", line 465, in _execute_task
    result = _execute_callable(context=context, **execute_callable_kwargs)
             ^^^^^^^^^^^^^^^^^^^^^^^^^^^^^^^^^^^^^^^^^^^^^^^^^^^^^^^^^^^^^
  File "/home/airflow/.local/lib/python3.12/site-packages/airflow/models/taskinstance.py", line 432, in _execute_callable
    return execute_callable(context=context, **execute_callable_kwargs)
           ^^^^^^^^^^^^^^^^^^^^^^^^^^^^^^^^^^^^^^^^^^^^^^^^^^^^^^^^^^^^
  File "/home/airflow/.local/lib/python3.12/site-packages/airflow/models/baseoperator.py", line 401, in wrapper
    return func(self, *args, **kwargs)
           ^^^^^^^^^^^^^^^^^^^^^^^^^^^
  File "/home/airflow/.local/lib/python3.12/site-packages/airflow/operators/bash.py", line 243, in execute
    raise AirflowException(
airflow.exceptions.AirflowException: Bash command failed. The command returned a non-zero exit code 1.
[2026-04-05T05:24:44.322+0000] {taskinstance.py:1206} INFO - Marking task as FAILED. dag_id=mls_ingest_pipeline, task_id=run_ingest_pipeline, run_id=__airflow_temporary_run_2026-04-05T05:24:38.998075+00:00__, execution_date=20260405T000000, start_date=20260405T052440, end_date=20260405T052444
[2026-04-05T05:24:44.326+0000] {standard_task_runner.py:110} ERROR - Failed to execute job 9 for task run_ingest_pipeline ((psycopg2.errors.ForeignKeyViolation) insert or update on table "task_fail" violates foreign key constraint "task_fail_ti_fkey"
DETAIL:  Key (dag_id, task_id, run_id, map_index)=(mls_ingest_pipeline, run_ingest_pipeline, __airflow_temporary_run_2026-04-05T05:24:38.998075+00:00__, -1) is not present in table "task_instance".

[SQL: INSERT INTO task_fail (task_id, dag_id, run_id, map_index, start_date, end_date, duration) VALUES (%(task_id)s, %(dag_id)s, %(run_id)s, %(map_index)s, %(start_date)s, %(end_date)s, %(duration)s) RETURNING task_fail.id]
[parameters: {'task_id': 'run_ingest_pipeline', 'dag_id': 'mls_ingest_pipeline', 'run_id': '__airflow_temporary_run_2026-04-05T05:24:38.998075+00:00__', 'map_index': -1, 'start_date': datetime.datetime(2026, 4, 5, 5, 24, 40, 790033, tzinfo=Timezone('UTC')), 'end_date': datetime.datetime(2026, 4, 5, 5, 24, 44, 322230, tzinfo=Timezone('UTC')), 'duration': 3}]
(Background on this error at: https://sqlalche.me/e/14/gkpj); 245)
[2026-04-05T05:24:44.338+0000] {local_task_job_runner.py:243} INFO - Task exited with return code 1
[2026-04-05T05:24:44.341+0000] {local_task_job_runner.py:222} INFO - ::endgroup::
