[2026-04-09T01:03:52.083+0000] {processor.py:161} INFO - Started process (PID=49) to work on /opt/airflow/dags/mls_ingest_dag.py
[2026-04-09T01:03:52.085+0000] {processor.py:830} INFO - Processing file /opt/airflow/dags/mls_ingest_dag.py for tasks to queue
[2026-04-09T01:03:52.087+0000] {logging_mixin.py:188} INFO - [2026-04-09T01:03:52.087+0000] {dagbag.py:545} INFO - Filling up the DagBag from /opt/airflow/dags/mls_ingest_dag.py
[2026-04-09T01:03:52.129+0000] {processor.py:840} INFO - DAG(s) 'mls_ingest_pipeline' retrieved from /opt/airflow/dags/mls_ingest_dag.py
[2026-04-09T01:03:52.411+0000] {logging_mixin.py:188} INFO - [2026-04-09T01:03:52.410+0000] {override.py:1858} INFO - Created Permission View: can delete on DAG:mls_ingest_pipeline
[2026-04-09T01:03:52.422+0000] {logging_mixin.py:188} INFO - [2026-04-09T01:03:52.421+0000] {override.py:1858} INFO - Created Permission View: can read on DAG:mls_ingest_pipeline
[2026-04-09T01:03:52.433+0000] {logging_mixin.py:188} INFO - [2026-04-09T01:03:52.433+0000] {override.py:1858} INFO - Created Permission View: can edit on DAG:mls_ingest_pipeline
[2026-04-09T01:03:52.434+0000] {logging_mixin.py:188} INFO - [2026-04-09T01:03:52.434+0000] {dag.py:3089} INFO - Sync 1 DAGs
[2026-04-09T01:03:52.449+0000] {logging_mixin.py:188} INFO - [2026-04-09T01:03:52.449+0000] {dag.py:3111} INFO - Creating ORM DAG for mls_ingest_pipeline
[2026-04-09T01:03:52.460+0000] {logging_mixin.py:188} INFO - [2026-04-09T01:03:52.460+0000] {dag.py:3947} INFO - Setting next_dagrun for mls_ingest_pipeline to 2026-03-29 00:00:00+00:00, run_after=2026-04-05 00:00:00+00:00
[2026-04-09T01:03:52.494+0000] {processor.py:183} INFO - Processing /opt/airflow/dags/mls_ingest_dag.py took 0.418 seconds
[2026-04-09T01:04:22.661+0000] {processor.py:161} INFO - Started process (PID=50) to work on /opt/airflow/dags/mls_ingest_dag.py
[2026-04-09T01:04:22.662+0000] {processor.py:830} INFO - Processing file /opt/airflow/dags/mls_ingest_dag.py for tasks to queue
[2026-04-09T01:04:22.664+0000] {logging_mixin.py:188} INFO - [2026-04-09T01:04:22.664+0000] {dagbag.py:545} INFO - Filling up the DagBag from /opt/airflow/dags/mls_ingest_dag.py
[2026-04-09T01:04:22.685+0000] {processor.py:840} INFO - DAG(s) 'mls_ingest_pipeline' retrieved from /opt/airflow/dags/mls_ingest_dag.py
[2026-04-09T01:04:22.727+0000] {logging_mixin.py:188} INFO - [2026-04-09T01:04:22.727+0000] {dag.py:3089} INFO - Sync 1 DAGs
[2026-04-09T01:04:22.750+0000] {logging_mixin.py:188} INFO - [2026-04-09T01:04:22.749+0000] {dag.py:3947} INFO - Setting next_dagrun for mls_ingest_pipeline to 2026-03-29 00:00:00+00:00, run_after=2026-04-05 00:00:00+00:00
[2026-04-09T01:04:22.770+0000] {processor.py:183} INFO - Processing /opt/airflow/dags/mls_ingest_dag.py took 0.116 seconds
[2026-04-09T01:04:52.924+0000] {processor.py:161} INFO - Started process (PID=51) to work on /opt/airflow/dags/mls_ingest_dag.py
[2026-04-09T01:04:52.925+0000] {processor.py:830} INFO - Processing file /opt/airflow/dags/mls_ingest_dag.py for tasks to queue
[2026-04-09T01:04:52.927+0000] {logging_mixin.py:188} INFO - [2026-04-09T01:04:52.926+0000] {dagbag.py:545} INFO - Filling up the DagBag from /opt/airflow/dags/mls_ingest_dag.py
[2026-04-09T01:04:52.948+0000] {processor.py:840} INFO - DAG(s) 'mls_ingest_pipeline' retrieved from /opt/airflow/dags/mls_ingest_dag.py
[2026-04-09T01:04:52.985+0000] {logging_mixin.py:188} INFO - [2026-04-09T01:04:52.985+0000] {dag.py:3089} INFO - Sync 1 DAGs
[2026-04-09T01:04:53.010+0000] {logging_mixin.py:188} INFO - [2026-04-09T01:04:53.010+0000] {dag.py:3947} INFO - Setting next_dagrun for mls_ingest_pipeline to 2026-03-29 00:00:00+00:00, run_after=2026-04-05 00:00:00+00:00
[2026-04-09T01:04:53.033+0000] {processor.py:183} INFO - Processing /opt/airflow/dags/mls_ingest_dag.py took 0.115 seconds
[2026-04-09T01:05:23.179+0000] {processor.py:161} INFO - Started process (PID=52) to work on /opt/airflow/dags/mls_ingest_dag.py
[2026-04-09T01:05:23.180+0000] {processor.py:830} INFO - Processing file /opt/airflow/dags/mls_ingest_dag.py for tasks to queue
[2026-04-09T01:05:23.181+0000] {logging_mixin.py:188} INFO - [2026-04-09T01:05:23.181+0000] {dagbag.py:545} INFO - Filling up the DagBag from /opt/airflow/dags/mls_ingest_dag.py
[2026-04-09T01:05:23.200+0000] {processor.py:840} INFO - DAG(s) 'mls_ingest_pipeline' retrieved from /opt/airflow/dags/mls_ingest_dag.py
[2026-04-09T01:05:23.232+0000] {logging_mixin.py:188} INFO - [2026-04-09T01:05:23.232+0000] {dag.py:3089} INFO - Sync 1 DAGs
[2026-04-09T01:05:23.252+0000] {logging_mixin.py:188} INFO - [2026-04-09T01:05:23.252+0000] {dag.py:3947} INFO - Setting next_dagrun for mls_ingest_pipeline to 2026-03-29 00:00:00+00:00, run_after=2026-04-05 00:00:00+00:00
[2026-04-09T01:05:23.271+0000] {processor.py:183} INFO - Processing /opt/airflow/dags/mls_ingest_dag.py took 0.099 seconds
[2026-04-09T01:05:53.319+0000] {processor.py:161} INFO - Started process (PID=53) to work on /opt/airflow/dags/mls_ingest_dag.py
[2026-04-09T01:05:53.320+0000] {processor.py:830} INFO - Processing file /opt/airflow/dags/mls_ingest_dag.py for tasks to queue
[2026-04-09T01:05:53.322+0000] {logging_mixin.py:188} INFO - [2026-04-09T01:05:53.322+0000] {dagbag.py:545} INFO - Filling up the DagBag from /opt/airflow/dags/mls_ingest_dag.py
[2026-04-09T01:05:53.341+0000] {processor.py:840} INFO - DAG(s) 'mls_ingest_pipeline' retrieved from /opt/airflow/dags/mls_ingest_dag.py
[2026-04-09T01:05:53.371+0000] {logging_mixin.py:188} INFO - [2026-04-09T01:05:53.370+0000] {dag.py:3089} INFO - Sync 1 DAGs
[2026-04-09T01:05:53.391+0000] {logging_mixin.py:188} INFO - [2026-04-09T01:05:53.391+0000] {dag.py:3947} INFO - Setting next_dagrun for mls_ingest_pipeline to 2026-03-29 00:00:00+00:00, run_after=2026-04-05 00:00:00+00:00
[2026-04-09T01:05:53.411+0000] {processor.py:183} INFO - Processing /opt/airflow/dags/mls_ingest_dag.py took 0.097 seconds
[2026-04-09T01:06:23.565+0000] {processor.py:161} INFO - Started process (PID=54) to work on /opt/airflow/dags/mls_ingest_dag.py
[2026-04-09T01:06:23.566+0000] {processor.py:830} INFO - Processing file /opt/airflow/dags/mls_ingest_dag.py for tasks to queue
[2026-04-09T01:06:23.568+0000] {logging_mixin.py:188} INFO - [2026-04-09T01:06:23.568+0000] {dagbag.py:545} INFO - Filling up the DagBag from /opt/airflow/dags/mls_ingest_dag.py
[2026-04-09T01:06:23.586+0000] {processor.py:840} INFO - DAG(s) 'mls_ingest_pipeline' retrieved from /opt/airflow/dags/mls_ingest_dag.py
[2026-04-09T01:06:23.615+0000] {logging_mixin.py:188} INFO - [2026-04-09T01:06:23.615+0000] {dag.py:3089} INFO - Sync 1 DAGs
[2026-04-09T01:06:23.637+0000] {logging_mixin.py:188} INFO - [2026-04-09T01:06:23.636+0000] {dag.py:3947} INFO - Setting next_dagrun for mls_ingest_pipeline to 2026-03-29 00:00:00+00:00, run_after=2026-04-05 00:00:00+00:00
[2026-04-09T01:06:23.661+0000] {processor.py:183} INFO - Processing /opt/airflow/dags/mls_ingest_dag.py took 0.101 seconds
[2026-04-09T01:06:53.760+0000] {processor.py:161} INFO - Started process (PID=55) to work on /opt/airflow/dags/mls_ingest_dag.py
[2026-04-09T01:06:53.761+0000] {processor.py:830} INFO - Processing file /opt/airflow/dags/mls_ingest_dag.py for tasks to queue
[2026-04-09T01:06:53.762+0000] {logging_mixin.py:188} INFO - [2026-04-09T01:06:53.762+0000] {dagbag.py:545} INFO - Filling up the DagBag from /opt/airflow/dags/mls_ingest_dag.py
[2026-04-09T01:06:53.791+0000] {processor.py:840} INFO - DAG(s) 'mls_ingest_pipeline' retrieved from /opt/airflow/dags/mls_ingest_dag.py
[2026-04-09T01:06:53.820+0000] {logging_mixin.py:188} INFO - [2026-04-09T01:06:53.820+0000] {dag.py:3089} INFO - Sync 1 DAGs
[2026-04-09T01:06:53.843+0000] {logging_mixin.py:188} INFO - [2026-04-09T01:06:53.843+0000] {dag.py:3947} INFO - Setting next_dagrun for mls_ingest_pipeline to 2026-03-29 00:00:00+00:00, run_after=2026-04-05 00:00:00+00:00
[2026-04-09T01:06:53.863+0000] {processor.py:183} INFO - Processing /opt/airflow/dags/mls_ingest_dag.py took 0.110 seconds
[2026-04-09T01:07:23.938+0000] {processor.py:161} INFO - Started process (PID=56) to work on /opt/airflow/dags/mls_ingest_dag.py
[2026-04-09T01:07:23.938+0000] {processor.py:830} INFO - Processing file /opt/airflow/dags/mls_ingest_dag.py for tasks to queue
[2026-04-09T01:07:23.940+0000] {logging_mixin.py:188} INFO - [2026-04-09T01:07:23.940+0000] {dagbag.py:545} INFO - Filling up the DagBag from /opt/airflow/dags/mls_ingest_dag.py
[2026-04-09T01:07:23.958+0000] {processor.py:840} INFO - DAG(s) 'mls_ingest_pipeline' retrieved from /opt/airflow/dags/mls_ingest_dag.py
[2026-04-09T01:07:23.985+0000] {logging_mixin.py:188} INFO - [2026-04-09T01:07:23.985+0000] {dag.py:3089} INFO - Sync 1 DAGs
[2026-04-09T01:07:24.003+0000] {logging_mixin.py:188} INFO - [2026-04-09T01:07:24.003+0000] {dag.py:3947} INFO - Setting next_dagrun for mls_ingest_pipeline to 2026-03-29 00:00:00+00:00, run_after=2026-04-05 00:00:00+00:00
[2026-04-09T01:07:24.021+0000] {processor.py:183} INFO - Processing /opt/airflow/dags/mls_ingest_dag.py took 0.088 seconds
[2026-04-09T01:19:59.051+0000] {processor.py:161} INFO - Started process (PID=49) to work on /opt/airflow/dags/mls_ingest_dag.py
[2026-04-09T01:19:59.053+0000] {processor.py:830} INFO - Processing file /opt/airflow/dags/mls_ingest_dag.py for tasks to queue
[2026-04-09T01:19:59.055+0000] {logging_mixin.py:188} INFO - [2026-04-09T01:19:59.054+0000] {dagbag.py:545} INFO - Filling up the DagBag from /opt/airflow/dags/mls_ingest_dag.py
[2026-04-09T01:19:59.085+0000] {processor.py:840} INFO - DAG(s) 'mls_ingest_pipeline' retrieved from /opt/airflow/dags/mls_ingest_dag.py
[2026-04-09T01:19:59.116+0000] {logging_mixin.py:188} INFO - [2026-04-09T01:19:59.116+0000] {dag.py:3089} INFO - Sync 1 DAGs
[2026-04-09T01:19:59.140+0000] {logging_mixin.py:188} INFO - [2026-04-09T01:19:59.140+0000] {dag.py:3947} INFO - Setting next_dagrun for mls_ingest_pipeline to 2026-03-29 00:00:00+00:00, run_after=2026-04-05 00:00:00+00:00
[2026-04-09T01:19:59.166+0000] {processor.py:183} INFO - Processing /opt/airflow/dags/mls_ingest_dag.py took 0.123 seconds
[2026-04-09T01:20:29.230+0000] {processor.py:161} INFO - Started process (PID=50) to work on /opt/airflow/dags/mls_ingest_dag.py
[2026-04-09T01:20:29.231+0000] {processor.py:830} INFO - Processing file /opt/airflow/dags/mls_ingest_dag.py for tasks to queue
[2026-04-09T01:20:29.233+0000] {logging_mixin.py:188} INFO - [2026-04-09T01:20:29.233+0000] {dagbag.py:545} INFO - Filling up the DagBag from /opt/airflow/dags/mls_ingest_dag.py
[2026-04-09T01:20:29.251+0000] {processor.py:840} INFO - DAG(s) 'mls_ingest_pipeline' retrieved from /opt/airflow/dags/mls_ingest_dag.py
[2026-04-09T01:20:29.472+0000] {logging_mixin.py:188} INFO - [2026-04-09T01:20:29.471+0000] {dag.py:3089} INFO - Sync 1 DAGs
[2026-04-09T01:20:29.489+0000] {logging_mixin.py:188} INFO - [2026-04-09T01:20:29.489+0000] {dag.py:3947} INFO - Setting next_dagrun for mls_ingest_pipeline to 2026-03-29 00:00:00+00:00, run_after=2026-04-05 00:00:00+00:00
[2026-04-09T01:20:29.506+0000] {processor.py:183} INFO - Processing /opt/airflow/dags/mls_ingest_dag.py took 0.282 seconds
[2026-04-09T01:20:59.650+0000] {processor.py:161} INFO - Started process (PID=51) to work on /opt/airflow/dags/mls_ingest_dag.py
[2026-04-09T01:20:59.651+0000] {processor.py:830} INFO - Processing file /opt/airflow/dags/mls_ingest_dag.py for tasks to queue
[2026-04-09T01:20:59.652+0000] {logging_mixin.py:188} INFO - [2026-04-09T01:20:59.652+0000] {dagbag.py:545} INFO - Filling up the DagBag from /opt/airflow/dags/mls_ingest_dag.py
[2026-04-09T01:20:59.677+0000] {processor.py:840} INFO - DAG(s) 'mls_ingest_pipeline' retrieved from /opt/airflow/dags/mls_ingest_dag.py
[2026-04-09T01:20:59.713+0000] {logging_mixin.py:188} INFO - [2026-04-09T01:20:59.713+0000] {dag.py:3089} INFO - Sync 1 DAGs
[2026-04-09T01:20:59.733+0000] {logging_mixin.py:188} INFO - [2026-04-09T01:20:59.733+0000] {dag.py:3947} INFO - Setting next_dagrun for mls_ingest_pipeline to 2026-03-29 00:00:00+00:00, run_after=2026-04-05 00:00:00+00:00
[2026-04-09T01:20:59.753+0000] {processor.py:183} INFO - Processing /opt/airflow/dags/mls_ingest_dag.py took 0.109 seconds
[2026-04-09T01:21:29.794+0000] {processor.py:161} INFO - Started process (PID=52) to work on /opt/airflow/dags/mls_ingest_dag.py
[2026-04-09T01:21:29.795+0000] {processor.py:830} INFO - Processing file /opt/airflow/dags/mls_ingest_dag.py for tasks to queue
[2026-04-09T01:21:29.797+0000] {logging_mixin.py:188} INFO - [2026-04-09T01:21:29.797+0000] {dagbag.py:545} INFO - Filling up the DagBag from /opt/airflow/dags/mls_ingest_dag.py
[2026-04-09T01:21:29.815+0000] {processor.py:840} INFO - DAG(s) 'mls_ingest_pipeline' retrieved from /opt/airflow/dags/mls_ingest_dag.py
[2026-04-09T01:21:29.848+0000] {logging_mixin.py:188} INFO - [2026-04-09T01:21:29.847+0000] {dag.py:3089} INFO - Sync 1 DAGs
[2026-04-09T01:21:29.870+0000] {logging_mixin.py:188} INFO - [2026-04-09T01:21:29.869+0000] {dag.py:3947} INFO - Setting next_dagrun for mls_ingest_pipeline to 2026-03-29 00:00:00+00:00, run_after=2026-04-05 00:00:00+00:00
[2026-04-09T01:21:29.887+0000] {processor.py:183} INFO - Processing /opt/airflow/dags/mls_ingest_dag.py took 0.100 seconds
[2026-04-09T01:22:00.025+0000] {processor.py:161} INFO - Started process (PID=53) to work on /opt/airflow/dags/mls_ingest_dag.py
[2026-04-09T01:22:00.026+0000] {processor.py:830} INFO - Processing file /opt/airflow/dags/mls_ingest_dag.py for tasks to queue
[2026-04-09T01:22:00.028+0000] {logging_mixin.py:188} INFO - [2026-04-09T01:22:00.028+0000] {dagbag.py:545} INFO - Filling up the DagBag from /opt/airflow/dags/mls_ingest_dag.py
[2026-04-09T01:22:00.046+0000] {processor.py:840} INFO - DAG(s) 'mls_ingest_pipeline' retrieved from /opt/airflow/dags/mls_ingest_dag.py
[2026-04-09T01:22:00.075+0000] {logging_mixin.py:188} INFO - [2026-04-09T01:22:00.075+0000] {dag.py:3089} INFO - Sync 1 DAGs
[2026-04-09T01:22:00.095+0000] {logging_mixin.py:188} INFO - [2026-04-09T01:22:00.095+0000] {dag.py:3947} INFO - Setting next_dagrun for mls_ingest_pipeline to 2026-03-29 00:00:00+00:00, run_after=2026-04-05 00:00:00+00:00
[2026-04-09T01:22:00.114+0000] {processor.py:183} INFO - Processing /opt/airflow/dags/mls_ingest_dag.py took 0.093 seconds
[2026-04-09T01:22:30.169+0000] {processor.py:161} INFO - Started process (PID=54) to work on /opt/airflow/dags/mls_ingest_dag.py
[2026-04-09T01:22:30.170+0000] {processor.py:830} INFO - Processing file /opt/airflow/dags/mls_ingest_dag.py for tasks to queue
[2026-04-09T01:22:30.172+0000] {logging_mixin.py:188} INFO - [2026-04-09T01:22:30.171+0000] {dagbag.py:545} INFO - Filling up the DagBag from /opt/airflow/dags/mls_ingest_dag.py
[2026-04-09T01:22:30.190+0000] {processor.py:840} INFO - DAG(s) 'mls_ingest_pipeline' retrieved from /opt/airflow/dags/mls_ingest_dag.py
[2026-04-09T01:22:30.221+0000] {logging_mixin.py:188} INFO - [2026-04-09T01:22:30.220+0000] {dag.py:3089} INFO - Sync 1 DAGs
[2026-04-09T01:22:30.240+0000] {logging_mixin.py:188} INFO - [2026-04-09T01:22:30.240+0000] {dag.py:3947} INFO - Setting next_dagrun for mls_ingest_pipeline to 2026-03-29 00:00:00+00:00, run_after=2026-04-05 00:00:00+00:00
[2026-04-09T01:22:30.258+0000] {processor.py:183} INFO - Processing /opt/airflow/dags/mls_ingest_dag.py took 0.094 seconds
[2026-04-09T01:23:00.382+0000] {processor.py:161} INFO - Started process (PID=55) to work on /opt/airflow/dags/mls_ingest_dag.py
[2026-04-09T01:23:00.383+0000] {processor.py:830} INFO - Processing file /opt/airflow/dags/mls_ingest_dag.py for tasks to queue
[2026-04-09T01:23:00.385+0000] {logging_mixin.py:188} INFO - [2026-04-09T01:23:00.385+0000] {dagbag.py:545} INFO - Filling up the DagBag from /opt/airflow/dags/mls_ingest_dag.py
[2026-04-09T01:23:00.405+0000] {processor.py:840} INFO - DAG(s) 'mls_ingest_pipeline' retrieved from /opt/airflow/dags/mls_ingest_dag.py
[2026-04-09T01:23:00.439+0000] {logging_mixin.py:188} INFO - [2026-04-09T01:23:00.438+0000] {dag.py:3089} INFO - Sync 1 DAGs
[2026-04-09T01:23:00.464+0000] {logging_mixin.py:188} INFO - [2026-04-09T01:23:00.464+0000] {dag.py:3947} INFO - Setting next_dagrun for mls_ingest_pipeline to 2026-03-29 00:00:00+00:00, run_after=2026-04-05 00:00:00+00:00
[2026-04-09T01:23:00.490+0000] {processor.py:183} INFO - Processing /opt/airflow/dags/mls_ingest_dag.py took 0.115 seconds
[2026-04-09T01:23:30.529+0000] {processor.py:161} INFO - Started process (PID=56) to work on /opt/airflow/dags/mls_ingest_dag.py
[2026-04-09T01:23:30.530+0000] {processor.py:830} INFO - Processing file /opt/airflow/dags/mls_ingest_dag.py for tasks to queue
[2026-04-09T01:23:30.532+0000] {logging_mixin.py:188} INFO - [2026-04-09T01:23:30.531+0000] {dagbag.py:545} INFO - Filling up the DagBag from /opt/airflow/dags/mls_ingest_dag.py
[2026-04-09T01:23:30.549+0000] {processor.py:840} INFO - DAG(s) 'mls_ingest_pipeline' retrieved from /opt/airflow/dags/mls_ingest_dag.py
[2026-04-09T01:23:30.582+0000] {logging_mixin.py:188} INFO - [2026-04-09T01:23:30.582+0000] {dag.py:3089} INFO - Sync 1 DAGs
[2026-04-09T01:23:30.607+0000] {logging_mixin.py:188} INFO - [2026-04-09T01:23:30.606+0000] {dag.py:3947} INFO - Setting next_dagrun for mls_ingest_pipeline to 2026-03-29 00:00:00+00:00, run_after=2026-04-05 00:00:00+00:00
[2026-04-09T01:23:30.626+0000] {processor.py:183} INFO - Processing /opt/airflow/dags/mls_ingest_dag.py took 0.104 seconds
[2026-04-09T01:24:00.775+0000] {processor.py:161} INFO - Started process (PID=57) to work on /opt/airflow/dags/mls_ingest_dag.py
[2026-04-09T01:24:00.776+0000] {processor.py:830} INFO - Processing file /opt/airflow/dags/mls_ingest_dag.py for tasks to queue
[2026-04-09T01:24:00.778+0000] {logging_mixin.py:188} INFO - [2026-04-09T01:24:00.778+0000] {dagbag.py:545} INFO - Filling up the DagBag from /opt/airflow/dags/mls_ingest_dag.py
[2026-04-09T01:24:00.794+0000] {processor.py:840} INFO - DAG(s) 'mls_ingest_pipeline' retrieved from /opt/airflow/dags/mls_ingest_dag.py
[2026-04-09T01:24:00.825+0000] {logging_mixin.py:188} INFO - [2026-04-09T01:24:00.825+0000] {dag.py:3089} INFO - Sync 1 DAGs
[2026-04-09T01:24:00.846+0000] {logging_mixin.py:188} INFO - [2026-04-09T01:24:00.846+0000] {dag.py:3947} INFO - Setting next_dagrun for mls_ingest_pipeline to 2026-03-29 00:00:00+00:00, run_after=2026-04-05 00:00:00+00:00
[2026-04-09T01:24:00.866+0000] {processor.py:183} INFO - Processing /opt/airflow/dags/mls_ingest_dag.py took 0.096 seconds
[2026-04-09T01:24:30.919+0000] {processor.py:161} INFO - Started process (PID=58) to work on /opt/airflow/dags/mls_ingest_dag.py
[2026-04-09T01:24:30.920+0000] {processor.py:830} INFO - Processing file /opt/airflow/dags/mls_ingest_dag.py for tasks to queue
[2026-04-09T01:24:30.922+0000] {logging_mixin.py:188} INFO - [2026-04-09T01:24:30.922+0000] {dagbag.py:545} INFO - Filling up the DagBag from /opt/airflow/dags/mls_ingest_dag.py
[2026-04-09T01:24:30.938+0000] {processor.py:840} INFO - DAG(s) 'mls_ingest_pipeline' retrieved from /opt/airflow/dags/mls_ingest_dag.py
[2026-04-09T01:24:30.970+0000] {logging_mixin.py:188} INFO - [2026-04-09T01:24:30.970+0000] {dag.py:3089} INFO - Sync 1 DAGs
[2026-04-09T01:24:30.991+0000] {logging_mixin.py:188} INFO - [2026-04-09T01:24:30.991+0000] {dag.py:3947} INFO - Setting next_dagrun for mls_ingest_pipeline to 2026-03-29 00:00:00+00:00, run_after=2026-04-05 00:00:00+00:00
[2026-04-09T01:24:31.009+0000] {processor.py:183} INFO - Processing /opt/airflow/dags/mls_ingest_dag.py took 0.095 seconds
[2026-04-09T01:25:01.168+0000] {processor.py:161} INFO - Started process (PID=59) to work on /opt/airflow/dags/mls_ingest_dag.py
[2026-04-09T01:25:01.168+0000] {processor.py:830} INFO - Processing file /opt/airflow/dags/mls_ingest_dag.py for tasks to queue
[2026-04-09T01:25:01.171+0000] {logging_mixin.py:188} INFO - [2026-04-09T01:25:01.170+0000] {dagbag.py:545} INFO - Filling up the DagBag from /opt/airflow/dags/mls_ingest_dag.py
[2026-04-09T01:25:01.187+0000] {processor.py:840} INFO - DAG(s) 'mls_ingest_pipeline' retrieved from /opt/airflow/dags/mls_ingest_dag.py
[2026-04-09T01:25:01.216+0000] {logging_mixin.py:188} INFO - [2026-04-09T01:25:01.216+0000] {dag.py:3089} INFO - Sync 1 DAGs
[2026-04-09T01:25:01.236+0000] {logging_mixin.py:188} INFO - [2026-04-09T01:25:01.236+0000] {dag.py:3947} INFO - Setting next_dagrun for mls_ingest_pipeline to 2026-03-29 00:00:00+00:00, run_after=2026-04-05 00:00:00+00:00
[2026-04-09T01:25:01.256+0000] {processor.py:183} INFO - Processing /opt/airflow/dags/mls_ingest_dag.py took 0.094 seconds
[2026-04-09T01:25:31.316+0000] {processor.py:161} INFO - Started process (PID=60) to work on /opt/airflow/dags/mls_ingest_dag.py
[2026-04-09T01:25:31.317+0000] {processor.py:830} INFO - Processing file /opt/airflow/dags/mls_ingest_dag.py for tasks to queue
[2026-04-09T01:25:31.319+0000] {logging_mixin.py:188} INFO - [2026-04-09T01:25:31.319+0000] {dagbag.py:545} INFO - Filling up the DagBag from /opt/airflow/dags/mls_ingest_dag.py
[2026-04-09T01:25:31.335+0000] {processor.py:840} INFO - DAG(s) 'mls_ingest_pipeline' retrieved from /opt/airflow/dags/mls_ingest_dag.py
[2026-04-09T01:25:31.366+0000] {logging_mixin.py:188} INFO - [2026-04-09T01:25:31.366+0000] {dag.py:3089} INFO - Sync 1 DAGs
[2026-04-09T01:25:31.387+0000] {logging_mixin.py:188} INFO - [2026-04-09T01:25:31.387+0000] {dag.py:3947} INFO - Setting next_dagrun for mls_ingest_pipeline to 2026-03-29 00:00:00+00:00, run_after=2026-04-05 00:00:00+00:00
[2026-04-09T01:25:31.409+0000] {processor.py:183} INFO - Processing /opt/airflow/dags/mls_ingest_dag.py took 0.098 seconds
[2026-04-09T01:26:01.529+0000] {processor.py:161} INFO - Started process (PID=61) to work on /opt/airflow/dags/mls_ingest_dag.py
[2026-04-09T01:26:01.530+0000] {processor.py:830} INFO - Processing file /opt/airflow/dags/mls_ingest_dag.py for tasks to queue
[2026-04-09T01:26:01.532+0000] {logging_mixin.py:188} INFO - [2026-04-09T01:26:01.531+0000] {dagbag.py:545} INFO - Filling up the DagBag from /opt/airflow/dags/mls_ingest_dag.py
[2026-04-09T01:26:01.549+0000] {processor.py:840} INFO - DAG(s) 'mls_ingest_pipeline' retrieved from /opt/airflow/dags/mls_ingest_dag.py
[2026-04-09T01:26:01.577+0000] {logging_mixin.py:188} INFO - [2026-04-09T01:26:01.577+0000] {dag.py:3089} INFO - Sync 1 DAGs
[2026-04-09T01:26:01.598+0000] {logging_mixin.py:188} INFO - [2026-04-09T01:26:01.598+0000] {dag.py:3947} INFO - Setting next_dagrun for mls_ingest_pipeline to 2026-03-29 00:00:00+00:00, run_after=2026-04-05 00:00:00+00:00
[2026-04-09T01:26:01.617+0000] {processor.py:183} INFO - Processing /opt/airflow/dags/mls_ingest_dag.py took 0.094 seconds
[2026-04-09T01:26:31.699+0000] {processor.py:161} INFO - Started process (PID=62) to work on /opt/airflow/dags/mls_ingest_dag.py
[2026-04-09T01:26:31.700+0000] {processor.py:830} INFO - Processing file /opt/airflow/dags/mls_ingest_dag.py for tasks to queue
[2026-04-09T01:26:31.702+0000] {logging_mixin.py:188} INFO - [2026-04-09T01:26:31.702+0000] {dagbag.py:545} INFO - Filling up the DagBag from /opt/airflow/dags/mls_ingest_dag.py
[2026-04-09T01:26:31.718+0000] {processor.py:840} INFO - DAG(s) 'mls_ingest_pipeline' retrieved from /opt/airflow/dags/mls_ingest_dag.py
[2026-04-09T01:26:31.746+0000] {logging_mixin.py:188} INFO - [2026-04-09T01:26:31.746+0000] {dag.py:3089} INFO - Sync 1 DAGs
[2026-04-09T01:26:31.765+0000] {logging_mixin.py:188} INFO - [2026-04-09T01:26:31.764+0000] {dag.py:3947} INFO - Setting next_dagrun for mls_ingest_pipeline to 2026-03-29 00:00:00+00:00, run_after=2026-04-05 00:00:00+00:00
[2026-04-09T01:26:31.782+0000] {processor.py:183} INFO - Processing /opt/airflow/dags/mls_ingest_dag.py took 0.089 seconds
[2026-04-09T01:27:01.884+0000] {processor.py:161} INFO - Started process (PID=63) to work on /opt/airflow/dags/mls_ingest_dag.py
[2026-04-09T01:27:01.884+0000] {processor.py:830} INFO - Processing file /opt/airflow/dags/mls_ingest_dag.py for tasks to queue
[2026-04-09T01:27:01.886+0000] {logging_mixin.py:188} INFO - [2026-04-09T01:27:01.886+0000] {dagbag.py:545} INFO - Filling up the DagBag from /opt/airflow/dags/mls_ingest_dag.py
[2026-04-09T01:27:01.902+0000] {processor.py:840} INFO - DAG(s) 'mls_ingest_pipeline' retrieved from /opt/airflow/dags/mls_ingest_dag.py
[2026-04-09T01:27:01.926+0000] {logging_mixin.py:188} INFO - [2026-04-09T01:27:01.926+0000] {dag.py:3089} INFO - Sync 1 DAGs
[2026-04-09T01:27:01.944+0000] {logging_mixin.py:188} INFO - [2026-04-09T01:27:01.943+0000] {dag.py:3947} INFO - Setting next_dagrun for mls_ingest_pipeline to 2026-03-29 00:00:00+00:00, run_after=2026-04-05 00:00:00+00:00
[2026-04-09T01:27:01.960+0000] {processor.py:183} INFO - Processing /opt/airflow/dags/mls_ingest_dag.py took 0.081 seconds
[2026-04-09T01:27:32.037+0000] {processor.py:161} INFO - Started process (PID=64) to work on /opt/airflow/dags/mls_ingest_dag.py
[2026-04-09T01:27:32.038+0000] {processor.py:830} INFO - Processing file /opt/airflow/dags/mls_ingest_dag.py for tasks to queue
[2026-04-09T01:27:32.039+0000] {logging_mixin.py:188} INFO - [2026-04-09T01:27:32.039+0000] {dagbag.py:545} INFO - Filling up the DagBag from /opt/airflow/dags/mls_ingest_dag.py
[2026-04-09T01:27:32.054+0000] {processor.py:840} INFO - DAG(s) 'mls_ingest_pipeline' retrieved from /opt/airflow/dags/mls_ingest_dag.py
[2026-04-09T01:27:32.079+0000] {logging_mixin.py:188} INFO - [2026-04-09T01:27:32.079+0000] {dag.py:3089} INFO - Sync 1 DAGs
[2026-04-09T01:27:32.096+0000] {logging_mixin.py:188} INFO - [2026-04-09T01:27:32.096+0000] {dag.py:3947} INFO - Setting next_dagrun for mls_ingest_pipeline to 2026-03-29 00:00:00+00:00, run_after=2026-04-05 00:00:00+00:00
[2026-04-09T01:27:32.112+0000] {processor.py:183} INFO - Processing /opt/airflow/dags/mls_ingest_dag.py took 0.081 seconds
[2026-04-09T01:28:02.220+0000] {processor.py:161} INFO - Started process (PID=65) to work on /opt/airflow/dags/mls_ingest_dag.py
[2026-04-09T01:28:02.220+0000] {processor.py:830} INFO - Processing file /opt/airflow/dags/mls_ingest_dag.py for tasks to queue
[2026-04-09T01:28:02.222+0000] {logging_mixin.py:188} INFO - [2026-04-09T01:28:02.222+0000] {dagbag.py:545} INFO - Filling up the DagBag from /opt/airflow/dags/mls_ingest_dag.py
[2026-04-09T01:28:02.239+0000] {processor.py:840} INFO - DAG(s) 'mls_ingest_pipeline' retrieved from /opt/airflow/dags/mls_ingest_dag.py
[2026-04-09T01:28:02.265+0000] {logging_mixin.py:188} INFO - [2026-04-09T01:28:02.265+0000] {dag.py:3089} INFO - Sync 1 DAGs
[2026-04-09T01:28:02.283+0000] {logging_mixin.py:188} INFO - [2026-04-09T01:28:02.283+0000] {dag.py:3947} INFO - Setting next_dagrun for mls_ingest_pipeline to 2026-03-29 00:00:00+00:00, run_after=2026-04-05 00:00:00+00:00
[2026-04-09T01:28:02.307+0000] {processor.py:183} INFO - Processing /opt/airflow/dags/mls_ingest_dag.py took 0.093 seconds
[2026-04-09T01:28:32.390+0000] {processor.py:161} INFO - Started process (PID=66) to work on /opt/airflow/dags/mls_ingest_dag.py
[2026-04-09T01:28:32.391+0000] {processor.py:830} INFO - Processing file /opt/airflow/dags/mls_ingest_dag.py for tasks to queue
[2026-04-09T01:28:32.393+0000] {logging_mixin.py:188} INFO - [2026-04-09T01:28:32.393+0000] {dagbag.py:545} INFO - Filling up the DagBag from /opt/airflow/dags/mls_ingest_dag.py
[2026-04-09T01:28:32.408+0000] {processor.py:840} INFO - DAG(s) 'mls_ingest_pipeline' retrieved from /opt/airflow/dags/mls_ingest_dag.py
[2026-04-09T01:28:32.436+0000] {logging_mixin.py:188} INFO - [2026-04-09T01:28:32.436+0000] {dag.py:3089} INFO - Sync 1 DAGs
[2026-04-09T01:28:32.453+0000] {logging_mixin.py:188} INFO - [2026-04-09T01:28:32.452+0000] {dag.py:3947} INFO - Setting next_dagrun for mls_ingest_pipeline to 2026-03-29 00:00:00+00:00, run_after=2026-04-05 00:00:00+00:00
[2026-04-09T01:28:32.470+0000] {processor.py:183} INFO - Processing /opt/airflow/dags/mls_ingest_dag.py took 0.086 seconds
[2026-04-09T01:29:02.578+0000] {processor.py:161} INFO - Started process (PID=67) to work on /opt/airflow/dags/mls_ingest_dag.py
[2026-04-09T01:29:02.579+0000] {processor.py:830} INFO - Processing file /opt/airflow/dags/mls_ingest_dag.py for tasks to queue
[2026-04-09T01:29:02.581+0000] {logging_mixin.py:188} INFO - [2026-04-09T01:29:02.580+0000] {dagbag.py:545} INFO - Filling up the DagBag from /opt/airflow/dags/mls_ingest_dag.py
[2026-04-09T01:29:02.597+0000] {processor.py:840} INFO - DAG(s) 'mls_ingest_pipeline' retrieved from /opt/airflow/dags/mls_ingest_dag.py
[2026-04-09T01:29:02.623+0000] {logging_mixin.py:188} INFO - [2026-04-09T01:29:02.623+0000] {dag.py:3089} INFO - Sync 1 DAGs
[2026-04-09T01:29:02.641+0000] {logging_mixin.py:188} INFO - [2026-04-09T01:29:02.640+0000] {dag.py:3947} INFO - Setting next_dagrun for mls_ingest_pipeline to 2026-03-29 00:00:00+00:00, run_after=2026-04-05 00:00:00+00:00
[2026-04-09T01:29:02.657+0000] {processor.py:183} INFO - Processing /opt/airflow/dags/mls_ingest_dag.py took 0.084 seconds
[2026-04-09T01:29:32.729+0000] {processor.py:161} INFO - Started process (PID=68) to work on /opt/airflow/dags/mls_ingest_dag.py
[2026-04-09T01:29:32.730+0000] {processor.py:830} INFO - Processing file /opt/airflow/dags/mls_ingest_dag.py for tasks to queue
[2026-04-09T01:29:32.732+0000] {logging_mixin.py:188} INFO - [2026-04-09T01:29:32.731+0000] {dagbag.py:545} INFO - Filling up the DagBag from /opt/airflow/dags/mls_ingest_dag.py
[2026-04-09T01:29:32.746+0000] {processor.py:840} INFO - DAG(s) 'mls_ingest_pipeline' retrieved from /opt/airflow/dags/mls_ingest_dag.py
[2026-04-09T01:29:32.771+0000] {logging_mixin.py:188} INFO - [2026-04-09T01:29:32.771+0000] {dag.py:3089} INFO - Sync 1 DAGs
[2026-04-09T01:29:32.787+0000] {logging_mixin.py:188} INFO - [2026-04-09T01:29:32.787+0000] {dag.py:3947} INFO - Setting next_dagrun for mls_ingest_pipeline to 2026-03-29 00:00:00+00:00, run_after=2026-04-05 00:00:00+00:00
[2026-04-09T01:29:32.802+0000] {processor.py:183} INFO - Processing /opt/airflow/dags/mls_ingest_dag.py took 0.078 seconds
[2026-04-09T01:30:02.928+0000] {processor.py:161} INFO - Started process (PID=69) to work on /opt/airflow/dags/mls_ingest_dag.py
[2026-04-09T01:30:02.928+0000] {processor.py:830} INFO - Processing file /opt/airflow/dags/mls_ingest_dag.py for tasks to queue
[2026-04-09T01:30:02.930+0000] {logging_mixin.py:188} INFO - [2026-04-09T01:30:02.930+0000] {dagbag.py:545} INFO - Filling up the DagBag from /opt/airflow/dags/mls_ingest_dag.py
[2026-04-09T01:30:02.945+0000] {processor.py:840} INFO - DAG(s) 'mls_ingest_pipeline' retrieved from /opt/airflow/dags/mls_ingest_dag.py
[2026-04-09T01:30:02.968+0000] {logging_mixin.py:188} INFO - [2026-04-09T01:30:02.968+0000] {dag.py:3089} INFO - Sync 1 DAGs
[2026-04-09T01:30:02.984+0000] {logging_mixin.py:188} INFO - [2026-04-09T01:30:02.984+0000] {dag.py:3947} INFO - Setting next_dagrun for mls_ingest_pipeline to 2026-03-29 00:00:00+00:00, run_after=2026-04-05 00:00:00+00:00
[2026-04-09T01:30:03.000+0000] {processor.py:183} INFO - Processing /opt/airflow/dags/mls_ingest_dag.py took 0.077 seconds
[2026-04-09T01:30:33.067+0000] {processor.py:161} INFO - Started process (PID=70) to work on /opt/airflow/dags/mls_ingest_dag.py
[2026-04-09T01:30:33.067+0000] {processor.py:830} INFO - Processing file /opt/airflow/dags/mls_ingest_dag.py for tasks to queue
[2026-04-09T01:30:33.069+0000] {logging_mixin.py:188} INFO - [2026-04-09T01:30:33.069+0000] {dagbag.py:545} INFO - Filling up the DagBag from /opt/airflow/dags/mls_ingest_dag.py
[2026-04-09T01:30:33.087+0000] {processor.py:840} INFO - DAG(s) 'mls_ingest_pipeline' retrieved from /opt/airflow/dags/mls_ingest_dag.py
[2026-04-09T01:30:33.116+0000] {logging_mixin.py:188} INFO - [2026-04-09T01:30:33.116+0000] {dag.py:3089} INFO - Sync 1 DAGs
[2026-04-09T01:30:33.132+0000] {logging_mixin.py:188} INFO - [2026-04-09T01:30:33.132+0000] {dag.py:3947} INFO - Setting next_dagrun for mls_ingest_pipeline to 2026-03-29 00:00:00+00:00, run_after=2026-04-05 00:00:00+00:00
[2026-04-09T01:30:33.147+0000] {processor.py:183} INFO - Processing /opt/airflow/dags/mls_ingest_dag.py took 0.086 seconds
[2026-04-09T01:31:03.247+0000] {processor.py:161} INFO - Started process (PID=71) to work on /opt/airflow/dags/mls_ingest_dag.py
[2026-04-09T01:31:03.248+0000] {processor.py:830} INFO - Processing file /opt/airflow/dags/mls_ingest_dag.py for tasks to queue
[2026-04-09T01:31:03.249+0000] {logging_mixin.py:188} INFO - [2026-04-09T01:31:03.249+0000] {dagbag.py:545} INFO - Filling up the DagBag from /opt/airflow/dags/mls_ingest_dag.py
[2026-04-09T01:31:03.265+0000] {processor.py:840} INFO - DAG(s) 'mls_ingest_pipeline' retrieved from /opt/airflow/dags/mls_ingest_dag.py
[2026-04-09T01:31:03.290+0000] {logging_mixin.py:188} INFO - [2026-04-09T01:31:03.289+0000] {dag.py:3089} INFO - Sync 1 DAGs
[2026-04-09T01:31:03.309+0000] {logging_mixin.py:188} INFO - [2026-04-09T01:31:03.308+0000] {dag.py:3947} INFO - Setting next_dagrun for mls_ingest_pipeline to 2026-03-29 00:00:00+00:00, run_after=2026-04-05 00:00:00+00:00
[2026-04-09T01:31:03.327+0000] {processor.py:183} INFO - Processing /opt/airflow/dags/mls_ingest_dag.py took 0.084 seconds
[2026-04-09T01:31:33.387+0000] {processor.py:161} INFO - Started process (PID=72) to work on /opt/airflow/dags/mls_ingest_dag.py
[2026-04-09T01:31:33.388+0000] {processor.py:830} INFO - Processing file /opt/airflow/dags/mls_ingest_dag.py for tasks to queue
[2026-04-09T01:31:33.390+0000] {logging_mixin.py:188} INFO - [2026-04-09T01:31:33.389+0000] {dagbag.py:545} INFO - Filling up the DagBag from /opt/airflow/dags/mls_ingest_dag.py
[2026-04-09T01:31:33.405+0000] {processor.py:840} INFO - DAG(s) 'mls_ingest_pipeline' retrieved from /opt/airflow/dags/mls_ingest_dag.py
[2026-04-09T01:31:33.431+0000] {logging_mixin.py:188} INFO - [2026-04-09T01:31:33.431+0000] {dag.py:3089} INFO - Sync 1 DAGs
[2026-04-09T01:31:33.448+0000] {logging_mixin.py:188} INFO - [2026-04-09T01:31:33.448+0000] {dag.py:3947} INFO - Setting next_dagrun for mls_ingest_pipeline to 2026-03-29 00:00:00+00:00, run_after=2026-04-05 00:00:00+00:00
[2026-04-09T01:31:33.464+0000] {processor.py:183} INFO - Processing /opt/airflow/dags/mls_ingest_dag.py took 0.083 seconds
[2026-04-09T01:32:03.582+0000] {processor.py:161} INFO - Started process (PID=73) to work on /opt/airflow/dags/mls_ingest_dag.py
[2026-04-09T01:32:03.582+0000] {processor.py:830} INFO - Processing file /opt/airflow/dags/mls_ingest_dag.py for tasks to queue
[2026-04-09T01:32:03.584+0000] {logging_mixin.py:188} INFO - [2026-04-09T01:32:03.584+0000] {dagbag.py:545} INFO - Filling up the DagBag from /opt/airflow/dags/mls_ingest_dag.py
[2026-04-09T01:32:03.600+0000] {processor.py:840} INFO - DAG(s) 'mls_ingest_pipeline' retrieved from /opt/airflow/dags/mls_ingest_dag.py
[2026-04-09T01:32:03.625+0000] {logging_mixin.py:188} INFO - [2026-04-09T01:32:03.625+0000] {dag.py:3089} INFO - Sync 1 DAGs
[2026-04-09T01:32:03.641+0000] {logging_mixin.py:188} INFO - [2026-04-09T01:32:03.641+0000] {dag.py:3947} INFO - Setting next_dagrun for mls_ingest_pipeline to 2026-03-29 00:00:00+00:00, run_after=2026-04-05 00:00:00+00:00
[2026-04-09T01:32:03.656+0000] {processor.py:183} INFO - Processing /opt/airflow/dags/mls_ingest_dag.py took 0.080 seconds
[2026-04-09T01:34:40.033+0000] {processor.py:161} INFO - Started process (PID=49) to work on /opt/airflow/dags/mls_ingest_dag.py
[2026-04-09T01:34:40.034+0000] {processor.py:830} INFO - Processing file /opt/airflow/dags/mls_ingest_dag.py for tasks to queue
[2026-04-09T01:34:40.036+0000] {logging_mixin.py:188} INFO - [2026-04-09T01:34:40.036+0000] {dagbag.py:545} INFO - Filling up the DagBag from /opt/airflow/dags/mls_ingest_dag.py
[2026-04-09T01:34:40.061+0000] {processor.py:840} INFO - DAG(s) 'mls_ingest_pipeline' retrieved from /opt/airflow/dags/mls_ingest_dag.py
[2026-04-09T01:34:40.088+0000] {logging_mixin.py:188} INFO - [2026-04-09T01:34:40.087+0000] {dag.py:3089} INFO - Sync 1 DAGs
[2026-04-09T01:34:40.106+0000] {logging_mixin.py:188} INFO - [2026-04-09T01:34:40.106+0000] {dag.py:3947} INFO - Setting next_dagrun for mls_ingest_pipeline to 2026-03-29 00:00:00+00:00, run_after=2026-04-05 00:00:00+00:00
[2026-04-09T01:34:40.123+0000] {processor.py:183} INFO - Processing /opt/airflow/dags/mls_ingest_dag.py took 0.096 seconds
[2026-04-09T01:35:10.192+0000] {processor.py:161} INFO - Started process (PID=50) to work on /opt/airflow/dags/mls_ingest_dag.py
[2026-04-09T01:35:10.192+0000] {processor.py:830} INFO - Processing file /opt/airflow/dags/mls_ingest_dag.py for tasks to queue
[2026-04-09T01:35:10.194+0000] {logging_mixin.py:188} INFO - [2026-04-09T01:35:10.194+0000] {dagbag.py:545} INFO - Filling up the DagBag from /opt/airflow/dags/mls_ingest_dag.py
[2026-04-09T01:35:10.209+0000] {processor.py:840} INFO - DAG(s) 'mls_ingest_pipeline' retrieved from /opt/airflow/dags/mls_ingest_dag.py
[2026-04-09T01:35:10.391+0000] {logging_mixin.py:188} INFO - [2026-04-09T01:35:10.391+0000] {dag.py:3089} INFO - Sync 1 DAGs
[2026-04-09T01:35:10.405+0000] {logging_mixin.py:188} INFO - [2026-04-09T01:35:10.405+0000] {dag.py:3947} INFO - Setting next_dagrun for mls_ingest_pipeline to 2026-03-29 00:00:00+00:00, run_after=2026-04-05 00:00:00+00:00
[2026-04-09T01:35:10.420+0000] {processor.py:183} INFO - Processing /opt/airflow/dags/mls_ingest_dag.py took 0.233 seconds
[2026-04-09T01:35:40.548+0000] {processor.py:161} INFO - Started process (PID=51) to work on /opt/airflow/dags/mls_ingest_dag.py
[2026-04-09T01:35:40.549+0000] {processor.py:830} INFO - Processing file /opt/airflow/dags/mls_ingest_dag.py for tasks to queue
[2026-04-09T01:35:40.551+0000] {logging_mixin.py:188} INFO - [2026-04-09T01:35:40.550+0000] {dagbag.py:545} INFO - Filling up the DagBag from /opt/airflow/dags/mls_ingest_dag.py
[2026-04-09T01:35:40.568+0000] {processor.py:840} INFO - DAG(s) 'mls_ingest_pipeline' retrieved from /opt/airflow/dags/mls_ingest_dag.py
[2026-04-09T01:35:40.595+0000] {logging_mixin.py:188} INFO - [2026-04-09T01:35:40.595+0000] {dag.py:3089} INFO - Sync 1 DAGs
[2026-04-09T01:35:40.613+0000] {logging_mixin.py:188} INFO - [2026-04-09T01:35:40.613+0000] {dag.py:3947} INFO - Setting next_dagrun for mls_ingest_pipeline to 2026-03-29 00:00:00+00:00, run_after=2026-04-05 00:00:00+00:00
[2026-04-09T01:35:40.630+0000] {processor.py:183} INFO - Processing /opt/airflow/dags/mls_ingest_dag.py took 0.088 seconds
[2026-04-09T01:36:10.669+0000] {processor.py:161} INFO - Started process (PID=52) to work on /opt/airflow/dags/mls_ingest_dag.py
[2026-04-09T01:36:10.670+0000] {processor.py:830} INFO - Processing file /opt/airflow/dags/mls_ingest_dag.py for tasks to queue
[2026-04-09T01:36:10.671+0000] {logging_mixin.py:188} INFO - [2026-04-09T01:36:10.671+0000] {dagbag.py:545} INFO - Filling up the DagBag from /opt/airflow/dags/mls_ingest_dag.py
[2026-04-09T01:36:10.687+0000] {processor.py:840} INFO - DAG(s) 'mls_ingest_pipeline' retrieved from /opt/airflow/dags/mls_ingest_dag.py
[2026-04-09T01:36:10.715+0000] {logging_mixin.py:188} INFO - [2026-04-09T01:36:10.714+0000] {dag.py:3089} INFO - Sync 1 DAGs
[2026-04-09T01:36:10.734+0000] {logging_mixin.py:188} INFO - [2026-04-09T01:36:10.734+0000] {dag.py:3947} INFO - Setting next_dagrun for mls_ingest_pipeline to 2026-03-29 00:00:00+00:00, run_after=2026-04-05 00:00:00+00:00
[2026-04-09T01:36:10.751+0000] {processor.py:183} INFO - Processing /opt/airflow/dags/mls_ingest_dag.py took 0.088 seconds
[2026-04-09T01:36:40.862+0000] {processor.py:161} INFO - Started process (PID=53) to work on /opt/airflow/dags/mls_ingest_dag.py
[2026-04-09T01:36:40.862+0000] {processor.py:830} INFO - Processing file /opt/airflow/dags/mls_ingest_dag.py for tasks to queue
[2026-04-09T01:36:40.864+0000] {logging_mixin.py:188} INFO - [2026-04-09T01:36:40.864+0000] {dagbag.py:545} INFO - Filling up the DagBag from /opt/airflow/dags/mls_ingest_dag.py
[2026-04-09T01:36:40.880+0000] {processor.py:840} INFO - DAG(s) 'mls_ingest_pipeline' retrieved from /opt/airflow/dags/mls_ingest_dag.py
[2026-04-09T01:36:40.905+0000] {logging_mixin.py:188} INFO - [2026-04-09T01:36:40.905+0000] {dag.py:3089} INFO - Sync 1 DAGs
[2026-04-09T01:36:40.923+0000] {logging_mixin.py:188} INFO - [2026-04-09T01:36:40.923+0000] {dag.py:3947} INFO - Setting next_dagrun for mls_ingest_pipeline to 2026-03-29 00:00:00+00:00, run_after=2026-04-05 00:00:00+00:00
[2026-04-09T01:36:40.939+0000] {processor.py:183} INFO - Processing /opt/airflow/dags/mls_ingest_dag.py took 0.082 seconds
[2026-04-09T01:37:10.992+0000] {processor.py:161} INFO - Started process (PID=54) to work on /opt/airflow/dags/mls_ingest_dag.py
[2026-04-09T01:37:10.993+0000] {processor.py:830} INFO - Processing file /opt/airflow/dags/mls_ingest_dag.py for tasks to queue
[2026-04-09T01:37:10.994+0000] {logging_mixin.py:188} INFO - [2026-04-09T01:37:10.994+0000] {dagbag.py:545} INFO - Filling up the DagBag from /opt/airflow/dags/mls_ingest_dag.py
[2026-04-09T01:37:11.011+0000] {processor.py:840} INFO - DAG(s) 'mls_ingest_pipeline' retrieved from /opt/airflow/dags/mls_ingest_dag.py
[2026-04-09T01:37:11.039+0000] {logging_mixin.py:188} INFO - [2026-04-09T01:37:11.038+0000] {dag.py:3089} INFO - Sync 1 DAGs
[2026-04-09T01:37:11.058+0000] {logging_mixin.py:188} INFO - [2026-04-09T01:37:11.057+0000] {dag.py:3947} INFO - Setting next_dagrun for mls_ingest_pipeline to 2026-03-29 00:00:00+00:00, run_after=2026-04-05 00:00:00+00:00
[2026-04-09T01:37:11.074+0000] {processor.py:183} INFO - Processing /opt/airflow/dags/mls_ingest_dag.py took 0.088 seconds
[2026-04-09T01:38:20.144+0000] {processor.py:161} INFO - Started process (PID=49) to work on /opt/airflow/dags/mls_ingest_dag.py
[2026-04-09T01:38:20.145+0000] {processor.py:830} INFO - Processing file /opt/airflow/dags/mls_ingest_dag.py for tasks to queue
[2026-04-09T01:38:20.147+0000] {logging_mixin.py:188} INFO - [2026-04-09T01:38:20.147+0000] {dagbag.py:545} INFO - Filling up the DagBag from /opt/airflow/dags/mls_ingest_dag.py
[2026-04-09T01:38:20.171+0000] {processor.py:840} INFO - DAG(s) 'mls_ingest_pipeline' retrieved from /opt/airflow/dags/mls_ingest_dag.py
[2026-04-09T01:38:20.436+0000] {logging_mixin.py:188} INFO - [2026-04-09T01:38:20.436+0000] {override.py:1858} INFO - Created Permission View: can delete on DAG:mls_ingest_pipeline
[2026-04-09T01:38:20.446+0000] {logging_mixin.py:188} INFO - [2026-04-09T01:38:20.446+0000] {override.py:1858} INFO - Created Permission View: can edit on DAG:mls_ingest_pipeline
[2026-04-09T01:38:20.456+0000] {logging_mixin.py:188} INFO - [2026-04-09T01:38:20.456+0000] {override.py:1858} INFO - Created Permission View: can read on DAG:mls_ingest_pipeline
[2026-04-09T01:38:20.456+0000] {logging_mixin.py:188} INFO - [2026-04-09T01:38:20.456+0000] {dag.py:3089} INFO - Sync 1 DAGs
[2026-04-09T01:38:20.466+0000] {logging_mixin.py:188} INFO - [2026-04-09T01:38:20.466+0000] {dag.py:3111} INFO - Creating ORM DAG for mls_ingest_pipeline
[2026-04-09T01:38:20.474+0000] {logging_mixin.py:188} INFO - [2026-04-09T01:38:20.474+0000] {dag.py:3947} INFO - Setting next_dagrun for mls_ingest_pipeline to 2026-03-29 00:00:00+00:00, run_after=2026-04-05 00:00:00+00:00
[2026-04-09T01:38:20.490+0000] {processor.py:183} INFO - Processing /opt/airflow/dags/mls_ingest_dag.py took 0.351 seconds
[2026-04-09T01:38:50.621+0000] {processor.py:161} INFO - Started process (PID=50) to work on /opt/airflow/dags/mls_ingest_dag.py
[2026-04-09T01:38:50.622+0000] {processor.py:830} INFO - Processing file /opt/airflow/dags/mls_ingest_dag.py for tasks to queue
[2026-04-09T01:38:50.624+0000] {logging_mixin.py:188} INFO - [2026-04-09T01:38:50.624+0000] {dagbag.py:545} INFO - Filling up the DagBag from /opt/airflow/dags/mls_ingest_dag.py
[2026-04-09T01:38:50.643+0000] {processor.py:840} INFO - DAG(s) 'mls_ingest_pipeline' retrieved from /opt/airflow/dags/mls_ingest_dag.py
[2026-04-09T01:38:50.675+0000] {logging_mixin.py:188} INFO - [2026-04-09T01:38:50.675+0000] {dag.py:3089} INFO - Sync 1 DAGs
[2026-04-09T01:38:50.694+0000] {logging_mixin.py:188} INFO - [2026-04-09T01:38:50.694+0000] {dag.py:3947} INFO - Setting next_dagrun for mls_ingest_pipeline to 2026-03-29 00:00:00+00:00, run_after=2026-04-05 00:00:00+00:00
[2026-04-09T01:38:50.709+0000] {processor.py:183} INFO - Processing /opt/airflow/dags/mls_ingest_dag.py took 0.095 seconds
[2026-04-09T01:39:20.748+0000] {processor.py:161} INFO - Started process (PID=51) to work on /opt/airflow/dags/mls_ingest_dag.py
[2026-04-09T01:39:20.749+0000] {processor.py:830} INFO - Processing file /opt/airflow/dags/mls_ingest_dag.py for tasks to queue
[2026-04-09T01:39:20.750+0000] {logging_mixin.py:188} INFO - [2026-04-09T01:39:20.750+0000] {dagbag.py:545} INFO - Filling up the DagBag from /opt/airflow/dags/mls_ingest_dag.py
[2026-04-09T01:39:20.764+0000] {processor.py:840} INFO - DAG(s) 'mls_ingest_pipeline' retrieved from /opt/airflow/dags/mls_ingest_dag.py
[2026-04-09T01:39:20.792+0000] {logging_mixin.py:188} INFO - [2026-04-09T01:39:20.792+0000] {dag.py:3089} INFO - Sync 1 DAGs
[2026-04-09T01:39:20.810+0000] {logging_mixin.py:188} INFO - [2026-04-09T01:39:20.810+0000] {dag.py:3947} INFO - Setting next_dagrun for mls_ingest_pipeline to 2026-03-29 00:00:00+00:00, run_after=2026-04-05 00:00:00+00:00
[2026-04-09T01:39:20.825+0000] {processor.py:183} INFO - Processing /opt/airflow/dags/mls_ingest_dag.py took 0.082 seconds
[2026-04-09T01:39:50.952+0000] {processor.py:161} INFO - Started process (PID=52) to work on /opt/airflow/dags/mls_ingest_dag.py
[2026-04-09T01:39:50.952+0000] {processor.py:830} INFO - Processing file /opt/airflow/dags/mls_ingest_dag.py for tasks to queue
[2026-04-09T01:39:50.954+0000] {logging_mixin.py:188} INFO - [2026-04-09T01:39:50.954+0000] {dagbag.py:545} INFO - Filling up the DagBag from /opt/airflow/dags/mls_ingest_dag.py
[2026-04-09T01:39:50.970+0000] {processor.py:840} INFO - DAG(s) 'mls_ingest_pipeline' retrieved from /opt/airflow/dags/mls_ingest_dag.py
[2026-04-09T01:39:50.994+0000] {logging_mixin.py:188} INFO - [2026-04-09T01:39:50.994+0000] {dag.py:3089} INFO - Sync 1 DAGs
[2026-04-09T01:39:51.012+0000] {logging_mixin.py:188} INFO - [2026-04-09T01:39:51.012+0000] {dag.py:3947} INFO - Setting next_dagrun for mls_ingest_pipeline to 2026-03-29 00:00:00+00:00, run_after=2026-04-05 00:00:00+00:00
[2026-04-09T01:39:51.027+0000] {processor.py:183} INFO - Processing /opt/airflow/dags/mls_ingest_dag.py took 0.080 seconds
[2026-04-09T01:40:21.088+0000] {processor.py:161} INFO - Started process (PID=53) to work on /opt/airflow/dags/mls_ingest_dag.py
[2026-04-09T01:40:21.089+0000] {processor.py:830} INFO - Processing file /opt/airflow/dags/mls_ingest_dag.py for tasks to queue
[2026-04-09T01:40:21.090+0000] {logging_mixin.py:188} INFO - [2026-04-09T01:40:21.090+0000] {dagbag.py:545} INFO - Filling up the DagBag from /opt/airflow/dags/mls_ingest_dag.py
[2026-04-09T01:40:21.108+0000] {processor.py:840} INFO - DAG(s) 'mls_ingest_pipeline' retrieved from /opt/airflow/dags/mls_ingest_dag.py
[2026-04-09T01:40:21.138+0000] {logging_mixin.py:188} INFO - [2026-04-09T01:40:21.138+0000] {dag.py:3089} INFO - Sync 1 DAGs
[2026-04-09T01:40:21.156+0000] {logging_mixin.py:188} INFO - [2026-04-09T01:40:21.156+0000] {dag.py:3947} INFO - Setting next_dagrun for mls_ingest_pipeline to 2026-03-29 00:00:00+00:00, run_after=2026-04-05 00:00:00+00:00
[2026-04-09T01:40:21.173+0000] {processor.py:183} INFO - Processing /opt/airflow/dags/mls_ingest_dag.py took 0.091 seconds
[2026-04-09T01:40:51.265+0000] {processor.py:161} INFO - Started process (PID=54) to work on /opt/airflow/dags/mls_ingest_dag.py
[2026-04-09T01:40:51.266+0000] {processor.py:830} INFO - Processing file /opt/airflow/dags/mls_ingest_dag.py for tasks to queue
[2026-04-09T01:40:51.267+0000] {logging_mixin.py:188} INFO - [2026-04-09T01:40:51.267+0000] {dagbag.py:545} INFO - Filling up the DagBag from /opt/airflow/dags/mls_ingest_dag.py
[2026-04-09T01:40:51.280+0000] {processor.py:840} INFO - DAG(s) 'mls_ingest_pipeline' retrieved from /opt/airflow/dags/mls_ingest_dag.py
[2026-04-09T01:40:51.303+0000] {logging_mixin.py:188} INFO - [2026-04-09T01:40:51.303+0000] {dag.py:3089} INFO - Sync 1 DAGs
[2026-04-09T01:40:51.320+0000] {logging_mixin.py:188} INFO - [2026-04-09T01:40:51.320+0000] {dag.py:3947} INFO - Setting next_dagrun for mls_ingest_pipeline to 2026-03-29 00:00:00+00:00, run_after=2026-04-05 00:00:00+00:00
[2026-04-09T01:40:51.335+0000] {processor.py:183} INFO - Processing /opt/airflow/dags/mls_ingest_dag.py took 0.074 seconds
[2026-04-09T01:41:21.399+0000] {processor.py:161} INFO - Started process (PID=55) to work on /opt/airflow/dags/mls_ingest_dag.py
[2026-04-09T01:41:21.400+0000] {processor.py:830} INFO - Processing file /opt/airflow/dags/mls_ingest_dag.py for tasks to queue
[2026-04-09T01:41:21.401+0000] {logging_mixin.py:188} INFO - [2026-04-09T01:41:21.401+0000] {dagbag.py:545} INFO - Filling up the DagBag from /opt/airflow/dags/mls_ingest_dag.py
[2026-04-09T01:41:21.416+0000] {processor.py:840} INFO - DAG(s) 'mls_ingest_pipeline' retrieved from /opt/airflow/dags/mls_ingest_dag.py
[2026-04-09T01:41:21.441+0000] {logging_mixin.py:188} INFO - [2026-04-09T01:41:21.441+0000] {dag.py:3089} INFO - Sync 1 DAGs
[2026-04-09T01:41:21.458+0000] {logging_mixin.py:188} INFO - [2026-04-09T01:41:21.458+0000] {dag.py:3947} INFO - Setting next_dagrun for mls_ingest_pipeline to 2026-03-29 00:00:00+00:00, run_after=2026-04-05 00:00:00+00:00
[2026-04-09T01:41:21.474+0000] {processor.py:183} INFO - Processing /opt/airflow/dags/mls_ingest_dag.py took 0.079 seconds
[2026-04-09T01:41:51.565+0000] {processor.py:161} INFO - Started process (PID=56) to work on /opt/airflow/dags/mls_ingest_dag.py
[2026-04-09T01:41:51.565+0000] {processor.py:830} INFO - Processing file /opt/airflow/dags/mls_ingest_dag.py for tasks to queue
[2026-04-09T01:41:51.567+0000] {logging_mixin.py:188} INFO - [2026-04-09T01:41:51.567+0000] {dagbag.py:545} INFO - Filling up the DagBag from /opt/airflow/dags/mls_ingest_dag.py
[2026-04-09T01:41:51.582+0000] {processor.py:840} INFO - DAG(s) 'mls_ingest_pipeline' retrieved from /opt/airflow/dags/mls_ingest_dag.py
[2026-04-09T01:41:51.608+0000] {logging_mixin.py:188} INFO - [2026-04-09T01:41:51.608+0000] {dag.py:3089} INFO - Sync 1 DAGs
[2026-04-09T01:41:51.626+0000] {logging_mixin.py:188} INFO - [2026-04-09T01:41:51.626+0000] {dag.py:3947} INFO - Setting next_dagrun for mls_ingest_pipeline to 2026-03-29 00:00:00+00:00, run_after=2026-04-05 00:00:00+00:00
[2026-04-09T01:41:51.642+0000] {processor.py:183} INFO - Processing /opt/airflow/dags/mls_ingest_dag.py took 0.082 seconds
[2026-04-09T01:42:21.708+0000] {processor.py:161} INFO - Started process (PID=57) to work on /opt/airflow/dags/mls_ingest_dag.py
[2026-04-09T01:42:21.709+0000] {processor.py:830} INFO - Processing file /opt/airflow/dags/mls_ingest_dag.py for tasks to queue
[2026-04-09T01:42:21.710+0000] {logging_mixin.py:188} INFO - [2026-04-09T01:42:21.710+0000] {dagbag.py:545} INFO - Filling up the DagBag from /opt/airflow/dags/mls_ingest_dag.py
[2026-04-09T01:42:21.725+0000] {processor.py:840} INFO - DAG(s) 'mls_ingest_pipeline' retrieved from /opt/airflow/dags/mls_ingest_dag.py
[2026-04-09T01:42:21.750+0000] {logging_mixin.py:188} INFO - [2026-04-09T01:42:21.750+0000] {dag.py:3089} INFO - Sync 1 DAGs
[2026-04-09T01:42:21.768+0000] {logging_mixin.py:188} INFO - [2026-04-09T01:42:21.768+0000] {dag.py:3947} INFO - Setting next_dagrun for mls_ingest_pipeline to 2026-03-29 00:00:00+00:00, run_after=2026-04-05 00:00:00+00:00
[2026-04-09T01:42:21.786+0000] {processor.py:183} INFO - Processing /opt/airflow/dags/mls_ingest_dag.py took 0.083 seconds
[2026-04-09T01:42:51.874+0000] {processor.py:161} INFO - Started process (PID=58) to work on /opt/airflow/dags/mls_ingest_dag.py
[2026-04-09T01:42:51.875+0000] {processor.py:830} INFO - Processing file /opt/airflow/dags/mls_ingest_dag.py for tasks to queue
[2026-04-09T01:42:51.876+0000] {logging_mixin.py:188} INFO - [2026-04-09T01:42:51.876+0000] {dagbag.py:545} INFO - Filling up the DagBag from /opt/airflow/dags/mls_ingest_dag.py
[2026-04-09T01:42:51.890+0000] {processor.py:840} INFO - DAG(s) 'mls_ingest_pipeline' retrieved from /opt/airflow/dags/mls_ingest_dag.py
[2026-04-09T01:42:51.914+0000] {logging_mixin.py:188} INFO - [2026-04-09T01:42:51.914+0000] {dag.py:3089} INFO - Sync 1 DAGs
[2026-04-09T01:42:51.935+0000] {logging_mixin.py:188} INFO - [2026-04-09T01:42:51.934+0000] {dag.py:3947} INFO - Setting next_dagrun for mls_ingest_pipeline to 2026-03-29 00:00:00+00:00, run_after=2026-04-05 00:00:00+00:00
[2026-04-09T01:42:51.951+0000] {processor.py:183} INFO - Processing /opt/airflow/dags/mls_ingest_dag.py took 0.081 seconds
[2026-04-09T01:43:22.030+0000] {processor.py:161} INFO - Started process (PID=59) to work on /opt/airflow/dags/mls_ingest_dag.py
[2026-04-09T01:43:22.031+0000] {processor.py:830} INFO - Processing file /opt/airflow/dags/mls_ingest_dag.py for tasks to queue
[2026-04-09T01:43:22.033+0000] {logging_mixin.py:188} INFO - [2026-04-09T01:43:22.033+0000] {dagbag.py:545} INFO - Filling up the DagBag from /opt/airflow/dags/mls_ingest_dag.py
[2026-04-09T01:43:22.048+0000] {processor.py:840} INFO - DAG(s) 'mls_ingest_pipeline' retrieved from /opt/airflow/dags/mls_ingest_dag.py
[2026-04-09T01:43:22.075+0000] {logging_mixin.py:188} INFO - [2026-04-09T01:43:22.075+0000] {dag.py:3089} INFO - Sync 1 DAGs
[2026-04-09T01:43:22.093+0000] {logging_mixin.py:188} INFO - [2026-04-09T01:43:22.093+0000] {dag.py:3947} INFO - Setting next_dagrun for mls_ingest_pipeline to 2026-03-29 00:00:00+00:00, run_after=2026-04-05 00:00:00+00:00
[2026-04-09T01:43:22.110+0000] {processor.py:183} INFO - Processing /opt/airflow/dags/mls_ingest_dag.py took 0.085 seconds
[2026-04-09T01:44:09.756+0000] {processor.py:161} INFO - Started process (PID=48) to work on /opt/airflow/dags/mls_ingest_dag.py
[2026-04-09T01:44:09.757+0000] {processor.py:830} INFO - Processing file /opt/airflow/dags/mls_ingest_dag.py for tasks to queue
[2026-04-09T01:44:09.758+0000] {logging_mixin.py:188} INFO - [2026-04-09T01:44:09.758+0000] {dagbag.py:545} INFO - Filling up the DagBag from /opt/airflow/dags/mls_ingest_dag.py
[2026-04-09T01:44:09.781+0000] {processor.py:840} INFO - DAG(s) 'mls_ingest_pipeline' retrieved from /opt/airflow/dags/mls_ingest_dag.py
[2026-04-09T01:44:09.803+0000] {logging_mixin.py:188} INFO - [2026-04-09T01:44:09.803+0000] {dag.py:3089} INFO - Sync 1 DAGs
[2026-04-09T01:44:09.819+0000] {logging_mixin.py:188} INFO - [2026-04-09T01:44:09.819+0000] {dag.py:3947} INFO - Setting next_dagrun for mls_ingest_pipeline to 2026-03-29 00:00:00+00:00, run_after=2026-04-05 00:00:00+00:00
[2026-04-09T01:44:09.836+0000] {processor.py:183} INFO - Processing /opt/airflow/dags/mls_ingest_dag.py took 0.084 seconds
[2026-04-09T01:44:39.908+0000] {processor.py:161} INFO - Started process (PID=50) to work on /opt/airflow/dags/mls_ingest_dag.py
[2026-04-09T01:44:39.909+0000] {processor.py:830} INFO - Processing file /opt/airflow/dags/mls_ingest_dag.py for tasks to queue
[2026-04-09T01:44:39.911+0000] {logging_mixin.py:188} INFO - [2026-04-09T01:44:39.910+0000] {dagbag.py:545} INFO - Filling up the DagBag from /opt/airflow/dags/mls_ingest_dag.py
[2026-04-09T01:44:39.927+0000] {processor.py:840} INFO - DAG(s) 'mls_ingest_pipeline' retrieved from /opt/airflow/dags/mls_ingest_dag.py
[2026-04-09T01:44:40.111+0000] {logging_mixin.py:188} INFO - [2026-04-09T01:44:40.111+0000] {dag.py:3089} INFO - Sync 1 DAGs
[2026-04-09T01:44:40.126+0000] {logging_mixin.py:188} INFO - [2026-04-09T01:44:40.125+0000] {dag.py:3947} INFO - Setting next_dagrun for mls_ingest_pipeline to 2026-03-29 00:00:00+00:00, run_after=2026-04-05 00:00:00+00:00
[2026-04-09T01:44:40.141+0000] {processor.py:183} INFO - Processing /opt/airflow/dags/mls_ingest_dag.py took 0.237 seconds
[2026-04-09T01:45:10.260+0000] {processor.py:161} INFO - Started process (PID=51) to work on /opt/airflow/dags/mls_ingest_dag.py
[2026-04-09T01:45:10.261+0000] {processor.py:830} INFO - Processing file /opt/airflow/dags/mls_ingest_dag.py for tasks to queue
[2026-04-09T01:45:10.262+0000] {logging_mixin.py:188} INFO - [2026-04-09T01:45:10.262+0000] {dagbag.py:545} INFO - Filling up the DagBag from /opt/airflow/dags/mls_ingest_dag.py
[2026-04-09T01:45:10.278+0000] {processor.py:840} INFO - DAG(s) 'mls_ingest_pipeline' retrieved from /opt/airflow/dags/mls_ingest_dag.py
[2026-04-09T01:45:10.307+0000] {logging_mixin.py:188} INFO - [2026-04-09T01:45:10.307+0000] {dag.py:3089} INFO - Sync 1 DAGs
[2026-04-09T01:45:10.325+0000] {logging_mixin.py:188} INFO - [2026-04-09T01:45:10.325+0000] {dag.py:3947} INFO - Setting next_dagrun for mls_ingest_pipeline to 2026-03-29 00:00:00+00:00, run_after=2026-04-05 00:00:00+00:00
[2026-04-09T01:45:10.340+0000] {processor.py:183} INFO - Processing /opt/airflow/dags/mls_ingest_dag.py took 0.085 seconds
